+ ./bin/run_test_set conf/bigann1b_vec.conf data/bigann/bigann_query.dim.fvecs data/bigann/bigann_query_base_gt100.dim.ivecs 10 10 1 200 200 0 0 0 1
Conf:
batch_size=[128]
build_index_num=[1000000000]
build_index_search_first_center_num=[200]
build_search_first_center_id_diff=[10]
build_search_topk=[5]
cache_capacity=[50000000]
cache_segment=[0]
dim=[128]
dynamic_prune_a=[603.9]
dynamic_prune_b=[-264.9]
dynamic_prune_c=[77.8]
dynamic_prune_switch=[1]
first_cluster_num=[25000]
hierachical_cluster_epoch=[5]
hs_mode=[0]
index_data_file=[./data/bigann/bigann_base.dim.bvecs]
index_dir=[./output/bigann_index1b_bvec2]
index_file_num=[32]
io_thread_num=[0]
is_async_read=[0]
is_disk=[1]
kmeans_centers_select_type=[3]
kmeans_epoch=[10]
kmeans_sample_rete=[0.2]
model_file=[./output/bigann_model1b_bvec2]
read_file_batch_size=[128]
read_index_file_thread_num=[4]
search_block_num=[30000]
search_first_center_num=[200]
search_neighbors=[3000000]
search_second_center_num=[2000]
search_top_cut=[70]
second_cluster_num=[1000]
thread_num=[32]
train_data_file=[./data/bigann/bigann_learn.dim.bvecs]
train_data_num=[100000000]
use_cache=[0]
use_uint8_data=[1]
Eigen version: 3.4.0
Vectorization is enabled.
SSE vectorization is enabled.
AVX vectorization is enabled.
Parallelization is enabled.
OpenMP support is enabled.
Debugging is enabled.
Unrolling limit is set to 110.
Max static align bytes is set to 64.
MKL support is not enabled.
SIMD instruction sets in use: AVX512, FMA, AVX2, AVX, SSE, SSE2, SSE3, SSSE3, SSE4.1, SSE4.2
load_index  begin
0
51885062
103000160
154986000
207921743
262018575
314985640
367460871
421515119
477142152
531471410
584568296
639889766
698097506
754837252
811594115
869526000
927030200
983918064
1044081648
1103884009
1160809466
1224151783
1289218781
1350727468
1414611901
1476616271
1539750557
1606578033
1686738753
1753822127
1833360392
1933620739
NOTICE	m_build_index_loss	38742.2
load_index   TimeCost : 113520us
readDimVecs data/bigann/bigann_query.dim.fvecs begin
d = 128  num = 10000
readDimVecs data/bigann/bigann_query.dim.fvecs  TimeCost : 2837us
querys num = 10000 dim=128
groundtruth numVecs=10000 dim=100
WARMUP BEGIN
WARMUP END
run_test_set  begin
run_test_set  search begin TimeCost : 28us
run_test_set  search end TimeCost : 46724360us
avg_time 4672.43 us
0 1445.34
1 4271.16
2 4334.01
3 4449.53
4 15320.3
5 15327.2
6 14.4814
7 58.5709
8 3851.71
9 4314.96
10 8106.82
11 10410.9
12 10620.8
13 0
14 64355.3
15 256.213
run_test_set   TimeCost : 46725721us
10-recall@10 = 83.789001 tot=100000
+ ./bin/run_test_set conf/bigann1b_vec.conf data/bigann/bigann_query.dim.fvecs data/bigann/bigann_query_base_gt100.dim.ivecs 10 10 1 200 300 0 0 0 1
Conf:
batch_size=[128]
build_index_num=[1000000000]
build_index_search_first_center_num=[200]
build_search_first_center_id_diff=[10]
build_search_topk=[5]
cache_capacity=[50000000]
cache_segment=[0]
dim=[128]
dynamic_prune_a=[603.9]
dynamic_prune_b=[-264.9]
dynamic_prune_c=[77.8]
dynamic_prune_switch=[1]
first_cluster_num=[25000]
hierachical_cluster_epoch=[5]
hs_mode=[0]
index_data_file=[./data/bigann/bigann_base.dim.bvecs]
index_dir=[./output/bigann_index1b_bvec2]
index_file_num=[32]
io_thread_num=[0]
is_async_read=[0]
is_disk=[1]
kmeans_centers_select_type=[3]
kmeans_epoch=[10]
kmeans_sample_rete=[0.2]
model_file=[./output/bigann_model1b_bvec2]
read_file_batch_size=[128]
read_index_file_thread_num=[4]
search_block_num=[30000]
search_first_center_num=[200]
search_neighbors=[3000000]
search_second_center_num=[2000]
search_top_cut=[70]
second_cluster_num=[1000]
thread_num=[32]
train_data_file=[./data/bigann/bigann_learn.dim.bvecs]
train_data_num=[100000000]
use_cache=[0]
use_uint8_data=[1]
Eigen version: 3.4.0
Vectorization is enabled.
SSE vectorization is enabled.
AVX vectorization is enabled.
Parallelization is enabled.
OpenMP support is enabled.
Debugging is enabled.
Unrolling limit is set to 110.
Max static align bytes is set to 64.
MKL support is not enabled.
SIMD instruction sets in use: AVX512, FMA, AVX2, AVX, SSE, SSE2, SSE3, SSSE3, SSE4.1, SSE4.2
load_index  begin
0
51885062
103000160
154986000
207921743
262018575
314985640
367460871
421515119
477142152
531471410
584568296
639889766
698097506
754837252
811594115
869526000
927030200
983918064
1044081648
1103884009
1160809466
1224151783
1289218781
1350727468
1414611901
1476616271
1539750557
1606578033
1686738753
1753822127
1833360392
1933620739
NOTICE	m_build_index_loss	38742.2
load_index   TimeCost : 110947us
readDimVecs data/bigann/bigann_query.dim.fvecs begin
d = 128  num = 10000
readDimVecs data/bigann/bigann_query.dim.fvecs  TimeCost : 2745us
querys num = 10000 dim=128
groundtruth numVecs=10000 dim=100
WARMUP BEGIN
WARMUP END
run_test_set  begin
run_test_set  search begin TimeCost : 19us
run_test_set  search end TimeCost : 56242858us
avg_time 5624.28 us
0 1435.68
1 4252.98
2 4332.73
3 4487.2
4 18395.2
5 18403.4
6 19.9728
7 75.8154
8 4833.38
9 5417.19
10 10325.2
11 13280
12 13549.5
13 0
14 84012.4
15 355.636
run_test_set   TimeCost : 56244170us
10-recall@10 = 87.514999 tot=100000
+ ./bin/run_test_set conf/bigann1b_vec.conf data/bigann/bigann_query.dim.fvecs data/bigann/bigann_query_base_gt100.dim.ivecs 10 10 1 200 500 0 0 0 1
Conf:
batch_size=[128]
build_index_num=[1000000000]
build_index_search_first_center_num=[200]
build_search_first_center_id_diff=[10]
build_search_topk=[5]
cache_capacity=[50000000]
cache_segment=[0]
dim=[128]
dynamic_prune_a=[603.9]
dynamic_prune_b=[-264.9]
dynamic_prune_c=[77.8]
dynamic_prune_switch=[1]
first_cluster_num=[25000]
hierachical_cluster_epoch=[5]
hs_mode=[0]
index_data_file=[./data/bigann/bigann_base.dim.bvecs]
index_dir=[./output/bigann_index1b_bvec2]
index_file_num=[32]
io_thread_num=[0]
is_async_read=[0]
is_disk=[1]
kmeans_centers_select_type=[3]
kmeans_epoch=[10]
kmeans_sample_rete=[0.2]
model_file=[./output/bigann_model1b_bvec2]
read_file_batch_size=[128]
read_index_file_thread_num=[4]
search_block_num=[30000]
search_first_center_num=[200]
search_neighbors=[3000000]
search_second_center_num=[2000]
search_top_cut=[70]
second_cluster_num=[1000]
thread_num=[32]
train_data_file=[./data/bigann/bigann_learn.dim.bvecs]
train_data_num=[100000000]
use_cache=[0]
use_uint8_data=[1]
Eigen version: 3.4.0
Vectorization is enabled.
SSE vectorization is enabled.
AVX vectorization is enabled.
Parallelization is enabled.
OpenMP support is enabled.
Debugging is enabled.
Unrolling limit is set to 110.
Max static align bytes is set to 64.
MKL support is not enabled.
SIMD instruction sets in use: AVX512, FMA, AVX2, AVX, SSE, SSE2, SSE3, SSSE3, SSE4.1, SSE4.2
load_index  begin
0
51885062
103000160
154986000
207921743
262018575
314985640
367460871
421515119
477142152
531471410
584568296
639889766
698097506
754837252
811594115
869526000
927030200
983918064
1044081648
1103884009
1160809466
1224151783
1289218781
1350727468
1414611901
1476616271
1539750557
1606578033
1686738753
1753822127
1833360392
1933620739
NOTICE	m_build_index_loss	38742.2
load_index   TimeCost : 111021us
readDimVecs data/bigann/bigann_query.dim.fvecs begin
d = 128  num = 10000
readDimVecs data/bigann/bigann_query.dim.fvecs  TimeCost : 2780us
querys num = 10000 dim=128
groundtruth numVecs=10000 dim=100
WARMUP BEGIN
WARMUP END
run_test_set  begin
run_test_set  search begin TimeCost : 302us
run_test_set  search end TimeCost : 72814078us
avg_time 7281.38 us
0 1423.92
1 4248.48
2 4347.65
3 4579.9
4 23673.4
5 23681.2
6 27.7236
7 104.881
8 6686.9
9 7459.5
10 14130.8
11 18224.6
12 18565.5
13 0
14 117383
15 527.169
run_test_set   TimeCost : 72815377us
10-recall@10 = 91.324997 tot=100000
+ ./bin/run_test_set conf/bigann1b_vec.conf data/bigann/bigann_query.dim.fvecs data/bigann/bigann_query_base_gt100.dim.ivecs 10 10 1 200 1000 0 0 0 1
Conf:
batch_size=[128]
build_index_num=[1000000000]
build_index_search_first_center_num=[200]
build_search_first_center_id_diff=[10]
build_search_topk=[5]
cache_capacity=[50000000]
cache_segment=[0]
dim=[128]
dynamic_prune_a=[603.9]
dynamic_prune_b=[-264.9]
dynamic_prune_c=[77.8]
dynamic_prune_switch=[1]
first_cluster_num=[25000]
hierachical_cluster_epoch=[5]
hs_mode=[0]
index_data_file=[./data/bigann/bigann_base.dim.bvecs]
index_dir=[./output/bigann_index1b_bvec2]
index_file_num=[32]
io_thread_num=[0]
is_async_read=[0]
is_disk=[1]
kmeans_centers_select_type=[3]
kmeans_epoch=[10]
kmeans_sample_rete=[0.2]
model_file=[./output/bigann_model1b_bvec2]
read_file_batch_size=[128]
read_index_file_thread_num=[4]
search_block_num=[30000]
search_first_center_num=[200]
search_neighbors=[3000000]
search_second_center_num=[2000]
search_top_cut=[70]
second_cluster_num=[1000]
thread_num=[32]
train_data_file=[./data/bigann/bigann_learn.dim.bvecs]
train_data_num=[100000000]
use_cache=[0]
use_uint8_data=[1]
Eigen version: 3.4.0
Vectorization is enabled.
SSE vectorization is enabled.
AVX vectorization is enabled.
Parallelization is enabled.
OpenMP support is enabled.
Debugging is enabled.
Unrolling limit is set to 110.
Max static align bytes is set to 64.
MKL support is not enabled.
SIMD instruction sets in use: AVX512, FMA, AVX2, AVX, SSE, SSE2, SSE3, SSSE3, SSE4.1, SSE4.2
load_index  begin
0
51885062
103000160
154986000
207921743
262018575
314985640
367460871
421515119
477142152
531471410
584568296
639889766
698097506
754837252
811594115
869526000
927030200
983918064
1044081648
1103884009
1160809466
1224151783
1289218781
1350727468
1414611901
1476616271
1539750557
1606578033
1686738753
1753822127
1833360392
1933620739
NOTICE	m_build_index_loss	38742.2
load_index   TimeCost : 110517us
readDimVecs data/bigann/bigann_query.dim.fvecs begin
d = 128  num = 10000
readDimVecs data/bigann/bigann_query.dim.fvecs  TimeCost : 2768us
querys num = 10000 dim=128
groundtruth numVecs=10000 dim=100
WARMUP BEGIN
WARMUP END
run_test_set  begin
run_test_set  search begin TimeCost : 44us
run_test_set  search end TimeCost : 100396779us
avg_time 10039.7 us
0 1425.82
1 4248.02
2 4397.67
3 4807.97
4 33436.2
5 33444.6
6 41.6033
7 161.646
8 10140.3
9 11288.2
10 21159
11 27250.7
12 27771
13 0
14 180932
15 835.237
run_test_set   TimeCost : 100398106us
10-recall@10 = 94.766998 tot=100000
+ ./bin/run_test_set conf/bigann1b_vec.conf data/bigann/bigann_query.dim.fvecs data/bigann/bigann_query_base_gt100.dim.ivecs 10 10 1 200 1500 0 0 0 1
Conf:
batch_size=[128]
build_index_num=[1000000000]
build_index_search_first_center_num=[200]
build_search_first_center_id_diff=[10]
build_search_topk=[5]
cache_capacity=[50000000]
cache_segment=[0]
dim=[128]
dynamic_prune_a=[603.9]
dynamic_prune_b=[-264.9]
dynamic_prune_c=[77.8]
dynamic_prune_switch=[1]
first_cluster_num=[25000]
hierachical_cluster_epoch=[5]
hs_mode=[0]
index_data_file=[./data/bigann/bigann_base.dim.bvecs]
index_dir=[./output/bigann_index1b_bvec2]
index_file_num=[32]
io_thread_num=[0]
is_async_read=[0]
is_disk=[1]
kmeans_centers_select_type=[3]
kmeans_epoch=[10]
kmeans_sample_rete=[0.2]
model_file=[./output/bigann_model1b_bvec2]
read_file_batch_size=[128]
read_index_file_thread_num=[4]
search_block_num=[30000]
search_first_center_num=[200]
search_neighbors=[3000000]
search_second_center_num=[2000]
search_top_cut=[70]
second_cluster_num=[1000]
thread_num=[32]
train_data_file=[./data/bigann/bigann_learn.dim.bvecs]
train_data_num=[100000000]
use_cache=[0]
use_uint8_data=[1]
Eigen version: 3.4.0
Vectorization is enabled.
SSE vectorization is enabled.
AVX vectorization is enabled.
Parallelization is enabled.
OpenMP support is enabled.
Debugging is enabled.
Unrolling limit is set to 110.
Max static align bytes is set to 64.
MKL support is not enabled.
SIMD instruction sets in use: AVX512, FMA, AVX2, AVX, SSE, SSE2, SSE3, SSSE3, SSE4.1, SSE4.2
load_index  begin
0
51885062
103000160
154986000
207921743
262018575
314985640
367460871
421515119
477142152
531471410
584568296
639889766
698097506
754837252
811594115
869526000
927030200
983918064
1044081648
1103884009
1160809466
1224151783
1289218781
1350727468
1414611901
1476616271
1539750557
1606578033
1686738753
1753822127
1833360392
1933620739
NOTICE	m_build_index_loss	38742.2
load_index   TimeCost : 110750us
readDimVecs data/bigann/bigann_query.dim.fvecs begin
d = 128  num = 10000
readDimVecs data/bigann/bigann_query.dim.fvecs  TimeCost : 2759us
querys num = 10000 dim=128
groundtruth numVecs=10000 dim=100
WARMUP BEGIN
WARMUP END
run_test_set  begin
run_test_set  search begin TimeCost : 17us
run_test_set  search end TimeCost : 123730593us
avg_time 12373.1 us
0 1468.67
1 4300.49
2 4506.74
3 5094.08
4 40168
5 40176.8
6 50.0291
7 194.586
8 12189
9 13617.8
10 25984.6
11 33560.4
12 34195.9
13 0
14 227357
15 1006.67
run_test_set   TimeCost : 123731898us
10-recall@10 = 95.994003 tot=100000
+ ./bin/run_test_set conf/bigann1b_vec.conf data/bigann/bigann_query.dim.fvecs data/bigann/bigann_query_base_gt100.dim.ivecs 10 10 1 200 2000 0 0 0 1
Conf:
batch_size=[128]
build_index_num=[1000000000]
build_index_search_first_center_num=[200]
build_search_first_center_id_diff=[10]
build_search_topk=[5]
cache_capacity=[50000000]
cache_segment=[0]
dim=[128]
dynamic_prune_a=[603.9]
dynamic_prune_b=[-264.9]
dynamic_prune_c=[77.8]
dynamic_prune_switch=[1]
first_cluster_num=[25000]
hierachical_cluster_epoch=[5]
hs_mode=[0]
index_data_file=[./data/bigann/bigann_base.dim.bvecs]
index_dir=[./output/bigann_index1b_bvec2]
index_file_num=[32]
io_thread_num=[0]
is_async_read=[0]
is_disk=[1]
kmeans_centers_select_type=[3]
kmeans_epoch=[10]
kmeans_sample_rete=[0.2]
model_file=[./output/bigann_model1b_bvec2]
read_file_batch_size=[128]
read_index_file_thread_num=[4]
search_block_num=[30000]
search_first_center_num=[200]
search_neighbors=[3000000]
search_second_center_num=[2000]
search_top_cut=[70]
second_cluster_num=[1000]
thread_num=[32]
train_data_file=[./data/bigann/bigann_learn.dim.bvecs]
train_data_num=[100000000]
use_cache=[0]
use_uint8_data=[1]
Eigen version: 3.4.0
Vectorization is enabled.
SSE vectorization is enabled.
AVX vectorization is enabled.
Parallelization is enabled.
OpenMP support is enabled.
Debugging is enabled.
Unrolling limit is set to 110.
Max static align bytes is set to 64.
MKL support is not enabled.
SIMD instruction sets in use: AVX512, FMA, AVX2, AVX, SSE, SSE2, SSE3, SSSE3, SSE4.1, SSE4.2
load_index  begin
0
51885062
103000160
154986000
207921743
262018575
314985640
367460871
421515119
477142152
531471410
584568296
639889766
698097506
754837252
811594115
869526000
927030200
983918064
1044081648
1103884009
1160809466
1224151783
1289218781
1350727468
1414611901
1476616271
1539750557
1606578033
1686738753
1753822127
1833360392
1933620739
NOTICE	m_build_index_loss	38742.2
load_index   TimeCost : 111232us
readDimVecs data/bigann/bigann_query.dim.fvecs begin
d = 128  num = 10000
readDimVecs data/bigann/bigann_query.dim.fvecs  TimeCost : 2809us
querys num = 10000 dim=128
groundtruth numVecs=10000 dim=100
WARMUP BEGIN
WARMUP END
run_test_set  begin
run_test_set  search begin TimeCost : 18us
run_test_set  search end TimeCost : 137623282us
avg_time 13762.3 us
0 1487.26
1 4329.38
2 4571.6
3 5328.23
4 44443.1
5 44452.1
6 55.2383
7 212.338
8 13432.7
9 15066.3
10 28725.6
11 37253.4
12 38012.1
13 0
14 262703
15 1078.92
run_test_set   TimeCost : 137624637us
10-recall@10 = 96.527000 tot=100000
+ ./bin/run_test_set conf/bigann1b_vec.conf data/bigann/bigann_query.dim.fvecs data/bigann/bigann_query_base_gt100.dim.ivecs 10 10 1 200 2500 0 0 0 1
Conf:
batch_size=[128]
build_index_num=[1000000000]
build_index_search_first_center_num=[200]
build_search_first_center_id_diff=[10]
build_search_topk=[5]
cache_capacity=[50000000]
cache_segment=[0]
dim=[128]
dynamic_prune_a=[603.9]
dynamic_prune_b=[-264.9]
dynamic_prune_c=[77.8]
dynamic_prune_switch=[1]
first_cluster_num=[25000]
hierachical_cluster_epoch=[5]
hs_mode=[0]
index_data_file=[./data/bigann/bigann_base.dim.bvecs]
index_dir=[./output/bigann_index1b_bvec2]
index_file_num=[32]
io_thread_num=[0]
is_async_read=[0]
is_disk=[1]
kmeans_centers_select_type=[3]
kmeans_epoch=[10]
kmeans_sample_rete=[0.2]
model_file=[./output/bigann_model1b_bvec2]
read_file_batch_size=[128]
read_index_file_thread_num=[4]
search_block_num=[30000]
search_first_center_num=[200]
search_neighbors=[3000000]
search_second_center_num=[2000]
search_top_cut=[70]
second_cluster_num=[1000]
thread_num=[32]
train_data_file=[./data/bigann/bigann_learn.dim.bvecs]
train_data_num=[100000000]
use_cache=[0]
use_uint8_data=[1]
Eigen version: 3.4.0
Vectorization is enabled.
SSE vectorization is enabled.
AVX vectorization is enabled.
Parallelization is enabled.
OpenMP support is enabled.
Debugging is enabled.
Unrolling limit is set to 110.
Max static align bytes is set to 64.
MKL support is not enabled.
SIMD instruction sets in use: AVX512, FMA, AVX2, AVX, SSE, SSE2, SSE3, SSSE3, SSE4.1, SSE4.2
load_index  begin
0
51885062
103000160
154986000
207921743
262018575
314985640
367460871
421515119
477142152
531471410
584568296
639889766
698097506
754837252
811594115
869526000
927030200
983918064
1044081648
1103884009
1160809466
1224151783
1289218781
1350727468
1414611901
1476616271
1539750557
1606578033
1686738753
1753822127
1833360392
1933620739
NOTICE	m_build_index_loss	38742.2
load_index   TimeCost : 110582us
readDimVecs data/bigann/bigann_query.dim.fvecs begin
d = 128  num = 10000
readDimVecs data/bigann/bigann_query.dim.fvecs  TimeCost : 2753us
querys num = 10000 dim=128
groundtruth numVecs=10000 dim=100
WARMUP BEGIN
WARMUP END
run_test_set  begin
run_test_set  search begin TimeCost : 77us
run_test_set  search end TimeCost : 153781550us
avg_time 15378.1 us
0 1540.6
1 4433.08
2 4741.26
3 5679.39
4 48838.8
5 48847.9
6 58.7399
7 223.755
8 14511.8
9 16340.7
10 31826.7
11 41252.3
12 42064.6
13 0
14 292332
15 1103.58
run_test_set   TimeCost : 153782798us
10-recall@10 = 96.790001 tot=100000
+ ./bin/run_test_set conf/bigann1b_vec.conf data/bigann/bigann_query.dim.fvecs data/bigann/bigann_query_base_gt100.dim.ivecs 10 10 1 200 3000 0 0 0 1
Conf:
batch_size=[128]
build_index_num=[1000000000]
build_index_search_first_center_num=[200]
build_search_first_center_id_diff=[10]
build_search_topk=[5]
cache_capacity=[50000000]
cache_segment=[0]
dim=[128]
dynamic_prune_a=[603.9]
dynamic_prune_b=[-264.9]
dynamic_prune_c=[77.8]
dynamic_prune_switch=[1]
first_cluster_num=[25000]
hierachical_cluster_epoch=[5]
hs_mode=[0]
index_data_file=[./data/bigann/bigann_base.dim.bvecs]
index_dir=[./output/bigann_index1b_bvec2]
index_file_num=[32]
io_thread_num=[0]
is_async_read=[0]
is_disk=[1]
kmeans_centers_select_type=[3]
kmeans_epoch=[10]
kmeans_sample_rete=[0.2]
model_file=[./output/bigann_model1b_bvec2]
read_file_batch_size=[128]
read_index_file_thread_num=[4]
search_block_num=[30000]
search_first_center_num=[200]
search_neighbors=[3000000]
search_second_center_num=[2000]
search_top_cut=[70]
second_cluster_num=[1000]
thread_num=[32]
train_data_file=[./data/bigann/bigann_learn.dim.bvecs]
train_data_num=[100000000]
use_cache=[0]
use_uint8_data=[1]
Eigen version: 3.4.0
Vectorization is enabled.
SSE vectorization is enabled.
AVX vectorization is enabled.
Parallelization is enabled.
OpenMP support is enabled.
Debugging is enabled.
Unrolling limit is set to 110.
Max static align bytes is set to 64.
MKL support is not enabled.
SIMD instruction sets in use: AVX512, FMA, AVX2, AVX, SSE, SSE2, SSE3, SSSE3, SSE4.1, SSE4.2
load_index  begin
0
51885062
103000160
154986000
207921743
262018575
314985640
367460871
421515119
477142152
531471410
584568296
639889766
698097506
754837252
811594115
869526000
927030200
983918064
1044081648
1103884009
1160809466
1224151783
1289218781
1350727468
1414611901
1476616271
1539750557
1606578033
1686738753
1753822127
1833360392
1933620739
NOTICE	m_build_index_loss	38742.2
load_index   TimeCost : 110660us
readDimVecs data/bigann/bigann_query.dim.fvecs begin
d = 128  num = 10000
readDimVecs data/bigann/bigann_query.dim.fvecs  TimeCost : 2765us
querys num = 10000 dim=128
groundtruth numVecs=10000 dim=100
WARMUP BEGIN
WARMUP END
run_test_set  begin
run_test_set  search begin TimeCost : 20us
run_test_set  search end TimeCost : 178617215us
avg_time 17861.7 us
0 1584.89
1 4477.06
2 4822.63
3 5917.1
4 57624.6
5 57630.2
6 65.5343
7 258.377
8 17745.2
9 19919.1
10 38342.7
11 49633
12 50593.5
13 0
14 352591
15 1317.09
run_test_set   TimeCost : 178618598us
10-recall@10 = 97.431000 tot=100000
+ ./bin/run_test_set conf/bigann1b_vec.conf data/bigann/bigann_query.dim.fvecs data/bigann/bigann_query_base_gt100.dim.ivecs 10 10 1 200 3500 0 0 0 1
Conf:
batch_size=[128]
build_index_num=[1000000000]
build_index_search_first_center_num=[200]
build_search_first_center_id_diff=[10]
build_search_topk=[5]
cache_capacity=[50000000]
cache_segment=[0]
dim=[128]
dynamic_prune_a=[603.9]
dynamic_prune_b=[-264.9]
dynamic_prune_c=[77.8]
dynamic_prune_switch=[1]
first_cluster_num=[25000]
hierachical_cluster_epoch=[5]
hs_mode=[0]
index_data_file=[./data/bigann/bigann_base.dim.bvecs]
index_dir=[./output/bigann_index1b_bvec2]
index_file_num=[32]
io_thread_num=[0]
is_async_read=[0]
is_disk=[1]
kmeans_centers_select_type=[3]
kmeans_epoch=[10]
kmeans_sample_rete=[0.2]
model_file=[./output/bigann_model1b_bvec2]
read_file_batch_size=[128]
read_index_file_thread_num=[4]
search_block_num=[30000]
search_first_center_num=[200]
search_neighbors=[3000000]
search_second_center_num=[2000]
search_top_cut=[70]
second_cluster_num=[1000]
thread_num=[32]
train_data_file=[./data/bigann/bigann_learn.dim.bvecs]
train_data_num=[100000000]
use_cache=[0]
use_uint8_data=[1]
Eigen version: 3.4.0
Vectorization is enabled.
SSE vectorization is enabled.
AVX vectorization is enabled.
Parallelization is enabled.
OpenMP support is enabled.
Debugging is enabled.
Unrolling limit is set to 110.
Max static align bytes is set to 64.
MKL support is not enabled.
SIMD instruction sets in use: AVX512, FMA, AVX2, AVX, SSE, SSE2, SSE3, SSSE3, SSE4.1, SSE4.2
load_index  begin
0
51885062
103000160
154986000
207921743
262018575
314985640
367460871
421515119
477142152
531471410
584568296
639889766
698097506
754837252
811594115
869526000
927030200
983918064
1044081648
1103884009
1160809466
1224151783
1289218781
1350727468
1414611901
1476616271
1539750557
1606578033
1686738753
1753822127
1833360392
1933620739
NOTICE	m_build_index_loss	38742.2
load_index   TimeCost : 110773us
readDimVecs data/bigann/bigann_query.dim.fvecs begin
d = 128  num = 10000
readDimVecs data/bigann/bigann_query.dim.fvecs  TimeCost : 2767us
querys num = 10000 dim=128
groundtruth numVecs=10000 dim=100
WARMUP BEGIN
WARMUP END
run_test_set  begin
run_test_set  search begin TimeCost : 19us
run_test_set  search end TimeCost : 206877397us
avg_time 20687.7 us
0 1631.58
1 4524.43
2 4907.2
3 6164.17
4 67076.3
5 67085.4
6 76.2528
7 301.983
8 21564.9
9 24101.6
10 45441.8
11 58546.2
12 59704.6
13 0
14 413661
15 1530.52
run_test_set   TimeCost : 206878781us
10-recall@10 = 97.900002 tot=100000
+ ./bin/run_test_set conf/bigann1b_vec.conf data/bigann/bigann_query.dim.fvecs data/bigann/bigann_query_base_gt100.dim.ivecs 10 10 1 200 4500 0 0 0 1
Conf:
batch_size=[128]
build_index_num=[1000000000]
build_index_search_first_center_num=[200]
build_search_first_center_id_diff=[10]
build_search_topk=[5]
cache_capacity=[50000000]
cache_segment=[0]
dim=[128]
dynamic_prune_a=[603.9]
dynamic_prune_b=[-264.9]
dynamic_prune_c=[77.8]
dynamic_prune_switch=[1]
first_cluster_num=[25000]
hierachical_cluster_epoch=[5]
hs_mode=[0]
index_data_file=[./data/bigann/bigann_base.dim.bvecs]
index_dir=[./output/bigann_index1b_bvec2]
index_file_num=[32]
io_thread_num=[0]
is_async_read=[0]
is_disk=[1]
kmeans_centers_select_type=[3]
kmeans_epoch=[10]
kmeans_sample_rete=[0.2]
model_file=[./output/bigann_model1b_bvec2]
read_file_batch_size=[128]
read_index_file_thread_num=[4]
search_block_num=[30000]
search_first_center_num=[200]
search_neighbors=[3000000]
search_second_center_num=[2000]
search_top_cut=[70]
second_cluster_num=[1000]
thread_num=[32]
train_data_file=[./data/bigann/bigann_learn.dim.bvecs]
train_data_num=[100000000]
use_cache=[0]
use_uint8_data=[1]
Eigen version: 3.4.0
Vectorization is enabled.
SSE vectorization is enabled.
AVX vectorization is enabled.
Parallelization is enabled.
OpenMP support is enabled.
Debugging is enabled.
Unrolling limit is set to 110.
Max static align bytes is set to 64.
MKL support is not enabled.
SIMD instruction sets in use: AVX512, FMA, AVX2, AVX, SSE, SSE2, SSE3, SSSE3, SSE4.1, SSE4.2
load_index  begin
0
51885062
103000160
154986000
207921743
262018575
314985640
367460871
421515119
477142152
531471410
584568296
639889766
698097506
754837252
811594115
869526000
927030200
983918064
1044081648
1103884009
1160809466
1224151783
1289218781
1350727468
1414611901
1476616271
1539750557
1606578033
1686738753
1753822127
1833360392
1933620739
NOTICE	m_build_index_loss	38742.2
load_index   TimeCost : 110918us
readDimVecs data/bigann/bigann_query.dim.fvecs begin
d = 128  num = 10000
readDimVecs data/bigann/bigann_query.dim.fvecs  TimeCost : 2801us
querys num = 10000 dim=128
groundtruth numVecs=10000 dim=100
WARMUP BEGIN
WARMUP END
run_test_set  begin
run_test_set  search begin TimeCost : 27us
run_test_set  search end TimeCost : 268826084us
avg_time 26882.6 us
0 1629.9
1 4441.83
2 4946.47
3 6400.24
4 99889.9
5 99899.7
6 90.7168
7 358.911
8 47379.3
9 50401.8
10 75559.7
11 90767.6
12 92095
13 0
14 536523
15 1955.12
run_test_set   TimeCost : 268827435us
10-recall@10 = 98.477997 tot=100000
+ ./bin/run_test_set conf/bigann1b_vec.conf data/bigann/bigann_query.dim.fvecs data/bigann/bigann_query_base_gt100.dim.ivecs 10 10 1 200 5000 0 0 0 1
Conf:
batch_size=[128]
build_index_num=[1000000000]
build_index_search_first_center_num=[200]
build_search_first_center_id_diff=[10]
build_search_topk=[5]
cache_capacity=[50000000]
cache_segment=[0]
dim=[128]
dynamic_prune_a=[603.9]
dynamic_prune_b=[-264.9]
dynamic_prune_c=[77.8]
dynamic_prune_switch=[1]
first_cluster_num=[25000]
hierachical_cluster_epoch=[5]
hs_mode=[0]
index_data_file=[./data/bigann/bigann_base.dim.bvecs]
index_dir=[./output/bigann_index1b_bvec2]
index_file_num=[32]
io_thread_num=[0]
is_async_read=[0]
is_disk=[1]
kmeans_centers_select_type=[3]
kmeans_epoch=[10]
kmeans_sample_rete=[0.2]
model_file=[./output/bigann_model1b_bvec2]
read_file_batch_size=[128]
read_index_file_thread_num=[4]
search_block_num=[30000]
search_first_center_num=[200]
search_neighbors=[3000000]
search_second_center_num=[2000]
search_top_cut=[70]
second_cluster_num=[1000]
thread_num=[32]
train_data_file=[./data/bigann/bigann_learn.dim.bvecs]
train_data_num=[100000000]
use_cache=[0]
use_uint8_data=[1]
Eigen version: 3.4.0
Vectorization is enabled.
SSE vectorization is enabled.
AVX vectorization is enabled.
Parallelization is enabled.
OpenMP support is enabled.
Debugging is enabled.
Unrolling limit is set to 110.
Max static align bytes is set to 64.
MKL support is not enabled.
SIMD instruction sets in use: AVX512, FMA, AVX2, AVX, SSE, SSE2, SSE3, SSSE3, SSE4.1, SSE4.2
load_index  begin
0
51885062
103000160
154986000
207921743
262018575
314985640
367460871
421515119
477142152
531471410
584568296
639889766
698097506
754837252
811594115
869526000
927030200
983918064
1044081648
1103884009
1160809466
1224151783
1289218781
1350727468
1414611901
1476616271
1539750557
1606578033
1686738753
1753822127
1833360392
1933620739
NOTICE	m_build_index_loss	38742.2
load_index   TimeCost : 110968us
readDimVecs data/bigann/bigann_query.dim.fvecs begin
d = 128  num = 10000
readDimVecs data/bigann/bigann_query.dim.fvecs  TimeCost : 2776us
querys num = 10000 dim=128
groundtruth numVecs=10000 dim=100
WARMUP BEGIN
WARMUP END
run_test_set  begin
run_test_set  search begin TimeCost : 143us
run_test_set  search end TimeCost : 296717848us
avg_time 29671.8 us
0 1774.16
1 4698.83
2 5290.06
3 7028.21
4 97071.4
5 97081.2
6 107.576
7 419.99
8 34135.2
9 37744
10 68093.1
11 86708.2
12 88364
13 0
14 598574
15 2166.58
run_test_set   TimeCost : 296719103us
10-recall@10 = 98.681000 tot=100000
+ ./bin/run_test_set conf/bigann1b_vec.conf data/bigann/bigann_query.dim.fvecs data/bigann/bigann_query_base_gt100.dim.ivecs 10 10 1 200 5500 0 0 0 1
Conf:
batch_size=[128]
build_index_num=[1000000000]
build_index_search_first_center_num=[200]
build_search_first_center_id_diff=[10]
build_search_topk=[5]
cache_capacity=[50000000]
cache_segment=[0]
dim=[128]
dynamic_prune_a=[603.9]
dynamic_prune_b=[-264.9]
dynamic_prune_c=[77.8]
dynamic_prune_switch=[1]
first_cluster_num=[25000]
hierachical_cluster_epoch=[5]
hs_mode=[0]
index_data_file=[./data/bigann/bigann_base.dim.bvecs]
index_dir=[./output/bigann_index1b_bvec2]
index_file_num=[32]
io_thread_num=[0]
is_async_read=[0]
is_disk=[1]
kmeans_centers_select_type=[3]
kmeans_epoch=[10]
kmeans_sample_rete=[0.2]
model_file=[./output/bigann_model1b_bvec2]
read_file_batch_size=[128]
read_index_file_thread_num=[4]
search_block_num=[30000]
search_first_center_num=[200]
search_neighbors=[3000000]
search_second_center_num=[2000]
search_top_cut=[70]
second_cluster_num=[1000]
thread_num=[32]
train_data_file=[./data/bigann/bigann_learn.dim.bvecs]
train_data_num=[100000000]
use_cache=[0]
use_uint8_data=[1]
Eigen version: 3.4.0
Vectorization is enabled.
SSE vectorization is enabled.
AVX vectorization is enabled.
Parallelization is enabled.
OpenMP support is enabled.
Debugging is enabled.
Unrolling limit is set to 110.
Max static align bytes is set to 64.
MKL support is not enabled.
SIMD instruction sets in use: AVX512, FMA, AVX2, AVX, SSE, SSE2, SSE3, SSSE3, SSE4.1, SSE4.2
load_index  begin
0
51885062
103000160
154986000
207921743
262018575
314985640
367460871
421515119
477142152
531471410
584568296
639889766
698097506
754837252
811594115
869526000
927030200
983918064
1044081648
1103884009
1160809466
1224151783
1289218781
1350727468
1414611901
1476616271
1539750557
1606578033
1686738753
1753822127
1833360392
1933620739
NOTICE	m_build_index_loss	38742.2
load_index   TimeCost : 110729us
readDimVecs data/bigann/bigann_query.dim.fvecs begin
d = 128  num = 10000
readDimVecs data/bigann/bigann_query.dim.fvecs  TimeCost : 2770us
querys num = 10000 dim=128
groundtruth numVecs=10000 dim=100
WARMUP BEGIN
WARMUP END
run_test_set  begin
run_test_set  search begin TimeCost : 26us
run_test_set  search end TimeCost : 323638474us
avg_time 32363.8 us
0 1805.4
1 4753.89
2 5376.2
3 7279.54
4 107041
5 107051
6 121.611
7 469.456
8 38268.4
9 42238.7
10 75423.3
11 95842.5
12 97733.3
13 0
14 660966
15 2377.57
run_test_set   TimeCost : 323639771us
10-recall@10 = 98.851997 tot=100000
+ ./bin/run_test_set conf/bigann1b_vec.conf data/bigann/bigann_query.dim.fvecs data/bigann/bigann_query_base_gt100.dim.ivecs 10 10 1 200 6000 0 0 0 1
Conf:
batch_size=[128]
build_index_num=[1000000000]
build_index_search_first_center_num=[200]
build_search_first_center_id_diff=[10]
build_search_topk=[5]
cache_capacity=[50000000]
cache_segment=[0]
dim=[128]
dynamic_prune_a=[603.9]
dynamic_prune_b=[-264.9]
dynamic_prune_c=[77.8]
dynamic_prune_switch=[1]
first_cluster_num=[25000]
hierachical_cluster_epoch=[5]
hs_mode=[0]
index_data_file=[./data/bigann/bigann_base.dim.bvecs]
index_dir=[./output/bigann_index1b_bvec2]
index_file_num=[32]
io_thread_num=[0]
is_async_read=[0]
is_disk=[1]
kmeans_centers_select_type=[3]
kmeans_epoch=[10]
kmeans_sample_rete=[0.2]
model_file=[./output/bigann_model1b_bvec2]
read_file_batch_size=[128]
read_index_file_thread_num=[4]
search_block_num=[30000]
search_first_center_num=[200]
search_neighbors=[3000000]
search_second_center_num=[2000]
search_top_cut=[70]
second_cluster_num=[1000]
thread_num=[32]
train_data_file=[./data/bigann/bigann_learn.dim.bvecs]
train_data_num=[100000000]
use_cache=[0]
use_uint8_data=[1]
Eigen version: 3.4.0
Vectorization is enabled.
SSE vectorization is enabled.
AVX vectorization is enabled.
Parallelization is enabled.
OpenMP support is enabled.
Debugging is enabled.
Unrolling limit is set to 110.
Max static align bytes is set to 64.
MKL support is not enabled.
SIMD instruction sets in use: AVX512, FMA, AVX2, AVX, SSE, SSE2, SSE3, SSSE3, SSE4.1, SSE4.2
load_index  begin
0
51885062
103000160
154986000
207921743
262018575
314985640
367460871
421515119
477142152
531471410
584568296
639889766
698097506
754837252
811594115
869526000
927030200
983918064
1044081648
1103884009
1160809466
1224151783
1289218781
1350727468
1414611901
1476616271
1539750557
1606578033
1686738753
1753822127
1833360392
1933620739
NOTICE	m_build_index_loss	38742.2
load_index   TimeCost : 112803us
readDimVecs data/bigann/bigann_query.dim.fvecs begin
d = 128  num = 10000
readDimVecs data/bigann/bigann_query.dim.fvecs  TimeCost : 2763us
querys num = 10000 dim=128
groundtruth numVecs=10000 dim=100
WARMUP BEGIN
WARMUP END
run_test_set  begin
run_test_set  search begin TimeCost : 24us
run_test_set  search end TimeCost : 359374740us
avg_time 35937.5 us
0 1926.93
1 4910.8
2 5572.55
3 7667.17
4 116238
5 116247
6 132.463
7 515.319
8 40437.7
9 44847.9
10 81647.8
11 104221
12 106291
13 0
14 723605
15 2587.9
run_test_set   TimeCost : 359376117us
10-recall@10 = 98.995003 tot=100000
