+ ./bin/run_test_set conf/bigann1b_vec.conf data/bigann/bigann_query.dim.fvecs data/bigann/bigann_query_base_gt100.dim.ivecs 1 1 1 200 200 0 0 0 1
Conf:
batch_size=[128]
build_index_num=[1000000000]
build_index_search_first_center_num=[200]
build_search_first_center_id_diff=[10]
build_search_topk=[5]
cache_capacity=[50000000]
cache_segment=[0]
dim=[128]
dynamic_prune_a=[603.9]
dynamic_prune_b=[-264.9]
dynamic_prune_c=[77.8]
dynamic_prune_switch=[1]
first_cluster_num=[25000]
hierachical_cluster_epoch=[5]
hs_mode=[0]
index_data_file=[./data/bigann/bigann_base.dim.bvecs]
index_dir=[./output/bigann_index1b_bvec2]
index_file_num=[32]
io_thread_num=[0]
is_async_read=[0]
is_disk=[1]
kmeans_centers_select_type=[3]
kmeans_epoch=[10]
kmeans_sample_rete=[0.2]
model_file=[./output/bigann_model1b_bvec2]
read_file_batch_size=[128]
read_index_file_thread_num=[4]
search_block_num=[3000]
search_first_center_num=[200]
search_neighbors=[300000]
search_second_center_num=[2000]
search_top_cut=[7]
second_cluster_num=[1000]
thread_num=[32]
train_data_file=[./data/bigann/bigann_learn.dim.bvecs]
train_data_num=[100000000]
use_cache=[0]
use_uint8_data=[1]
Eigen version: 3.4.0
Vectorization is enabled.
SSE vectorization is enabled.
AVX vectorization is enabled.
Parallelization is enabled.
OpenMP support is enabled.
Debugging is enabled.
Unrolling limit is set to 110.
Max static align bytes is set to 64.
MKL support is not enabled.
SIMD instruction sets in use: AVX512, FMA, AVX2, AVX, SSE, SSE2, SSE3, SSSE3, SSE4.1, SSE4.2
load_index  begin
0
51885062
103000160
154986000
207921743
262018575
314985640
367460871
421515119
477142152
531471410
584568296
639889766
698097506
754837252
811594115
869526000
927030200
983918064
1044081648
1103884009
1160809466
1224151783
1289218781
1350727468
1414611901
1476616271
1539750557
1606578033
1686738753
1753822127
1833360392
1933620739
NOTICE	m_build_index_loss	38742.2
load_index   TimeCost : 116210us
readDimVecs data/bigann/bigann_query.dim.fvecs begin
d = 128  num = 10000
readDimVecs data/bigann/bigann_query.dim.fvecs  TimeCost : 2844us
querys num = 10000 dim=128
groundtruth numVecs=10000 dim=100
run_test_set  begin
run_test_set  search begin TimeCost : 59us
run_test_set  search end TimeCost : 44040477us
avg_time 4404.04 us
0 1460.79
1 4283.71
2 4350.13
3 4465.96
4 14192.2
5 14191.7
6 12.7167
7 55.2915
8 3227.36
9 3650.33
10 7245.47
11 9382.04
12 9519.89
13 0
14 59974.4
15 247.033
run_test_set   TimeCost : 44041061us
1-recall@1 = 88.589996 tot=10000
+ ./bin/run_test_set conf/bigann1b_vec.conf data/bigann/bigann_query.dim.fvecs data/bigann/bigann_query_base_gt100.dim.ivecs 1 1 1 200 300 0 0 0 1
Conf:
batch_size=[128]
build_index_num=[1000000000]
build_index_search_first_center_num=[200]
build_search_first_center_id_diff=[10]
build_search_topk=[5]
cache_capacity=[50000000]
cache_segment=[0]
dim=[128]
dynamic_prune_a=[603.9]
dynamic_prune_b=[-264.9]
dynamic_prune_c=[77.8]
dynamic_prune_switch=[1]
first_cluster_num=[25000]
hierachical_cluster_epoch=[5]
hs_mode=[0]
index_data_file=[./data/bigann/bigann_base.dim.bvecs]
index_dir=[./output/bigann_index1b_bvec2]
index_file_num=[32]
io_thread_num=[0]
is_async_read=[0]
is_disk=[1]
kmeans_centers_select_type=[3]
kmeans_epoch=[10]
kmeans_sample_rete=[0.2]
model_file=[./output/bigann_model1b_bvec2]
read_file_batch_size=[128]
read_index_file_thread_num=[4]
search_block_num=[3000]
search_first_center_num=[200]
search_neighbors=[300000]
search_second_center_num=[2000]
search_top_cut=[7]
second_cluster_num=[1000]
thread_num=[32]
train_data_file=[./data/bigann/bigann_learn.dim.bvecs]
train_data_num=[100000000]
use_cache=[0]
use_uint8_data=[1]
Eigen version: 3.4.0
Vectorization is enabled.
SSE vectorization is enabled.
AVX vectorization is enabled.
Parallelization is enabled.
OpenMP support is enabled.
Debugging is enabled.
Unrolling limit is set to 110.
Max static align bytes is set to 64.
MKL support is not enabled.
SIMD instruction sets in use: AVX512, FMA, AVX2, AVX, SSE, SSE2, SSE3, SSSE3, SSE4.1, SSE4.2
load_index  begin
0
51885062
103000160
154986000
207921743
262018575
314985640
367460871
421515119
477142152
531471410
584568296
639889766
698097506
754837252
811594115
869526000
927030200
983918064
1044081648
1103884009
1160809466
1224151783
1289218781
1350727468
1414611901
1476616271
1539750557
1606578033
1686738753
1753822127
1833360392
1933620739
NOTICE	m_build_index_loss	38742.2
load_index   TimeCost : 114896us
readDimVecs data/bigann/bigann_query.dim.fvecs begin
d = 128  num = 10000
readDimVecs data/bigann/bigann_query.dim.fvecs  TimeCost : 2845us
querys num = 10000 dim=128
groundtruth numVecs=10000 dim=100
run_test_set  begin
run_test_set  search begin TimeCost : 64us
run_test_set  search end TimeCost : 50764757us
avg_time 5076.47 us
0 1433.96
1 4248.42
2 4327.51
3 4482.8
4 16578.3
5 16580.4
6 17.2921
7 69.7383
8 4015.04
9 4540.26
10 8978.23
11 11688.5
12 11834.8
13 0
14 76982.5
15 335.707
run_test_set   TimeCost : 50765356us
1-recall@1 = 91.599998 tot=10000
+ ./bin/run_test_set conf/bigann1b_vec.conf data/bigann/bigann_query.dim.fvecs data/bigann/bigann_query_base_gt100.dim.ivecs 1 1 1 200 500 0 0 0 1
Conf:
batch_size=[128]
build_index_num=[1000000000]
build_index_search_first_center_num=[200]
build_search_first_center_id_diff=[10]
build_search_topk=[5]
cache_capacity=[50000000]
cache_segment=[0]
dim=[128]
dynamic_prune_a=[603.9]
dynamic_prune_b=[-264.9]
dynamic_prune_c=[77.8]
dynamic_prune_switch=[1]
first_cluster_num=[25000]
hierachical_cluster_epoch=[5]
hs_mode=[0]
index_data_file=[./data/bigann/bigann_base.dim.bvecs]
index_dir=[./output/bigann_index1b_bvec2]
index_file_num=[32]
io_thread_num=[0]
is_async_read=[0]
is_disk=[1]
kmeans_centers_select_type=[3]
kmeans_epoch=[10]
kmeans_sample_rete=[0.2]
model_file=[./output/bigann_model1b_bvec2]
read_file_batch_size=[128]
read_index_file_thread_num=[4]
search_block_num=[3000]
search_first_center_num=[200]
search_neighbors=[300000]
search_second_center_num=[2000]
search_top_cut=[7]
second_cluster_num=[1000]
thread_num=[32]
train_data_file=[./data/bigann/bigann_learn.dim.bvecs]
train_data_num=[100000000]
use_cache=[0]
use_uint8_data=[1]
Eigen version: 3.4.0
Vectorization is enabled.
SSE vectorization is enabled.
AVX vectorization is enabled.
Parallelization is enabled.
OpenMP support is enabled.
Debugging is enabled.
Unrolling limit is set to 110.
Max static align bytes is set to 64.
MKL support is not enabled.
SIMD instruction sets in use: AVX512, FMA, AVX2, AVX, SSE, SSE2, SSE3, SSSE3, SSE4.1, SSE4.2
load_index  begin
0
51885062
103000160
154986000
207921743
262018575
314985640
367460871
421515119
477142152
531471410
584568296
639889766
698097506
754837252
811594115
869526000
927030200
983918064
1044081648
1103884009
1160809466
1224151783
1289218781
1350727468
1414611901
1476616271
1539750557
1606578033
1686738753
1753822127
1833360392
1933620739
NOTICE	m_build_index_loss	38742.2
load_index   TimeCost : 115270us
readDimVecs data/bigann/bigann_query.dim.fvecs begin
d = 128  num = 10000
readDimVecs data/bigann/bigann_query.dim.fvecs  TimeCost : 2804us
querys num = 10000 dim=128
groundtruth numVecs=10000 dim=100
run_test_set  begin
run_test_set  search begin TimeCost : 63us
run_test_set  search end TimeCost : 62602753us
avg_time 6260.27 us
0 1401.95
1 4203.97
2 4299.93
3 4531.41
4 20622
5 20622.8
6 24.1042
7 93.0918
8 5296.21
9 5981.53
10 11805.8
11 15392.3
12 15622.6
13 0
14 104621
15 477.499
run_test_set   TimeCost : 62603356us
1-recall@1 = 94.269997 tot=10000
+ ./bin/run_test_set conf/bigann1b_vec.conf data/bigann/bigann_query.dim.fvecs data/bigann/bigann_query_base_gt100.dim.ivecs 1 1 1 200 1000 0 0 0 1
Conf:
batch_size=[128]
build_index_num=[1000000000]
build_index_search_first_center_num=[200]
build_search_first_center_id_diff=[10]
build_search_topk=[5]
cache_capacity=[50000000]
cache_segment=[0]
dim=[128]
dynamic_prune_a=[603.9]
dynamic_prune_b=[-264.9]
dynamic_prune_c=[77.8]
dynamic_prune_switch=[1]
first_cluster_num=[25000]
hierachical_cluster_epoch=[5]
hs_mode=[0]
index_data_file=[./data/bigann/bigann_base.dim.bvecs]
index_dir=[./output/bigann_index1b_bvec2]
index_file_num=[32]
io_thread_num=[0]
is_async_read=[0]
is_disk=[1]
kmeans_centers_select_type=[3]
kmeans_epoch=[10]
kmeans_sample_rete=[0.2]
model_file=[./output/bigann_model1b_bvec2]
read_file_batch_size=[128]
read_index_file_thread_num=[4]
search_block_num=[3000]
search_first_center_num=[200]
search_neighbors=[300000]
search_second_center_num=[2000]
search_top_cut=[7]
second_cluster_num=[1000]
thread_num=[32]
train_data_file=[./data/bigann/bigann_learn.dim.bvecs]
train_data_num=[100000000]
use_cache=[0]
use_uint8_data=[1]
Eigen version: 3.4.0
Vectorization is enabled.
SSE vectorization is enabled.
AVX vectorization is enabled.
Parallelization is enabled.
OpenMP support is enabled.
Debugging is enabled.
Unrolling limit is set to 110.
Max static align bytes is set to 64.
MKL support is not enabled.
SIMD instruction sets in use: AVX512, FMA, AVX2, AVX, SSE, SSE2, SSE3, SSSE3, SSE4.1, SSE4.2
load_index  begin
0
51885062
103000160
154986000
207921743
262018575
314985640
367460871
421515119
477142152
531471410
584568296
639889766
698097506
754837252
811594115
869526000
927030200
983918064
1044081648
1103884009
1160809466
1224151783
1289218781
1350727468
1414611901
1476616271
1539750557
1606578033
1686738753
1753822127
1833360392
1933620739
NOTICE	m_build_index_loss	38742.2
load_index   TimeCost : 116375us
readDimVecs data/bigann/bigann_query.dim.fvecs begin
d = 128  num = 10000
readDimVecs data/bigann/bigann_query.dim.fvecs  TimeCost : 2867us
querys num = 10000 dim=128
groundtruth numVecs=10000 dim=100
run_test_set  begin
run_test_set  search begin TimeCost : 64us
run_test_set  search end TimeCost : 83163163us
avg_time 8316.31 us
0 1425.85
1 4244.51
2 4391.22
3 4803.61
4 27474.3
5 27475.1
6 32.124
7 131.299
8 7453.94
9 8424.5
10 16651.2
11 21742.3
12 22053.7
13 0
14 153249
15 683.402
run_test_set   TimeCost : 83163729us
1-recall@1 = 96.379997 tot=10000
+ ./bin/run_test_set conf/bigann1b_vec.conf data/bigann/bigann_query.dim.fvecs data/bigann/bigann_query_base_gt100.dim.ivecs 1 1 1 200 1500 0 0 0 1
Conf:
batch_size=[128]
build_index_num=[1000000000]
build_index_search_first_center_num=[200]
build_search_first_center_id_diff=[10]
build_search_topk=[5]
cache_capacity=[50000000]
cache_segment=[0]
dim=[128]
dynamic_prune_a=[603.9]
dynamic_prune_b=[-264.9]
dynamic_prune_c=[77.8]
dynamic_prune_switch=[1]
first_cluster_num=[25000]
hierachical_cluster_epoch=[5]
hs_mode=[0]
index_data_file=[./data/bigann/bigann_base.dim.bvecs]
index_dir=[./output/bigann_index1b_bvec2]
index_file_num=[32]
io_thread_num=[0]
is_async_read=[0]
is_disk=[1]
kmeans_centers_select_type=[3]
kmeans_epoch=[10]
kmeans_sample_rete=[0.2]
model_file=[./output/bigann_model1b_bvec2]
read_file_batch_size=[128]
read_index_file_thread_num=[4]
search_block_num=[3000]
search_first_center_num=[200]
search_neighbors=[300000]
search_second_center_num=[2000]
search_top_cut=[7]
second_cluster_num=[1000]
thread_num=[32]
train_data_file=[./data/bigann/bigann_learn.dim.bvecs]
train_data_num=[100000000]
use_cache=[0]
use_uint8_data=[1]
Eigen version: 3.4.0
Vectorization is enabled.
SSE vectorization is enabled.
AVX vectorization is enabled.
Parallelization is enabled.
OpenMP support is enabled.
Debugging is enabled.
Unrolling limit is set to 110.
Max static align bytes is set to 64.
MKL support is not enabled.
SIMD instruction sets in use: AVX512, FMA, AVX2, AVX, SSE, SSE2, SSE3, SSSE3, SSE4.1, SSE4.2
load_index  begin
0
51885062
103000160
154986000
207921743
262018575
314985640
367460871
421515119
477142152
531471410
584568296
639889766
698097506
754837252
811594115
869526000
927030200
983918064
1044081648
1103884009
1160809466
1224151783
1289218781
1350727468
1414611901
1476616271
1539750557
1606578033
1686738753
1753822127
1833360392
1933620739
NOTICE	m_build_index_loss	38742.2
load_index   TimeCost : 115017us
readDimVecs data/bigann/bigann_query.dim.fvecs begin
d = 128  num = 10000
readDimVecs data/bigann/bigann_query.dim.fvecs  TimeCost : 2805us
querys num = 10000 dim=128
groundtruth numVecs=10000 dim=100
run_test_set  begin
run_test_set  search begin TimeCost : 404us
run_test_set  search end TimeCost : 97237422us
avg_time 9723.7 us
0 1444.01
1 4280.8
2 4478.76
3 5059.57
4 31797.2
5 31798
6 42.0334
7 150.058
8 8692.18
9 9844.19
10 19679.5
11 25695.6
12 26045.9
13 0
14 185852
15 753.181
run_test_set   TimeCost : 97238037us
1-recall@1 = 97.070000 tot=10000
+ ./bin/run_test_set conf/bigann1b_vec.conf data/bigann/bigann_query.dim.fvecs data/bigann/bigann_query_base_gt100.dim.ivecs 1 1 1 200 2000 0 0 0 1
Conf:
batch_size=[128]
build_index_num=[1000000000]
build_index_search_first_center_num=[200]
build_search_first_center_id_diff=[10]
build_search_topk=[5]
cache_capacity=[50000000]
cache_segment=[0]
dim=[128]
dynamic_prune_a=[603.9]
dynamic_prune_b=[-264.9]
dynamic_prune_c=[77.8]
dynamic_prune_switch=[1]
first_cluster_num=[25000]
hierachical_cluster_epoch=[5]
hs_mode=[0]
index_data_file=[./data/bigann/bigann_base.dim.bvecs]
index_dir=[./output/bigann_index1b_bvec2]
index_file_num=[32]
io_thread_num=[0]
is_async_read=[0]
is_disk=[1]
kmeans_centers_select_type=[3]
kmeans_epoch=[10]
kmeans_sample_rete=[0.2]
model_file=[./output/bigann_model1b_bvec2]
read_file_batch_size=[128]
read_index_file_thread_num=[4]
search_block_num=[3000]
search_first_center_num=[200]
search_neighbors=[300000]
search_second_center_num=[2000]
search_top_cut=[7]
second_cluster_num=[1000]
thread_num=[32]
train_data_file=[./data/bigann/bigann_learn.dim.bvecs]
train_data_num=[100000000]
use_cache=[0]
use_uint8_data=[1]
Eigen version: 3.4.0
Vectorization is enabled.
SSE vectorization is enabled.
AVX vectorization is enabled.
Parallelization is enabled.
OpenMP support is enabled.
Debugging is enabled.
Unrolling limit is set to 110.
Max static align bytes is set to 64.
MKL support is not enabled.
SIMD instruction sets in use: AVX512, FMA, AVX2, AVX, SSE, SSE2, SSE3, SSSE3, SSE4.1, SSE4.2
load_index  begin
0
51885062
103000160
154986000
207921743
262018575
314985640
367460871
421515119
477142152
531471410
584568296
639889766
698097506
754837252
811594115
869526000
927030200
983918064
1044081648
1103884009
1160809466
1224151783
1289218781
1350727468
1414611901
1476616271
1539750557
1606578033
1686738753
1753822127
1833360392
1933620739
NOTICE	m_build_index_loss	38742.2
load_index   TimeCost : 114627us
readDimVecs data/bigann/bigann_query.dim.fvecs begin
d = 128  num = 10000
readDimVecs data/bigann/bigann_query.dim.fvecs  TimeCost : 2812us
querys num = 10000 dim=128
groundtruth numVecs=10000 dim=100
run_test_set  begin
run_test_set  search begin TimeCost : 100us
run_test_set  search end TimeCost : 108616335us
avg_time 10861.6 us
0 1474.24
1 4340.01
2 4576.8
3 5341.46
4 35240.7
5 35246.4
6 39.1121
7 154.051
8 9503.22
9 10812.2
10 21955.8
11 28673.5
12 29085.7
13 0
14 211453
15 770.014
run_test_set   TimeCost : 108616980us
1-recall@1 = 97.349998 tot=10000
+ ./bin/run_test_set conf/bigann1b_vec.conf data/bigann/bigann_query.dim.fvecs data/bigann/bigann_query_base_gt100.dim.ivecs 1 1 1 200 2500 0 0 0 1
Conf:
batch_size=[128]
build_index_num=[1000000000]
build_index_search_first_center_num=[200]
build_search_first_center_id_diff=[10]
build_search_topk=[5]
cache_capacity=[50000000]
cache_segment=[0]
dim=[128]
dynamic_prune_a=[603.9]
dynamic_prune_b=[-264.9]
dynamic_prune_c=[77.8]
dynamic_prune_switch=[1]
first_cluster_num=[25000]
hierachical_cluster_epoch=[5]
hs_mode=[0]
index_data_file=[./data/bigann/bigann_base.dim.bvecs]
index_dir=[./output/bigann_index1b_bvec2]
index_file_num=[32]
io_thread_num=[0]
is_async_read=[0]
is_disk=[1]
kmeans_centers_select_type=[3]
kmeans_epoch=[10]
kmeans_sample_rete=[0.2]
model_file=[./output/bigann_model1b_bvec2]
read_file_batch_size=[128]
read_index_file_thread_num=[4]
search_block_num=[3000]
search_first_center_num=[200]
search_neighbors=[300000]
search_second_center_num=[2000]
search_top_cut=[7]
second_cluster_num=[1000]
thread_num=[32]
train_data_file=[./data/bigann/bigann_learn.dim.bvecs]
train_data_num=[100000000]
use_cache=[0]
use_uint8_data=[1]
Eigen version: 3.4.0
Vectorization is enabled.
SSE vectorization is enabled.
AVX vectorization is enabled.
Parallelization is enabled.
OpenMP support is enabled.
Debugging is enabled.
Unrolling limit is set to 110.
Max static align bytes is set to 64.
MKL support is not enabled.
SIMD instruction sets in use: AVX512, FMA, AVX2, AVX, SSE, SSE2, SSE3, SSSE3, SSE4.1, SSE4.2
load_index  begin
0
51885062
103000160
154986000
207921743
262018575
314985640
367460871
421515119
477142152
531471410
584568296
639889766
698097506
754837252
811594115
869526000
927030200
983918064
1044081648
1103884009
1160809466
1224151783
1289218781
1350727468
1414611901
1476616271
1539750557
1606578033
1686738753
1753822127
1833360392
1933620739
NOTICE	m_build_index_loss	38742.2
load_index   TimeCost : 114542us
readDimVecs data/bigann/bigann_query.dim.fvecs begin
d = 128  num = 10000
readDimVecs data/bigann/bigann_query.dim.fvecs  TimeCost : 2842us
querys num = 10000 dim=128
groundtruth numVecs=10000 dim=100
run_test_set  begin
run_test_set  search begin TimeCost : 161us
run_test_set  search end TimeCost : 119872008us
avg_time 11987.2 us
0 1499.6
1 4407.51
2 4712.01
3 5639.01
4 38362.6
5 38363.5
6 39.1283
7 156.485
8 10246.4
9 11700.2
10 24182.7
11 31593
12 32003.2
13 0
14 233862
15 773.276
run_test_set   TimeCost : 119872689us
1-recall@1 = 97.540001 tot=10000
+ ./bin/run_test_set conf/bigann1b_vec.conf data/bigann/bigann_query.dim.fvecs data/bigann/bigann_query_base_gt100.dim.ivecs 1 1 1 200 3000 0 0 0 1
Conf:
batch_size=[128]
build_index_num=[1000000000]
build_index_search_first_center_num=[200]
build_search_first_center_id_diff=[10]
build_search_topk=[5]
cache_capacity=[50000000]
cache_segment=[0]
dim=[128]
dynamic_prune_a=[603.9]
dynamic_prune_b=[-264.9]
dynamic_prune_c=[77.8]
dynamic_prune_switch=[1]
first_cluster_num=[25000]
hierachical_cluster_epoch=[5]
hs_mode=[0]
index_data_file=[./data/bigann/bigann_base.dim.bvecs]
index_dir=[./output/bigann_index1b_bvec2]
index_file_num=[32]
io_thread_num=[0]
is_async_read=[0]
is_disk=[1]
kmeans_centers_select_type=[3]
kmeans_epoch=[10]
kmeans_sample_rete=[0.2]
model_file=[./output/bigann_model1b_bvec2]
read_file_batch_size=[128]
read_index_file_thread_num=[4]
search_block_num=[3000]
search_first_center_num=[200]
search_neighbors=[300000]
search_second_center_num=[2000]
search_top_cut=[7]
second_cluster_num=[1000]
thread_num=[32]
train_data_file=[./data/bigann/bigann_learn.dim.bvecs]
train_data_num=[100000000]
use_cache=[0]
use_uint8_data=[1]
Eigen version: 3.4.0
Vectorization is enabled.
SSE vectorization is enabled.
AVX vectorization is enabled.
Parallelization is enabled.
OpenMP support is enabled.
Debugging is enabled.
Unrolling limit is set to 110.
Max static align bytes is set to 64.
MKL support is not enabled.
SIMD instruction sets in use: AVX512, FMA, AVX2, AVX, SSE, SSE2, SSE3, SSSE3, SSE4.1, SSE4.2
load_index  begin
0
51885062
103000160
154986000
207921743
262018575
314985640
367460871
421515119
477142152
531471410
584568296
639889766
698097506
754837252
811594115
869526000
927030200
983918064
1044081648
1103884009
1160809466
1224151783
1289218781
1350727468
1414611901
1476616271
1539750557
1606578033
1686738753
1753822127
1833360392
1933620739
NOTICE	m_build_index_loss	38742.2
load_index   TimeCost : 114629us
readDimVecs data/bigann/bigann_query.dim.fvecs begin
d = 128  num = 10000
readDimVecs data/bigann/bigann_query.dim.fvecs  TimeCost : 2865us
querys num = 10000 dim=128
groundtruth numVecs=10000 dim=100
run_test_set  begin
run_test_set  search begin TimeCost : 218us
run_test_set  search end TimeCost : 144594635us
avg_time 14459.4 us
0 1562.26
1 4485.32
2 4826.32
3 5913.08
4 45305
5 45306
6 49.0248
7 188.322
8 12510.1
9 14253.5
10 29055.1
11 37896
12 38433.7
13 0
14 281563
15 924.365
run_test_set   TimeCost : 144595260us
1-recall@1 = 98.050003 tot=10000
+ ./bin/run_test_set conf/bigann1b_vec.conf data/bigann/bigann_query.dim.fvecs data/bigann/bigann_query_base_gt100.dim.ivecs 1 1 1 200 3500 0 0 0 1
Conf:
batch_size=[128]
build_index_num=[1000000000]
build_index_search_first_center_num=[200]
build_search_first_center_id_diff=[10]
build_search_topk=[5]
cache_capacity=[50000000]
cache_segment=[0]
dim=[128]
dynamic_prune_a=[603.9]
dynamic_prune_b=[-264.9]
dynamic_prune_c=[77.8]
dynamic_prune_switch=[1]
first_cluster_num=[25000]
hierachical_cluster_epoch=[5]
hs_mode=[0]
index_data_file=[./data/bigann/bigann_base.dim.bvecs]
index_dir=[./output/bigann_index1b_bvec2]
index_file_num=[32]
io_thread_num=[0]
is_async_read=[0]
is_disk=[1]
kmeans_centers_select_type=[3]
kmeans_epoch=[10]
kmeans_sample_rete=[0.2]
model_file=[./output/bigann_model1b_bvec2]
read_file_batch_size=[128]
read_index_file_thread_num=[4]
search_block_num=[3000]
search_first_center_num=[200]
search_neighbors=[300000]
search_second_center_num=[2000]
search_top_cut=[7]
second_cluster_num=[1000]
thread_num=[32]
train_data_file=[./data/bigann/bigann_learn.dim.bvecs]
train_data_num=[100000000]
use_cache=[0]
use_uint8_data=[1]
Eigen version: 3.4.0
Vectorization is enabled.
SSE vectorization is enabled.
AVX vectorization is enabled.
Parallelization is enabled.
OpenMP support is enabled.
Debugging is enabled.
Unrolling limit is set to 110.
Max static align bytes is set to 64.
MKL support is not enabled.
SIMD instruction sets in use: AVX512, FMA, AVX2, AVX, SSE, SSE2, SSE3, SSSE3, SSE4.1, SSE4.2
load_index  begin
0
51885062
103000160
154986000
207921743
262018575
314985640
367460871
421515119
477142152
531471410
584568296
639889766
698097506
754837252
811594115
869526000
927030200
983918064
1044081648
1103884009
1160809466
1224151783
1289218781
1350727468
1414611901
1476616271
1539750557
1606578033
1686738753
1753822127
1833360392
1933620739
NOTICE	m_build_index_loss	38742.2
load_index   TimeCost : 114503us
readDimVecs data/bigann/bigann_query.dim.fvecs begin
d = 128  num = 10000
readDimVecs data/bigann/bigann_query.dim.fvecs  TimeCost : 2822us
querys num = 10000 dim=128
groundtruth numVecs=10000 dim=100
run_test_set  begin
run_test_set  search begin TimeCost : 342us
run_test_set  search end TimeCost : 159443518us
avg_time 15944.3 us
0 1599.11
1 4522.5
2 4900.34
3 6167.1
4 51408.8
5 51409.7
6 55.7455
7 214.977
8 14246.3
9 16274.4
10 33386
11 43704.9
12 44340.9
13 0
14 329224
15 1074.69
run_test_set   TimeCost : 159444113us
1-recall@1 = 98.519997 tot=10000
+ ./bin/run_test_set conf/bigann1b_vec.conf data/bigann/bigann_query.dim.fvecs data/bigann/bigann_query_base_gt100.dim.ivecs 1 1 1 200 4500 0 0 0 1
Conf:
batch_size=[128]
build_index_num=[1000000000]
build_index_search_first_center_num=[200]
build_search_first_center_id_diff=[10]
build_search_topk=[5]
cache_capacity=[50000000]
cache_segment=[0]
dim=[128]
dynamic_prune_a=[603.9]
dynamic_prune_b=[-264.9]
dynamic_prune_c=[77.8]
dynamic_prune_switch=[1]
first_cluster_num=[25000]
hierachical_cluster_epoch=[5]
hs_mode=[0]
index_data_file=[./data/bigann/bigann_base.dim.bvecs]
index_dir=[./output/bigann_index1b_bvec2]
index_file_num=[32]
io_thread_num=[0]
is_async_read=[0]
is_disk=[1]
kmeans_centers_select_type=[3]
kmeans_epoch=[10]
kmeans_sample_rete=[0.2]
model_file=[./output/bigann_model1b_bvec2]
read_file_batch_size=[128]
read_index_file_thread_num=[4]
search_block_num=[3000]
search_first_center_num=[200]
search_neighbors=[300000]
search_second_center_num=[2000]
search_top_cut=[7]
second_cluster_num=[1000]
thread_num=[32]
train_data_file=[./data/bigann/bigann_learn.dim.bvecs]
train_data_num=[100000000]
use_cache=[0]
use_uint8_data=[1]
Eigen version: 3.4.0
Vectorization is enabled.
SSE vectorization is enabled.
AVX vectorization is enabled.
Parallelization is enabled.
OpenMP support is enabled.
Debugging is enabled.
Unrolling limit is set to 110.
Max static align bytes is set to 64.
MKL support is not enabled.
SIMD instruction sets in use: AVX512, FMA, AVX2, AVX, SSE, SSE2, SSE3, SSSE3, SSE4.1, SSE4.2
load_index  begin
0
51885062
103000160
154986000
207921743
262018575
314985640
367460871
421515119
477142152
531471410
584568296
639889766
698097506
754837252
811594115
869526000
927030200
983918064
1044081648
1103884009
1160809466
1224151783
1289218781
1350727468
1414611901
1476616271
1539750557
1606578033
1686738753
1753822127
1833360392
1933620739
NOTICE	m_build_index_loss	38742.2
load_index   TimeCost : 115833us
readDimVecs data/bigann/bigann_query.dim.fvecs begin
d = 128  num = 10000
readDimVecs data/bigann/bigann_query.dim.fvecs  TimeCost : 2806us
querys num = 10000 dim=128
groundtruth numVecs=10000 dim=100
run_test_set  begin
run_test_set  search begin TimeCost : 489us
run_test_set  search end TimeCost : 201906760us
avg_time 20190.6 us
0 1639.58
1 4573.91
2 5103.03
3 6695.96
4 64526.9
5 64527.8
6 72.1587
7 274.123
8 18420.8
9 21008.3
10 42529.4
11 55595.3
12 56504.7
13 0
14 423291
15 1369.76
run_test_set   TimeCost : 201907303us
1-recall@1 = 98.989998 tot=10000
+ ./bin/run_test_set conf/bigann1b_vec.conf data/bigann/bigann_query.dim.fvecs data/bigann/bigann_query_base_gt100.dim.ivecs 1 1 1 200 5000 0 0 0 1
Conf:
batch_size=[128]
build_index_num=[1000000000]
build_index_search_first_center_num=[200]
build_search_first_center_id_diff=[10]
build_search_topk=[5]
cache_capacity=[50000000]
cache_segment=[0]
dim=[128]
dynamic_prune_a=[603.9]
dynamic_prune_b=[-264.9]
dynamic_prune_c=[77.8]
dynamic_prune_switch=[1]
first_cluster_num=[25000]
hierachical_cluster_epoch=[5]
hs_mode=[0]
index_data_file=[./data/bigann/bigann_base.dim.bvecs]
index_dir=[./output/bigann_index1b_bvec2]
index_file_num=[32]
io_thread_num=[0]
is_async_read=[0]
is_disk=[1]
kmeans_centers_select_type=[3]
kmeans_epoch=[10]
kmeans_sample_rete=[0.2]
model_file=[./output/bigann_model1b_bvec2]
read_file_batch_size=[128]
read_index_file_thread_num=[4]
search_block_num=[3000]
search_first_center_num=[200]
search_neighbors=[300000]
search_second_center_num=[2000]
search_top_cut=[7]
second_cluster_num=[1000]
thread_num=[32]
train_data_file=[./data/bigann/bigann_learn.dim.bvecs]
train_data_num=[100000000]
use_cache=[0]
use_uint8_data=[1]
Eigen version: 3.4.0
Vectorization is enabled.
SSE vectorization is enabled.
AVX vectorization is enabled.
Parallelization is enabled.
OpenMP support is enabled.
Debugging is enabled.
Unrolling limit is set to 110.
Max static align bytes is set to 64.
MKL support is not enabled.
SIMD instruction sets in use: AVX512, FMA, AVX2, AVX, SSE, SSE2, SSE3, SSSE3, SSE4.1, SSE4.2
load_index  begin
0
51885062
103000160
154986000
207921743
262018575
314985640
367460871
421515119
477142152
531471410
584568296
639889766
698097506
754837252
811594115
869526000
927030200
983918064
1044081648
1103884009
1160809466
1224151783
1289218781
1350727468
1414611901
1476616271
1539750557
1606578033
1686738753
1753822127
1833360392
1933620739
NOTICE	m_build_index_loss	38742.2
load_index   TimeCost : 116259us
readDimVecs data/bigann/bigann_query.dim.fvecs begin
d = 128  num = 10000
readDimVecs data/bigann/bigann_query.dim.fvecs  TimeCost : 2833us
querys num = 10000 dim=128
groundtruth numVecs=10000 dim=100
run_test_set  begin
run_test_set  search begin TimeCost : 157us
run_test_set  search end TimeCost : 220617287us
avg_time 22061.7 us
0 1681.94
1 4633.61
2 5208.68
3 6983.12
4 70634.4
5 70635.4
6 78.6797
7 299.738
8 19917.5
9 22757.7
10 46688.2
11 61156.1
12 62176.1
13 0
14 467274
15 1497.43
run_test_set   TimeCost : 220617849us
1-recall@1 = 99.050003 tot=10000
+ ./bin/run_test_set conf/bigann1b_vec.conf data/bigann/bigann_query.dim.fvecs data/bigann/bigann_query_base_gt100.dim.ivecs 1 1 1 200 5500 0 0 0 1
Conf:
batch_size=[128]
build_index_num=[1000000000]
build_index_search_first_center_num=[200]
build_search_first_center_id_diff=[10]
build_search_topk=[5]
cache_capacity=[50000000]
cache_segment=[0]
dim=[128]
dynamic_prune_a=[603.9]
dynamic_prune_b=[-264.9]
dynamic_prune_c=[77.8]
dynamic_prune_switch=[1]
first_cluster_num=[25000]
hierachical_cluster_epoch=[5]
hs_mode=[0]
index_data_file=[./data/bigann/bigann_base.dim.bvecs]
index_dir=[./output/bigann_index1b_bvec2]
index_file_num=[32]
io_thread_num=[0]
is_async_read=[0]
is_disk=[1]
kmeans_centers_select_type=[3]
kmeans_epoch=[10]
kmeans_sample_rete=[0.2]
model_file=[./output/bigann_model1b_bvec2]
read_file_batch_size=[128]
read_index_file_thread_num=[4]
search_block_num=[3000]
search_first_center_num=[200]
search_neighbors=[300000]
search_second_center_num=[2000]
search_top_cut=[7]
second_cluster_num=[1000]
thread_num=[32]
train_data_file=[./data/bigann/bigann_learn.dim.bvecs]
train_data_num=[100000000]
use_cache=[0]
use_uint8_data=[1]
Eigen version: 3.4.0
Vectorization is enabled.
SSE vectorization is enabled.
AVX vectorization is enabled.
Parallelization is enabled.
OpenMP support is enabled.
Debugging is enabled.
Unrolling limit is set to 110.
Max static align bytes is set to 64.
MKL support is not enabled.
SIMD instruction sets in use: AVX512, FMA, AVX2, AVX, SSE, SSE2, SSE3, SSSE3, SSE4.1, SSE4.2
load_index  begin
0
51885062
103000160
154986000
207921743
262018575
314985640
367460871
421515119
477142152
531471410
584568296
639889766
698097506
754837252
811594115
869526000
927030200
983918064
1044081648
1103884009
1160809466
1224151783
1289218781
1350727468
1414611901
1476616271
1539750557
1606578033
1686738753
1753822127
1833360392
1933620739
NOTICE	m_build_index_loss	38742.2
load_index   TimeCost : 116424us
readDimVecs data/bigann/bigann_query.dim.fvecs begin
d = 128  num = 10000
readDimVecs data/bigann/bigann_query.dim.fvecs  TimeCost : 2844us
querys num = 10000 dim=128
groundtruth numVecs=10000 dim=100
run_test_set  begin
run_test_set  search begin TimeCost : 58us
run_test_set  search end TimeCost : 236024120us
avg_time 23602.4 us
0 1689.06
1 4637.14
2 5236.03
3 7160.92
4 74937.4
5 74938.3
6 82.5852
7 319.615
8 21199.7
9 24273.2
10 49527.4
11 65123.7
12 66257.2
13 0
14 505726
15 1586.96
run_test_set   TimeCost : 236024753us
1-recall@1 = 99.089996 tot=10000
+ ./bin/run_test_set conf/bigann1b_vec.conf data/bigann/bigann_query.dim.fvecs data/bigann/bigann_query_base_gt100.dim.ivecs 1 1 1 200 6000 0 0 0 1
Conf:
batch_size=[128]
build_index_num=[1000000000]
build_index_search_first_center_num=[200]
build_search_first_center_id_diff=[10]
build_search_topk=[5]
cache_capacity=[50000000]
cache_segment=[0]
dim=[128]
dynamic_prune_a=[603.9]
dynamic_prune_b=[-264.9]
dynamic_prune_c=[77.8]
dynamic_prune_switch=[1]
first_cluster_num=[25000]
hierachical_cluster_epoch=[5]
hs_mode=[0]
index_data_file=[./data/bigann/bigann_base.dim.bvecs]
index_dir=[./output/bigann_index1b_bvec2]
index_file_num=[32]
io_thread_num=[0]
is_async_read=[0]
is_disk=[1]
kmeans_centers_select_type=[3]
kmeans_epoch=[10]
kmeans_sample_rete=[0.2]
model_file=[./output/bigann_model1b_bvec2]
read_file_batch_size=[128]
read_index_file_thread_num=[4]
search_block_num=[3000]
search_first_center_num=[200]
search_neighbors=[300000]
search_second_center_num=[2000]
search_top_cut=[7]
second_cluster_num=[1000]
thread_num=[32]
train_data_file=[./data/bigann/bigann_learn.dim.bvecs]
train_data_num=[100000000]
use_cache=[0]
use_uint8_data=[1]
Eigen version: 3.4.0
Vectorization is enabled.
SSE vectorization is enabled.
AVX vectorization is enabled.
Parallelization is enabled.
OpenMP support is enabled.
Debugging is enabled.
Unrolling limit is set to 110.
Max static align bytes is set to 64.
MKL support is not enabled.
SIMD instruction sets in use: AVX512, FMA, AVX2, AVX, SSE, SSE2, SSE3, SSSE3, SSE4.1, SSE4.2
load_index  begin
0
51885062
103000160
154986000
207921743
262018575
314985640
367460871
421515119
477142152
531471410
584568296
639889766
698097506
754837252
811594115
869526000
927030200
983918064
1044081648
1103884009
1160809466
1224151783
1289218781
1350727468
1414611901
1476616271
1539750557
1606578033
1686738753
1753822127
1833360392
1933620739
NOTICE	m_build_index_loss	38742.2
load_index   TimeCost : 115983us
readDimVecs data/bigann/bigann_query.dim.fvecs begin
d = 128  num = 10000
readDimVecs data/bigann/bigann_query.dim.fvecs  TimeCost : 2795us
querys num = 10000 dim=128
groundtruth numVecs=10000 dim=100
run_test_set  begin
run_test_set  search begin TimeCost : 281us
run_test_set  search end TimeCost : 247462518us
avg_time 24746.2 us
0 1727.1
1 4710.63
2 5347.37
3 7443.59
4 79108.6
5 79109.6
6 85.1412
7 329.13
8 22220
9 25507.1
10 52438
11 68924
12 70115
13 0
14 536176
15 1623.09
run_test_set   TimeCost : 247463183us
1-recall@1 = 99.129997 tot=10000
+ ./bin/run_test_set conf/bigann1b_vec.conf data/bigann/bigann_query.dim.fvecs data/bigann/bigann_query_base_gt100.dim.ivecs 10 10 1 200 200 0 0 0 1
Conf:
batch_size=[128]
build_index_num=[1000000000]
build_index_search_first_center_num=[200]
build_search_first_center_id_diff=[10]
build_search_topk=[5]
cache_capacity=[50000000]
cache_segment=[0]
dim=[128]
dynamic_prune_a=[603.9]
dynamic_prune_b=[-264.9]
dynamic_prune_c=[77.8]
dynamic_prune_switch=[1]
first_cluster_num=[25000]
hierachical_cluster_epoch=[5]
hs_mode=[0]
index_data_file=[./data/bigann/bigann_base.dim.bvecs]
index_dir=[./output/bigann_index1b_bvec2]
index_file_num=[32]
io_thread_num=[0]
is_async_read=[0]
is_disk=[1]
kmeans_centers_select_type=[3]
kmeans_epoch=[10]
kmeans_sample_rete=[0.2]
model_file=[./output/bigann_model1b_bvec2]
read_file_batch_size=[128]
read_index_file_thread_num=[4]
search_block_num=[3000]
search_first_center_num=[200]
search_neighbors=[300000]
search_second_center_num=[2000]
search_top_cut=[7]
second_cluster_num=[1000]
thread_num=[32]
train_data_file=[./data/bigann/bigann_learn.dim.bvecs]
train_data_num=[100000000]
use_cache=[0]
use_uint8_data=[1]
Eigen version: 3.4.0
Vectorization is enabled.
SSE vectorization is enabled.
AVX vectorization is enabled.
Parallelization is enabled.
OpenMP support is enabled.
Debugging is enabled.
Unrolling limit is set to 110.
Max static align bytes is set to 64.
MKL support is not enabled.
SIMD instruction sets in use: AVX512, FMA, AVX2, AVX, SSE, SSE2, SSE3, SSSE3, SSE4.1, SSE4.2
load_index  begin
0
51885062
103000160
154986000
207921743
262018575
314985640
367460871
421515119
477142152
531471410
584568296
639889766
698097506
754837252
811594115
869526000
927030200
983918064
1044081648
1103884009
1160809466
1224151783
1289218781
1350727468
1414611901
1476616271
1539750557
1606578033
1686738753
1753822127
1833360392
1933620739
NOTICE	m_build_index_loss	38742.2
load_index   TimeCost : 115124us
readDimVecs data/bigann/bigann_query.dim.fvecs begin
d = 128  num = 10000
readDimVecs data/bigann/bigann_query.dim.fvecs  TimeCost : 2817us
querys num = 10000 dim=128
groundtruth numVecs=10000 dim=100
run_test_set  begin
run_test_set  search begin TimeCost : 104us
run_test_set  search end TimeCost : 44511263us
avg_time 4451.12 us
0 1439.84
1 4249.63
2 4313.65
3 4429.18
4 14400
5 14407.9
6 13.8606
7 56.468
8 3322.53
9 3756.06
10 7362.94
11 9537.79
12 9722.47
13 0
14 61805.3
15 255.649
run_test_set   TimeCost : 44512667us
10-recall@10 = 83.783997 tot=100000
+ ./bin/run_test_set conf/bigann1b_vec.conf data/bigann/bigann_query.dim.fvecs data/bigann/bigann_query_base_gt100.dim.ivecs 10 10 1 200 300 0 0 0 1
Conf:
batch_size=[128]
build_index_num=[1000000000]
build_index_search_first_center_num=[200]
build_search_first_center_id_diff=[10]
build_search_topk=[5]
cache_capacity=[50000000]
cache_segment=[0]
dim=[128]
dynamic_prune_a=[603.9]
dynamic_prune_b=[-264.9]
dynamic_prune_c=[77.8]
dynamic_prune_switch=[1]
first_cluster_num=[25000]
hierachical_cluster_epoch=[5]
hs_mode=[0]
index_data_file=[./data/bigann/bigann_base.dim.bvecs]
index_dir=[./output/bigann_index1b_bvec2]
index_file_num=[32]
io_thread_num=[0]
is_async_read=[0]
is_disk=[1]
kmeans_centers_select_type=[3]
kmeans_epoch=[10]
kmeans_sample_rete=[0.2]
model_file=[./output/bigann_model1b_bvec2]
read_file_batch_size=[128]
read_index_file_thread_num=[4]
search_block_num=[3000]
search_first_center_num=[200]
search_neighbors=[300000]
search_second_center_num=[2000]
search_top_cut=[7]
second_cluster_num=[1000]
thread_num=[32]
train_data_file=[./data/bigann/bigann_learn.dim.bvecs]
train_data_num=[100000000]
use_cache=[0]
use_uint8_data=[1]
Eigen version: 3.4.0
Vectorization is enabled.
SSE vectorization is enabled.
AVX vectorization is enabled.
Parallelization is enabled.
OpenMP support is enabled.
Debugging is enabled.
Unrolling limit is set to 110.
Max static align bytes is set to 64.
MKL support is not enabled.
SIMD instruction sets in use: AVX512, FMA, AVX2, AVX, SSE, SSE2, SSE3, SSSE3, SSE4.1, SSE4.2
load_index  begin
0
51885062
103000160
154986000
207921743
262018575
314985640
367460871
421515119
477142152
531471410
584568296
639889766
698097506
754837252
811594115
869526000
927030200
983918064
1044081648
1103884009
1160809466
1224151783
1289218781
1350727468
1414611901
1476616271
1539750557
1606578033
1686738753
1753822127
1833360392
1933620739
NOTICE	m_build_index_loss	38742.2
load_index   TimeCost : 116288us
readDimVecs data/bigann/bigann_query.dim.fvecs begin
d = 128  num = 10000
readDimVecs data/bigann/bigann_query.dim.fvecs  TimeCost : 2834us
querys num = 10000 dim=128
groundtruth numVecs=10000 dim=100
run_test_set  begin
run_test_set  search begin TimeCost : 405us
run_test_set  search end TimeCost : 52800362us
avg_time 5280 us
0 1424.65
1 4224.84
2 4304.13
3 4458.15
4 17200.3
5 17208.1
6 17.6229
7 71.8817
8 4217.18
9 4762.43
10 9436.52
11 12261.5
12 12458.9
13 0
14 80670.3
15 355.036
run_test_set   TimeCost : 52801755us
10-recall@10 = 87.510002 tot=100000
+ ./bin/run_test_set conf/bigann1b_vec.conf data/bigann/bigann_query.dim.fvecs data/bigann/bigann_query_base_gt100.dim.ivecs 10 10 1 200 500 0 0 0 1
Conf:
batch_size=[128]
build_index_num=[1000000000]
build_index_search_first_center_num=[200]
build_search_first_center_id_diff=[10]
build_search_topk=[5]
cache_capacity=[50000000]
cache_segment=[0]
dim=[128]
dynamic_prune_a=[603.9]
dynamic_prune_b=[-264.9]
dynamic_prune_c=[77.8]
dynamic_prune_switch=[1]
first_cluster_num=[25000]
hierachical_cluster_epoch=[5]
hs_mode=[0]
index_data_file=[./data/bigann/bigann_base.dim.bvecs]
index_dir=[./output/bigann_index1b_bvec2]
index_file_num=[32]
io_thread_num=[0]
is_async_read=[0]
is_disk=[1]
kmeans_centers_select_type=[3]
kmeans_epoch=[10]
kmeans_sample_rete=[0.2]
model_file=[./output/bigann_model1b_bvec2]
read_file_batch_size=[128]
read_index_file_thread_num=[4]
search_block_num=[3000]
search_first_center_num=[200]
search_neighbors=[300000]
search_second_center_num=[2000]
search_top_cut=[7]
second_cluster_num=[1000]
thread_num=[32]
train_data_file=[./data/bigann/bigann_learn.dim.bvecs]
train_data_num=[100000000]
use_cache=[0]
use_uint8_data=[1]
Eigen version: 3.4.0
Vectorization is enabled.
SSE vectorization is enabled.
AVX vectorization is enabled.
Parallelization is enabled.
OpenMP support is enabled.
Debugging is enabled.
Unrolling limit is set to 110.
Max static align bytes is set to 64.
MKL support is not enabled.
SIMD instruction sets in use: AVX512, FMA, AVX2, AVX, SSE, SSE2, SSE3, SSSE3, SSE4.1, SSE4.2
load_index  begin
0
51885062
103000160
154986000
207921743
262018575
314985640
367460871
421515119
477142152
531471410
584568296
639889766
698097506
754837252
811594115
869526000
927030200
983918064
1044081648
1103884009
1160809466
1224151783
1289218781
1350727468
1414611901
1476616271
1539750557
1606578033
1686738753
1753822127
1833360392
1933620739
NOTICE	m_build_index_loss	38742.2
load_index   TimeCost : 116249us
readDimVecs data/bigann/bigann_query.dim.fvecs begin
d = 128  num = 10000
readDimVecs data/bigann/bigann_query.dim.fvecs  TimeCost : 2823us
querys num = 10000 dim=128
groundtruth numVecs=10000 dim=100
run_test_set  begin
run_test_set  search begin TimeCost : 100us
run_test_set  search end TimeCost : 66752021us
avg_time 6675.19 us
0 1391.35
1 4187.31
2 4285.44
3 4520.74
4 21890.7
5 21898.9
6 25.6972
7 102.77
8 5789.24
9 6521.04
10 12780.7
11 16671.7
12 16935.2
13 0
14 112839
15 526.441
run_test_set   TimeCost : 66753344us
10-recall@10 = 91.320000 tot=100000
+ ./bin/run_test_set conf/bigann1b_vec.conf data/bigann/bigann_query.dim.fvecs data/bigann/bigann_query_base_gt100.dim.ivecs 10 10 1 200 1000 0 0 0 1
Conf:
batch_size=[128]
build_index_num=[1000000000]
build_index_search_first_center_num=[200]
build_search_first_center_id_diff=[10]
build_search_topk=[5]
cache_capacity=[50000000]
cache_segment=[0]
dim=[128]
dynamic_prune_a=[603.9]
dynamic_prune_b=[-264.9]
dynamic_prune_c=[77.8]
dynamic_prune_switch=[1]
first_cluster_num=[25000]
hierachical_cluster_epoch=[5]
hs_mode=[0]
index_data_file=[./data/bigann/bigann_base.dim.bvecs]
index_dir=[./output/bigann_index1b_bvec2]
index_file_num=[32]
io_thread_num=[0]
is_async_read=[0]
is_disk=[1]
kmeans_centers_select_type=[3]
kmeans_epoch=[10]
kmeans_sample_rete=[0.2]
model_file=[./output/bigann_model1b_bvec2]
read_file_batch_size=[128]
read_index_file_thread_num=[4]
search_block_num=[3000]
search_first_center_num=[200]
search_neighbors=[300000]
search_second_center_num=[2000]
search_top_cut=[7]
second_cluster_num=[1000]
thread_num=[32]
train_data_file=[./data/bigann/bigann_learn.dim.bvecs]
train_data_num=[100000000]
use_cache=[0]
use_uint8_data=[1]
Eigen version: 3.4.0
Vectorization is enabled.
SSE vectorization is enabled.
AVX vectorization is enabled.
Parallelization is enabled.
OpenMP support is enabled.
Debugging is enabled.
Unrolling limit is set to 110.
Max static align bytes is set to 64.
MKL support is not enabled.
SIMD instruction sets in use: AVX512, FMA, AVX2, AVX, SSE, SSE2, SSE3, SSSE3, SSE4.1, SSE4.2
load_index  begin
0
51885062
103000160
154986000
207921743
262018575
314985640
367460871
421515119
477142152
531471410
584568296
639889766
698097506
754837252
811594115
869526000
927030200
983918064
1044081648
1103884009
1160809466
1224151783
1289218781
1350727468
1414611901
1476616271
1539750557
1606578033
1686738753
1753822127
1833360392
1933620739
NOTICE	m_build_index_loss	38742.2
load_index   TimeCost : 116281us
readDimVecs data/bigann/bigann_query.dim.fvecs begin
d = 128  num = 10000
readDimVecs data/bigann/bigann_query.dim.fvecs  TimeCost : 2770us
querys num = 10000 dim=128
groundtruth numVecs=10000 dim=100
run_test_set  begin
run_test_set  search begin TimeCost : 92us
run_test_set  search end TimeCost : 92748541us
avg_time 9274.84 us
0 1399.72
1 4183.61
2 4333.11
3 4748.85
4 30735.6
5 30742.2
6 40.0351
7 154.44
8 8494.47
9 9567.74
10 18944.5
11 24748.1
12 25164.2
13 0
14 174611
15 834.277
run_test_set   TimeCost : 92749825us
10-recall@10 = 94.759003 tot=100000
+ ./bin/run_test_set conf/bigann1b_vec.conf data/bigann/bigann_query.dim.fvecs data/bigann/bigann_query_base_gt100.dim.ivecs 10 10 1 200 1500 0 0 0 1
Conf:
batch_size=[128]
build_index_num=[1000000000]
build_index_search_first_center_num=[200]
build_search_first_center_id_diff=[10]
build_search_topk=[5]
cache_capacity=[50000000]
cache_segment=[0]
dim=[128]
dynamic_prune_a=[603.9]
dynamic_prune_b=[-264.9]
dynamic_prune_c=[77.8]
dynamic_prune_switch=[1]
first_cluster_num=[25000]
hierachical_cluster_epoch=[5]
hs_mode=[0]
index_data_file=[./data/bigann/bigann_base.dim.bvecs]
index_dir=[./output/bigann_index1b_bvec2]
index_file_num=[32]
io_thread_num=[0]
is_async_read=[0]
is_disk=[1]
kmeans_centers_select_type=[3]
kmeans_epoch=[10]
kmeans_sample_rete=[0.2]
model_file=[./output/bigann_model1b_bvec2]
read_file_batch_size=[128]
read_index_file_thread_num=[4]
search_block_num=[3000]
search_first_center_num=[200]
search_neighbors=[300000]
search_second_center_num=[2000]
search_top_cut=[7]
second_cluster_num=[1000]
thread_num=[32]
train_data_file=[./data/bigann/bigann_learn.dim.bvecs]
train_data_num=[100000000]
use_cache=[0]
use_uint8_data=[1]
Eigen version: 3.4.0
Vectorization is enabled.
SSE vectorization is enabled.
AVX vectorization is enabled.
Parallelization is enabled.
OpenMP support is enabled.
Debugging is enabled.
Unrolling limit is set to 110.
Max static align bytes is set to 64.
MKL support is not enabled.
SIMD instruction sets in use: AVX512, FMA, AVX2, AVX, SSE, SSE2, SSE3, SSSE3, SSE4.1, SSE4.2
load_index  begin
0
51885062
103000160
154986000
207921743
262018575
314985640
367460871
421515119
477142152
531471410
584568296
639889766
698097506
754837252
811594115
869526000
927030200
983918064
1044081648
1103884009
1160809466
1224151783
1289218781
1350727468
1414611901
1476616271
1539750557
1606578033
1686738753
1753822127
1833360392
1933620739
NOTICE	m_build_index_loss	38742.2
load_index   TimeCost : 116235us
readDimVecs data/bigann/bigann_query.dim.fvecs begin
d = 128  num = 10000
readDimVecs data/bigann/bigann_query.dim.fvecs  TimeCost : 2827us
querys num = 10000 dim=128
groundtruth numVecs=10000 dim=100
run_test_set  begin
run_test_set  search begin TimeCost : 320us
run_test_set  search end TimeCost : 112272472us
avg_time 11227.2 us
0 1438.23
1 4261.23
2 4466.89
3 5051.19
4 37184
5 37192.9
6 47.6923
7 190.355
8 10522.8
9 11862.3
10 23576.4
11 30801.7
12 31290.5
13 0
14 219884
15 1005.79
run_test_set   TimeCost : 112273818us
10-recall@10 = 95.978996 tot=100000
+ ./bin/run_test_set conf/bigann1b_vec.conf data/bigann/bigann_query.dim.fvecs data/bigann/bigann_query_base_gt100.dim.ivecs 10 10 1 200 2000 0 0 0 1
Conf:
batch_size=[128]
build_index_num=[1000000000]
build_index_search_first_center_num=[200]
build_search_first_center_id_diff=[10]
build_search_topk=[5]
cache_capacity=[50000000]
cache_segment=[0]
dim=[128]
dynamic_prune_a=[603.9]
dynamic_prune_b=[-264.9]
dynamic_prune_c=[77.8]
dynamic_prune_switch=[1]
first_cluster_num=[25000]
hierachical_cluster_epoch=[5]
hs_mode=[0]
index_data_file=[./data/bigann/bigann_base.dim.bvecs]
index_dir=[./output/bigann_index1b_bvec2]
index_file_num=[32]
io_thread_num=[0]
is_async_read=[0]
is_disk=[1]
kmeans_centers_select_type=[3]
kmeans_epoch=[10]
kmeans_sample_rete=[0.2]
model_file=[./output/bigann_model1b_bvec2]
read_file_batch_size=[128]
read_index_file_thread_num=[4]
search_block_num=[3000]
search_first_center_num=[200]
search_neighbors=[300000]
search_second_center_num=[2000]
search_top_cut=[7]
second_cluster_num=[1000]
thread_num=[32]
train_data_file=[./data/bigann/bigann_learn.dim.bvecs]
train_data_num=[100000000]
use_cache=[0]
use_uint8_data=[1]
Eigen version: 3.4.0
Vectorization is enabled.
SSE vectorization is enabled.
AVX vectorization is enabled.
Parallelization is enabled.
OpenMP support is enabled.
Debugging is enabled.
Unrolling limit is set to 110.
Max static align bytes is set to 64.
MKL support is not enabled.
SIMD instruction sets in use: AVX512, FMA, AVX2, AVX, SSE, SSE2, SSE3, SSSE3, SSE4.1, SSE4.2
load_index  begin
0
51885062
103000160
154986000
207921743
262018575
314985640
367460871
421515119
477142152
531471410
584568296
639889766
698097506
754837252
811594115
869526000
927030200
983918064
1044081648
1103884009
1160809466
1224151783
1289218781
1350727468
1414611901
1476616271
1539750557
1606578033
1686738753
1753822127
1833360392
1933620739
NOTICE	m_build_index_loss	38742.2
load_index   TimeCost : 116367us
readDimVecs data/bigann/bigann_query.dim.fvecs begin
d = 128  num = 10000
readDimVecs data/bigann/bigann_query.dim.fvecs  TimeCost : 2845us
querys num = 10000 dim=128
groundtruth numVecs=10000 dim=100
run_test_set  begin
run_test_set  search begin TimeCost : 162us
run_test_set  search end TimeCost : 128233907us
avg_time 12823.4 us
0 1444.88
1 4276.19
2 4516.98
3 5287.84
4 41696.1
5 41705.2
6 53.5886
7 204.549
8 11738.1
9 13299.9
10 26534.9
11 34719.2
12 35308.3
13 0
14 254328
15 1077.8
run_test_set   TimeCost : 128235155us
10-recall@10 = 96.510002 tot=100000
+ ./bin/run_test_set conf/bigann1b_vec.conf data/bigann/bigann_query.dim.fvecs data/bigann/bigann_query_base_gt100.dim.ivecs 10 10 1 200 2500 0 0 0 1
Conf:
batch_size=[128]
build_index_num=[1000000000]
build_index_search_first_center_num=[200]
build_search_first_center_id_diff=[10]
build_search_topk=[5]
cache_capacity=[50000000]
cache_segment=[0]
dim=[128]
dynamic_prune_a=[603.9]
dynamic_prune_b=[-264.9]
dynamic_prune_c=[77.8]
dynamic_prune_switch=[1]
first_cluster_num=[25000]
hierachical_cluster_epoch=[5]
hs_mode=[0]
index_data_file=[./data/bigann/bigann_base.dim.bvecs]
index_dir=[./output/bigann_index1b_bvec2]
index_file_num=[32]
io_thread_num=[0]
is_async_read=[0]
is_disk=[1]
kmeans_centers_select_type=[3]
kmeans_epoch=[10]
kmeans_sample_rete=[0.2]
model_file=[./output/bigann_model1b_bvec2]
read_file_batch_size=[128]
read_index_file_thread_num=[4]
search_block_num=[3000]
search_first_center_num=[200]
search_neighbors=[300000]
search_second_center_num=[2000]
search_top_cut=[7]
second_cluster_num=[1000]
thread_num=[32]
train_data_file=[./data/bigann/bigann_learn.dim.bvecs]
train_data_num=[100000000]
use_cache=[0]
use_uint8_data=[1]
Eigen version: 3.4.0
Vectorization is enabled.
SSE vectorization is enabled.
AVX vectorization is enabled.
Parallelization is enabled.
OpenMP support is enabled.
Debugging is enabled.
Unrolling limit is set to 110.
Max static align bytes is set to 64.
MKL support is not enabled.
SIMD instruction sets in use: AVX512, FMA, AVX2, AVX, SSE, SSE2, SSE3, SSSE3, SSE4.1, SSE4.2
load_index  begin
0
51885062
103000160
154986000
207921743
262018575
314985640
367460871
421515119
477142152
531471410
584568296
639889766
698097506
754837252
811594115
869526000
927030200
983918064
1044081648
1103884009
1160809466
1224151783
1289218781
1350727468
1414611901
1476616271
1539750557
1606578033
1686738753
1753822127
1833360392
1933620739
NOTICE	m_build_index_loss	38742.2
load_index   TimeCost : 115312us
readDimVecs data/bigann/bigann_query.dim.fvecs begin
d = 128  num = 10000
readDimVecs data/bigann/bigann_query.dim.fvecs  TimeCost : 2784us
querys num = 10000 dim=128
groundtruth numVecs=10000 dim=100
run_test_set  begin
run_test_set  search begin TimeCost : 379us
run_test_set  search end TimeCost : 140554776us
avg_time 14055.4 us
0 1487.23
1 4340.24
2 4649.65
3 5592.63
4 45406.2
5 45417.9
6 59.3332
7 218.14
8 12741.7
9 14462.3
10 29077.9
11 38069.2
12 38684.8
13 0
14 283029
15 1102.3
run_test_set   TimeCost : 140556058us
10-recall@10 = 96.772003 tot=100000
+ ./bin/run_test_set conf/bigann1b_vec.conf data/bigann/bigann_query.dim.fvecs data/bigann/bigann_query_base_gt100.dim.ivecs 10 10 1 200 3000 0 0 0 1
Conf:
batch_size=[128]
build_index_num=[1000000000]
build_index_search_first_center_num=[200]
build_search_first_center_id_diff=[10]
build_search_topk=[5]
cache_capacity=[50000000]
cache_segment=[0]
dim=[128]
dynamic_prune_a=[603.9]
dynamic_prune_b=[-264.9]
dynamic_prune_c=[77.8]
dynamic_prune_switch=[1]
first_cluster_num=[25000]
hierachical_cluster_epoch=[5]
hs_mode=[0]
index_data_file=[./data/bigann/bigann_base.dim.bvecs]
index_dir=[./output/bigann_index1b_bvec2]
index_file_num=[32]
io_thread_num=[0]
is_async_read=[0]
is_disk=[1]
kmeans_centers_select_type=[3]
kmeans_epoch=[10]
kmeans_sample_rete=[0.2]
model_file=[./output/bigann_model1b_bvec2]
read_file_batch_size=[128]
read_index_file_thread_num=[4]
search_block_num=[3000]
search_first_center_num=[200]
search_neighbors=[300000]
search_second_center_num=[2000]
search_top_cut=[7]
second_cluster_num=[1000]
thread_num=[32]
train_data_file=[./data/bigann/bigann_learn.dim.bvecs]
train_data_num=[100000000]
use_cache=[0]
use_uint8_data=[1]
Eigen version: 3.4.0
Vectorization is enabled.
SSE vectorization is enabled.
AVX vectorization is enabled.
Parallelization is enabled.
OpenMP support is enabled.
Debugging is enabled.
Unrolling limit is set to 110.
Max static align bytes is set to 64.
MKL support is not enabled.
SIMD instruction sets in use: AVX512, FMA, AVX2, AVX, SSE, SSE2, SSE3, SSSE3, SSE4.1, SSE4.2
load_index  begin
0
51885062
103000160
154986000
207921743
262018575
314985640
367460871
421515119
477142152
531471410
584568296
639889766
698097506
754837252
811594115
869526000
927030200
983918064
1044081648
1103884009
1160809466
1224151783
1289218781
1350727468
1414611901
1476616271
1539750557
1606578033
1686738753
1753822127
1833360392
1933620739
NOTICE	m_build_index_loss	38742.2
load_index   TimeCost : 113329us
readDimVecs data/bigann/bigann_query.dim.fvecs begin
d = 128  num = 10000
readDimVecs data/bigann/bigann_query.dim.fvecs  TimeCost : 2775us
querys num = 10000 dim=128
groundtruth numVecs=10000 dim=100
run_test_set  begin
run_test_set  search begin TimeCost : 473us
run_test_set  search end TimeCost : 165183100us
avg_time 16518.3 us
0 1530.12
1 4400.07
2 4758.85
3 5889.27
4 54721.2
5 54731.4
6 65.9006
7 256.837
8 15663
9 17707.4
10 35885.6
11 46766.2
12 47516.9
13 0
14 339671
15 1315.19
run_test_set   TimeCost : 165184380us
10-recall@10 = 97.408997 tot=100000
+ ./bin/run_test_set conf/bigann1b_vec.conf data/bigann/bigann_query.dim.fvecs data/bigann/bigann_query_base_gt100.dim.ivecs 10 10 1 200 3500 0 0 0 1
Conf:
batch_size=[128]
build_index_num=[1000000000]
build_index_search_first_center_num=[200]
build_search_first_center_id_diff=[10]
build_search_topk=[5]
cache_capacity=[50000000]
cache_segment=[0]
dim=[128]
dynamic_prune_a=[603.9]
dynamic_prune_b=[-264.9]
dynamic_prune_c=[77.8]
dynamic_prune_switch=[1]
first_cluster_num=[25000]
hierachical_cluster_epoch=[5]
hs_mode=[0]
index_data_file=[./data/bigann/bigann_base.dim.bvecs]
index_dir=[./output/bigann_index1b_bvec2]
index_file_num=[32]
io_thread_num=[0]
is_async_read=[0]
is_disk=[1]
kmeans_centers_select_type=[3]
kmeans_epoch=[10]
kmeans_sample_rete=[0.2]
model_file=[./output/bigann_model1b_bvec2]
read_file_batch_size=[128]
read_index_file_thread_num=[4]
search_block_num=[3000]
search_first_center_num=[200]
search_neighbors=[300000]
search_second_center_num=[2000]
search_top_cut=[7]
second_cluster_num=[1000]
thread_num=[32]
train_data_file=[./data/bigann/bigann_learn.dim.bvecs]
train_data_num=[100000000]
use_cache=[0]
use_uint8_data=[1]
Eigen version: 3.4.0
Vectorization is enabled.
SSE vectorization is enabled.
AVX vectorization is enabled.
Parallelization is enabled.
OpenMP support is enabled.
Debugging is enabled.
Unrolling limit is set to 110.
Max static align bytes is set to 64.
MKL support is not enabled.
SIMD instruction sets in use: AVX512, FMA, AVX2, AVX, SSE, SSE2, SSE3, SSSE3, SSE4.1, SSE4.2
load_index  begin
0
51885062
103000160
154986000
207921743
262018575
314985640
367460871
421515119
477142152
531471410
584568296
639889766
698097506
754837252
811594115
869526000
927030200
983918064
1044081648
1103884009
1160809466
1224151783
1289218781
1350727468
1414611901
1476616271
1539750557
1606578033
1686738753
1753822127
1833360392
1933620739
NOTICE	m_build_index_loss	38742.2
load_index   TimeCost : 116156us
readDimVecs data/bigann/bigann_query.dim.fvecs begin
d = 128  num = 10000
readDimVecs data/bigann/bigann_query.dim.fvecs  TimeCost : 2801us
querys num = 10000 dim=128
groundtruth numVecs=10000 dim=100
run_test_set  begin
run_test_set  search begin TimeCost : 148us
run_test_set  search end TimeCost : 193637513us
avg_time 19363.7 us
0 1567.29
1 4463.35
2 4839.63
3 6109.15
4 61479
5 61488
6 76.2686
7 294.143
8 17707.2
9 20089.9
10 40522.8
11 53151.3
12 54055.2
13 0
14 396241
15 1526.73
run_test_set   TimeCost : 193638940us
10-recall@10 = 97.870003 tot=100000
+ ./bin/run_test_set conf/bigann1b_vec.conf data/bigann/bigann_query.dim.fvecs data/bigann/bigann_query_base_gt100.dim.ivecs 10 10 1 200 4500 0 0 0 1
Conf:
batch_size=[128]
build_index_num=[1000000000]
build_index_search_first_center_num=[200]
build_search_first_center_id_diff=[10]
build_search_topk=[5]
cache_capacity=[50000000]
cache_segment=[0]
dim=[128]
dynamic_prune_a=[603.9]
dynamic_prune_b=[-264.9]
dynamic_prune_c=[77.8]
dynamic_prune_switch=[1]
first_cluster_num=[25000]
hierachical_cluster_epoch=[5]
hs_mode=[0]
index_data_file=[./data/bigann/bigann_base.dim.bvecs]
index_dir=[./output/bigann_index1b_bvec2]
index_file_num=[32]
io_thread_num=[0]
is_async_read=[0]
is_disk=[1]
kmeans_centers_select_type=[3]
kmeans_epoch=[10]
kmeans_sample_rete=[0.2]
model_file=[./output/bigann_model1b_bvec2]
read_file_batch_size=[128]
read_index_file_thread_num=[4]
search_block_num=[3000]
search_first_center_num=[200]
search_neighbors=[300000]
search_second_center_num=[2000]
search_top_cut=[7]
second_cluster_num=[1000]
thread_num=[32]
train_data_file=[./data/bigann/bigann_learn.dim.bvecs]
train_data_num=[100000000]
use_cache=[0]
use_uint8_data=[1]
Eigen version: 3.4.0
Vectorization is enabled.
SSE vectorization is enabled.
AVX vectorization is enabled.
Parallelization is enabled.
OpenMP support is enabled.
Debugging is enabled.
Unrolling limit is set to 110.
Max static align bytes is set to 64.
MKL support is not enabled.
SIMD instruction sets in use: AVX512, FMA, AVX2, AVX, SSE, SSE2, SSE3, SSSE3, SSE4.1, SSE4.2
load_index  begin
0
51885062
103000160
154986000
207921743
262018575
314985640
367460871
421515119
477142152
531471410
584568296
639889766
698097506
754837252
811594115
869526000
927030200
983918064
1044081648
1103884009
1160809466
1224151783
1289218781
1350727468
1414611901
1476616271
1539750557
1606578033
1686738753
1753822127
1833360392
1933620739
NOTICE	m_build_index_loss	38742.2
load_index   TimeCost : 114857us
readDimVecs data/bigann/bigann_query.dim.fvecs begin
d = 128  num = 10000
readDimVecs data/bigann/bigann_query.dim.fvecs  TimeCost : 2809us
querys num = 10000 dim=128
groundtruth numVecs=10000 dim=100
run_test_set  begin
run_test_set  search begin TimeCost : 59us
run_test_set  search end TimeCost : 232295968us
avg_time 23229.6 us
0 1620.48
1 4537.11
2 5083.89
3 6684.5
4 75770.5
5 75785.8
6 93.4855
7 358.487
8 21867.2
9 24871.4
10 50381.5
11 66087.9
12 67260
13 0
14 501179
15 1897.01
run_test_set   TimeCost : 232297229us
10-recall@10 = 98.400002 tot=100000
+ ./bin/run_test_set conf/bigann1b_vec.conf data/bigann/bigann_query.dim.fvecs data/bigann/bigann_query_base_gt100.dim.ivecs 10 10 1 200 5000 0 0 0 1
Conf:
batch_size=[128]
build_index_num=[1000000000]
build_index_search_first_center_num=[200]
build_search_first_center_id_diff=[10]
build_search_topk=[5]
cache_capacity=[50000000]
cache_segment=[0]
dim=[128]
dynamic_prune_a=[603.9]
dynamic_prune_b=[-264.9]
dynamic_prune_c=[77.8]
dynamic_prune_switch=[1]
first_cluster_num=[25000]
hierachical_cluster_epoch=[5]
hs_mode=[0]
index_data_file=[./data/bigann/bigann_base.dim.bvecs]
index_dir=[./output/bigann_index1b_bvec2]
index_file_num=[32]
io_thread_num=[0]
is_async_read=[0]
is_disk=[1]
kmeans_centers_select_type=[3]
kmeans_epoch=[10]
kmeans_sample_rete=[0.2]
model_file=[./output/bigann_model1b_bvec2]
read_file_batch_size=[128]
read_index_file_thread_num=[4]
search_block_num=[3000]
search_first_center_num=[200]
search_neighbors=[300000]
search_second_center_num=[2000]
search_top_cut=[7]
second_cluster_num=[1000]
thread_num=[32]
train_data_file=[./data/bigann/bigann_learn.dim.bvecs]
train_data_num=[100000000]
use_cache=[0]
use_uint8_data=[1]
Eigen version: 3.4.0
Vectorization is enabled.
SSE vectorization is enabled.
AVX vectorization is enabled.
Parallelization is enabled.
OpenMP support is enabled.
Debugging is enabled.
Unrolling limit is set to 110.
Max static align bytes is set to 64.
MKL support is not enabled.
SIMD instruction sets in use: AVX512, FMA, AVX2, AVX, SSE, SSE2, SSE3, SSSE3, SSE4.1, SSE4.2
load_index  begin
0
51885062
103000160
154986000
207921743
262018575
314985640
367460871
421515119
477142152
531471410
584568296
639889766
698097506
754837252
811594115
869526000
927030200
983918064
1044081648
1103884009
1160809466
1224151783
1289218781
1350727468
1414611901
1476616271
1539750557
1606578033
1686738753
1753822127
1833360392
1933620739
NOTICE	m_build_index_loss	38742.2
load_index   TimeCost : 114163us
readDimVecs data/bigann/bigann_query.dim.fvecs begin
d = 128  num = 10000
readDimVecs data/bigann/bigann_query.dim.fvecs  TimeCost : 2788us
querys num = 10000 dim=128
groundtruth numVecs=10000 dim=100
run_test_set  begin
run_test_set  search begin TimeCost : 403us
run_test_set  search end TimeCost : 250862346us
avg_time 25086.2 us
0 1655.08
1 4584.97
2 5160.02
3 6928.33
4 81186.7
5 81195.6
6 95.1999
7 372.242
8 23508.3
9 26746.8
10 54429
11 71397.4
12 72627.5
13 0
14 540525
15 1983.72
run_test_set   TimeCost : 250863736us
10-recall@10 = 98.530998 tot=100000
+ ./bin/run_test_set conf/bigann1b_vec.conf data/bigann/bigann_query.dim.fvecs data/bigann/bigann_query_base_gt100.dim.ivecs 10 10 1 200 5500 0 0 0 1
Conf:
batch_size=[128]
build_index_num=[1000000000]
build_index_search_first_center_num=[200]
build_search_first_center_id_diff=[10]
build_search_topk=[5]
cache_capacity=[50000000]
cache_segment=[0]
dim=[128]
dynamic_prune_a=[603.9]
dynamic_prune_b=[-264.9]
dynamic_prune_c=[77.8]
dynamic_prune_switch=[1]
first_cluster_num=[25000]
hierachical_cluster_epoch=[5]
hs_mode=[0]
index_data_file=[./data/bigann/bigann_base.dim.bvecs]
index_dir=[./output/bigann_index1b_bvec2]
index_file_num=[32]
io_thread_num=[0]
is_async_read=[0]
is_disk=[1]
kmeans_centers_select_type=[3]
kmeans_epoch=[10]
kmeans_sample_rete=[0.2]
model_file=[./output/bigann_model1b_bvec2]
read_file_batch_size=[128]
read_index_file_thread_num=[4]
search_block_num=[3000]
search_first_center_num=[200]
search_neighbors=[300000]
search_second_center_num=[2000]
search_top_cut=[7]
second_cluster_num=[1000]
thread_num=[32]
train_data_file=[./data/bigann/bigann_learn.dim.bvecs]
train_data_num=[100000000]
use_cache=[0]
use_uint8_data=[1]
Eigen version: 3.4.0
Vectorization is enabled.
SSE vectorization is enabled.
AVX vectorization is enabled.
Parallelization is enabled.
OpenMP support is enabled.
Debugging is enabled.
Unrolling limit is set to 110.
Max static align bytes is set to 64.
MKL support is not enabled.
SIMD instruction sets in use: AVX512, FMA, AVX2, AVX, SSE, SSE2, SSE3, SSSE3, SSE4.1, SSE4.2
load_index  begin
0
51885062
103000160
154986000
207921743
262018575
314985640
367460871
421515119
477142152
531471410
584568296
639889766
698097506
754837252
811594115
869526000
927030200
983918064
1044081648
1103884009
1160809466
1224151783
1289218781
1350727468
1414611901
1476616271
1539750557
1606578033
1686738753
1753822127
1833360392
1933620739
NOTICE	m_build_index_loss	38742.2
load_index   TimeCost : 114882us
readDimVecs data/bigann/bigann_query.dim.fvecs begin
d = 128  num = 10000
readDimVecs data/bigann/bigann_query.dim.fvecs  TimeCost : 2812us
querys num = 10000 dim=128
groundtruth numVecs=10000 dim=100
run_test_set  begin
run_test_set  search begin TimeCost : 615us
run_test_set  search end TimeCost : 263043942us
avg_time 26304.3 us
0 1683.96
1 4639.85
2 5251.12
3 7201.5
4 84493.9
5 84507.1
6 99.3598
7 384.752
8 24343.9
9 27753.5
10 56613.3
11 74325
12 75622.4
13 0
14 566929
15 1973.51
run_test_set   TimeCost : 263045236us
10-recall@10 = 98.603996 tot=100000
+ ./bin/run_test_set conf/bigann1b_vec.conf data/bigann/bigann_query.dim.fvecs data/bigann/bigann_query_base_gt100.dim.ivecs 10 10 1 200 6000 0 0 0 1
Conf:
batch_size=[128]
build_index_num=[1000000000]
build_index_search_first_center_num=[200]
build_search_first_center_id_diff=[10]
build_search_topk=[5]
cache_capacity=[50000000]
cache_segment=[0]
dim=[128]
dynamic_prune_a=[603.9]
dynamic_prune_b=[-264.9]
dynamic_prune_c=[77.8]
dynamic_prune_switch=[1]
first_cluster_num=[25000]
hierachical_cluster_epoch=[5]
hs_mode=[0]
index_data_file=[./data/bigann/bigann_base.dim.bvecs]
index_dir=[./output/bigann_index1b_bvec2]
index_file_num=[32]
io_thread_num=[0]
is_async_read=[0]
is_disk=[1]
kmeans_centers_select_type=[3]
kmeans_epoch=[10]
kmeans_sample_rete=[0.2]
model_file=[./output/bigann_model1b_bvec2]
read_file_batch_size=[128]
read_index_file_thread_num=[4]
search_block_num=[3000]
search_first_center_num=[200]
search_neighbors=[300000]
search_second_center_num=[2000]
search_top_cut=[7]
second_cluster_num=[1000]
thread_num=[32]
train_data_file=[./data/bigann/bigann_learn.dim.bvecs]
train_data_num=[100000000]
use_cache=[0]
use_uint8_data=[1]
Eigen version: 3.4.0
Vectorization is enabled.
SSE vectorization is enabled.
AVX vectorization is enabled.
Parallelization is enabled.
OpenMP support is enabled.
Debugging is enabled.
Unrolling limit is set to 110.
Max static align bytes is set to 64.
MKL support is not enabled.
SIMD instruction sets in use: AVX512, FMA, AVX2, AVX, SSE, SSE2, SSE3, SSSE3, SSE4.1, SSE4.2
load_index  begin
0
51885062
103000160
154986000
207921743
262018575
314985640
367460871
421515119
477142152
531471410
584568296
639889766
698097506
754837252
811594115
869526000
927030200
983918064
1044081648
1103884009
1160809466
1224151783
1289218781
1350727468
1414611901
1476616271
1539750557
1606578033
1686738753
1753822127
1833360392
1933620739
NOTICE	m_build_index_loss	38742.2
load_index   TimeCost : 114481us
readDimVecs data/bigann/bigann_query.dim.fvecs begin
d = 128  num = 10000
readDimVecs data/bigann/bigann_query.dim.fvecs  TimeCost : 2815us
querys num = 10000 dim=128
groundtruth numVecs=10000 dim=100
run_test_set  begin
run_test_set  search begin TimeCost : 398us
run_test_set  search end TimeCost : 271721446us
avg_time 27172.1 us
0 1721.4
1 4685.52
2 5327.15
3 7429.35
4 85877.7
5 85893
6 96.1982
7 370.239
8 24585.8
9 28111.5
10 57430.1
11 75530.6
12 76876.8
13 0
14 582593
15 1895.95
run_test_set   TimeCost : 271722778us
10-recall@10 = 98.605003 tot=100000
