+ ./bin/run_test_set conf/bigann1b_vec.conf data/bigann/bigann_query.dim.fvecs data/bigann/bigann_query_base_gt100.dim.ivecs 1 1 1 100 100 0 0 0 1
Conf:
batch_size=[128]
build_index_num=[1000000000]
build_index_search_first_center_num=[200]
build_search_first_center_id_diff=[10]
build_search_topk=[5]
cache_capacity=[50000000]
cache_segment=[0]
dim=[128]
dynamic_prune_a=[603.9]
dynamic_prune_b=[-264.9]
dynamic_prune_c=[77.8]
dynamic_prune_switch=[1]
first_cluster_num=[25000]
hierachical_cluster_epoch=[5]
hs_mode=[0]
index_data_file=[./data/bigann/bigann_base.dim.bvecs]
index_dir=[./output/bigann_index1b_bvec2]
index_file_num=[32]
io_thread_num=[0]
is_async_read=[0]
is_disk=[1]
kmeans_centers_select_type=[3]
kmeans_epoch=[10]
kmeans_sample_rete=[0.2]
model_file=[./output/bigann_model1b_bvec2]
read_file_batch_size=[128]
read_index_file_thread_num=[4]
search_block_num=[30000]
search_first_center_num=[200]
search_neighbors=[3000000]
search_second_center_num=[2000]
search_top_cut=[70]
second_cluster_num=[1000]
thread_num=[32]
train_data_file=[./data/bigann/bigann_learn.dim.bvecs]
train_data_num=[100000000]
use_cache=[0]
use_uint8_data=[1]
Eigen version: 3.4.0
Vectorization is enabled.
SSE vectorization is enabled.
AVX vectorization is enabled.
Parallelization is enabled.
OpenMP support is enabled.
Debugging is enabled.
Unrolling limit is set to 110.
Max static align bytes is set to 64.
MKL support is not enabled.
SIMD instruction sets in use: AVX512, FMA, AVX2, AVX, SSE, SSE2, SSE3, SSSE3, SSE4.1, SSE4.2
load_index  begin
0
51885062
103000160
154986000
207921743
262018575
314985640
367460871
421515119
477142152
531471410
584568296
639889766
698097506
754837252
811594115
869526000
927030200
983918064
1044081648
1103884009
1160809466
1224151783
1289218781
1350727468
1414611901
1476616271
1539750557
1606578033
1686738753
1753822127
1833360392
1933620739
NOTICE	m_build_index_loss	38742.2
load_index   TimeCost : 123150us
readDimVecs data/bigann/bigann_query.dim.fvecs begin
d = 128  num = 10000
readDimVecs data/bigann/bigann_query.dim.fvecs  TimeCost : 2923us
querys num = 10000 dim=128
groundtruth numVecs=10000 dim=100
WARMUP BEGIN
WARMUP END
run_test_set  begin
run_test_set  search begin TimeCost : 19us
run_test_set  search end TimeCost : 29631810us
avg_time 2963.18 us
0 1342.71
1 2650.33
2 2693.74
3 2759.94
4 11683.3
5 11683.4
6 8.1674
7 33.7493
8 4629.39
9 4908.51
10 7327.03
11 8703.95
12 8808.8
13 0
14 40425.8
15 142.095
run_test_set   TimeCost : 29632393us
1-recall@1 = 82.129997 tot=10000
+ ./bin/run_test_set conf/bigann1b_vec.conf data/bigann/bigann_query.dim.fvecs data/bigann/bigann_query_base_gt100.dim.ivecs 1 1 1 200 200 0 0 0 1
Conf:
batch_size=[128]
build_index_num=[1000000000]
build_index_search_first_center_num=[200]
build_search_first_center_id_diff=[10]
build_search_topk=[5]
cache_capacity=[50000000]
cache_segment=[0]
dim=[128]
dynamic_prune_a=[603.9]
dynamic_prune_b=[-264.9]
dynamic_prune_c=[77.8]
dynamic_prune_switch=[1]
first_cluster_num=[25000]
hierachical_cluster_epoch=[5]
hs_mode=[0]
index_data_file=[./data/bigann/bigann_base.dim.bvecs]
index_dir=[./output/bigann_index1b_bvec2]
index_file_num=[32]
io_thread_num=[0]
is_async_read=[0]
is_disk=[1]
kmeans_centers_select_type=[3]
kmeans_epoch=[10]
kmeans_sample_rete=[0.2]
model_file=[./output/bigann_model1b_bvec2]
read_file_batch_size=[128]
read_index_file_thread_num=[4]
search_block_num=[30000]
search_first_center_num=[200]
search_neighbors=[3000000]
search_second_center_num=[2000]
search_top_cut=[70]
second_cluster_num=[1000]
thread_num=[32]
train_data_file=[./data/bigann/bigann_learn.dim.bvecs]
train_data_num=[100000000]
use_cache=[0]
use_uint8_data=[1]
Eigen version: 3.4.0
Vectorization is enabled.
SSE vectorization is enabled.
AVX vectorization is enabled.
Parallelization is enabled.
OpenMP support is enabled.
Debugging is enabled.
Unrolling limit is set to 110.
Max static align bytes is set to 64.
MKL support is not enabled.
SIMD instruction sets in use: AVX512, FMA, AVX2, AVX, SSE, SSE2, SSE3, SSSE3, SSE4.1, SSE4.2
load_index  begin
0
51885062
103000160
154986000
207921743
262018575
314985640
367460871
421515119
477142152
531471410
584568296
639889766
698097506
754837252
811594115
869526000
927030200
983918064
1044081648
1103884009
1160809466
1224151783
1289218781
1350727468
1414611901
1476616271
1539750557
1606578033
1686738753
1753822127
1833360392
1933620739
NOTICE	m_build_index_loss	38742.2
load_index   TimeCost : 113226us
readDimVecs data/bigann/bigann_query.dim.fvecs begin
d = 128  num = 10000
readDimVecs data/bigann/bigann_query.dim.fvecs  TimeCost : 2815us
querys num = 10000 dim=128
groundtruth numVecs=10000 dim=100
WARMUP BEGIN
WARMUP END
run_test_set  begin
run_test_set  search begin TimeCost : 53us
run_test_set  search end TimeCost : 45766567us
avg_time 4576.65 us
0 1417.96
1 4184.91
2 4246.77
3 4358.5
4 16092.9
5 16095.3
6 13.5976
7 55.5084
8 5124.21
9 5561.8
10 9154.84
11 11335.3
12 11500.6
13 0
14 62633.5
15 247.649
run_test_set   TimeCost : 45767154us
1-recall@1 = 88.589996 tot=10000
+ ./bin/run_test_set conf/bigann1b_vec.conf data/bigann/bigann_query.dim.fvecs data/bigann/bigann_query_base_gt100.dim.ivecs 1 1 1 200 300 0 0 0 1
Conf:
batch_size=[128]
build_index_num=[1000000000]
build_index_search_first_center_num=[200]
build_search_first_center_id_diff=[10]
build_search_topk=[5]
cache_capacity=[50000000]
cache_segment=[0]
dim=[128]
dynamic_prune_a=[603.9]
dynamic_prune_b=[-264.9]
dynamic_prune_c=[77.8]
dynamic_prune_switch=[1]
first_cluster_num=[25000]
hierachical_cluster_epoch=[5]
hs_mode=[0]
index_data_file=[./data/bigann/bigann_base.dim.bvecs]
index_dir=[./output/bigann_index1b_bvec2]
index_file_num=[32]
io_thread_num=[0]
is_async_read=[0]
is_disk=[1]
kmeans_centers_select_type=[3]
kmeans_epoch=[10]
kmeans_sample_rete=[0.2]
model_file=[./output/bigann_model1b_bvec2]
read_file_batch_size=[128]
read_index_file_thread_num=[4]
search_block_num=[30000]
search_first_center_num=[200]
search_neighbors=[3000000]
search_second_center_num=[2000]
search_top_cut=[70]
second_cluster_num=[1000]
thread_num=[32]
train_data_file=[./data/bigann/bigann_learn.dim.bvecs]
train_data_num=[100000000]
use_cache=[0]
use_uint8_data=[1]
Eigen version: 3.4.0
Vectorization is enabled.
SSE vectorization is enabled.
AVX vectorization is enabled.
Parallelization is enabled.
OpenMP support is enabled.
Debugging is enabled.
Unrolling limit is set to 110.
Max static align bytes is set to 64.
MKL support is not enabled.
SIMD instruction sets in use: AVX512, FMA, AVX2, AVX, SSE, SSE2, SSE3, SSSE3, SSE4.1, SSE4.2
load_index  begin
0
51885062
103000160
154986000
207921743
262018575
314985640
367460871
421515119
477142152
531471410
584568296
639889766
698097506
754837252
811594115
869526000
927030200
983918064
1044081648
1103884009
1160809466
1224151783
1289218781
1350727468
1414611901
1476616271
1539750557
1606578033
1686738753
1753822127
1833360392
1933620739
NOTICE	m_build_index_loss	38742.2
load_index   TimeCost : 111603us
readDimVecs data/bigann/bigann_query.dim.fvecs begin
d = 128  num = 10000
readDimVecs data/bigann/bigann_query.dim.fvecs  TimeCost : 2775us
querys num = 10000 dim=128
groundtruth numVecs=10000 dim=100
WARMUP BEGIN
WARMUP END
run_test_set  begin
run_test_set  search begin TimeCost : 53us
run_test_set  search end TimeCost : 54520940us
avg_time 5452.09 us
0 1428.38
1 4227.24
2 4305
3 4452.73
4 18812.5
5 18813.1
6 17.384
7 71.0993
8 5884.17
9 6436.17
10 11103.3
11 13898.2
12 14106.5
13 0
14 80439.1
15 336.362
run_test_set   TimeCost : 54521497us
1-recall@1 = 91.599998 tot=10000
+ ./bin/run_test_set conf/bigann1b_vec.conf data/bigann/bigann_query.dim.fvecs data/bigann/bigann_query_base_gt100.dim.ivecs 1 1 1 200 500 0 0 0 1
Conf:
batch_size=[128]
build_index_num=[1000000000]
build_index_search_first_center_num=[200]
build_search_first_center_id_diff=[10]
build_search_topk=[5]
cache_capacity=[50000000]
cache_segment=[0]
dim=[128]
dynamic_prune_a=[603.9]
dynamic_prune_b=[-264.9]
dynamic_prune_c=[77.8]
dynamic_prune_switch=[1]
first_cluster_num=[25000]
hierachical_cluster_epoch=[5]
hs_mode=[0]
index_data_file=[./data/bigann/bigann_base.dim.bvecs]
index_dir=[./output/bigann_index1b_bvec2]
index_file_num=[32]
io_thread_num=[0]
is_async_read=[0]
is_disk=[1]
kmeans_centers_select_type=[3]
kmeans_epoch=[10]
kmeans_sample_rete=[0.2]
model_file=[./output/bigann_model1b_bvec2]
read_file_batch_size=[128]
read_index_file_thread_num=[4]
search_block_num=[30000]
search_first_center_num=[200]
search_neighbors=[3000000]
search_second_center_num=[2000]
search_top_cut=[70]
second_cluster_num=[1000]
thread_num=[32]
train_data_file=[./data/bigann/bigann_learn.dim.bvecs]
train_data_num=[100000000]
use_cache=[0]
use_uint8_data=[1]
Eigen version: 3.4.0
Vectorization is enabled.
SSE vectorization is enabled.
AVX vectorization is enabled.
Parallelization is enabled.
OpenMP support is enabled.
Debugging is enabled.
Unrolling limit is set to 110.
Max static align bytes is set to 64.
MKL support is not enabled.
SIMD instruction sets in use: AVX512, FMA, AVX2, AVX, SSE, SSE2, SSE3, SSSE3, SSE4.1, SSE4.2
load_index  begin
0
51885062
103000160
154986000
207921743
262018575
314985640
367460871
421515119
477142152
531471410
584568296
639889766
698097506
754837252
811594115
869526000
927030200
983918064
1044081648
1103884009
1160809466
1224151783
1289218781
1350727468
1414611901
1476616271
1539750557
1606578033
1686738753
1753822127
1833360392
1933620739
NOTICE	m_build_index_loss	38742.2
load_index   TimeCost : 110904us
readDimVecs data/bigann/bigann_query.dim.fvecs begin
d = 128  num = 10000
readDimVecs data/bigann/bigann_query.dim.fvecs  TimeCost : 2760us
querys num = 10000 dim=128
groundtruth numVecs=10000 dim=100
WARMUP BEGIN
WARMUP END
run_test_set  begin
run_test_set  search begin TimeCost : 60us
run_test_set  search end TimeCost : 68934453us
avg_time 6893.44 us
0 1415.5
1 4196.84
2 4290.99
3 4517.51
4 24592.9
5 24618.2
6 24.5241
7 95.7626
8 8810.72
9 9540.71
10 15659.1
11 19367.8
12 19645
13 0
14 109395
15 478.291
run_test_set   TimeCost : 68935025us
1-recall@1 = 94.269997 tot=10000
+ ./bin/run_test_set conf/bigann1b_vec.conf data/bigann/bigann_query.dim.fvecs data/bigann/bigann_query_base_gt100.dim.ivecs 1 1 1 200 1000 0 0 0 1
Conf:
batch_size=[128]
build_index_num=[1000000000]
build_index_search_first_center_num=[200]
build_search_first_center_id_diff=[10]
build_search_topk=[5]
cache_capacity=[50000000]
cache_segment=[0]
dim=[128]
dynamic_prune_a=[603.9]
dynamic_prune_b=[-264.9]
dynamic_prune_c=[77.8]
dynamic_prune_switch=[1]
first_cluster_num=[25000]
hierachical_cluster_epoch=[5]
hs_mode=[0]
index_data_file=[./data/bigann/bigann_base.dim.bvecs]
index_dir=[./output/bigann_index1b_bvec2]
index_file_num=[32]
io_thread_num=[0]
is_async_read=[0]
is_disk=[1]
kmeans_centers_select_type=[3]
kmeans_epoch=[10]
kmeans_sample_rete=[0.2]
model_file=[./output/bigann_model1b_bvec2]
read_file_batch_size=[128]
read_index_file_thread_num=[4]
search_block_num=[30000]
search_first_center_num=[200]
search_neighbors=[3000000]
search_second_center_num=[2000]
search_top_cut=[70]
second_cluster_num=[1000]
thread_num=[32]
train_data_file=[./data/bigann/bigann_learn.dim.bvecs]
train_data_num=[100000000]
use_cache=[0]
use_uint8_data=[1]
Eigen version: 3.4.0
Vectorization is enabled.
SSE vectorization is enabled.
AVX vectorization is enabled.
Parallelization is enabled.
OpenMP support is enabled.
Debugging is enabled.
Unrolling limit is set to 110.
Max static align bytes is set to 64.
MKL support is not enabled.
SIMD instruction sets in use: AVX512, FMA, AVX2, AVX, SSE, SSE2, SSE3, SSSE3, SSE4.1, SSE4.2
load_index  begin
0
51885062
103000160
154986000
207921743
262018575
314985640
367460871
421515119
477142152
531471410
584568296
639889766
698097506
754837252
811594115
869526000
927030200
983918064
1044081648
1103884009
1160809466
1224151783
1289218781
1350727468
1414611901
1476616271
1539750557
1606578033
1686738753
1753822127
1833360392
1933620739
NOTICE	m_build_index_loss	38742.2
load_index   TimeCost : 111259us
readDimVecs data/bigann/bigann_query.dim.fvecs begin
d = 128  num = 10000
readDimVecs data/bigann/bigann_query.dim.fvecs  TimeCost : 2825us
querys num = 10000 dim=128
groundtruth numVecs=10000 dim=100
WARMUP BEGIN
WARMUP END
run_test_set  begin
run_test_set  search begin TimeCost : 78us
run_test_set  search end TimeCost : 93240474us
avg_time 9324.04 us
0 1418.14
1 4202.94
2 4344.18
3 4742.97
4 36459.2
5 36460
6 34.1564
7 135.167
8 15792.4
9 16794.7
10 25483.3
11 30716.5
12 31100.6
13 0
14 159971
15 684.398
run_test_set   TimeCost : 93241055us
1-recall@1 = 96.389999 tot=10000
+ ./bin/run_test_set conf/bigann1b_vec.conf data/bigann/bigann_query.dim.fvecs data/bigann/bigann_query_base_gt100.dim.ivecs 1 1 1 200 1500 0 0 0 1
Conf:
batch_size=[128]
build_index_num=[1000000000]
build_index_search_first_center_num=[200]
build_search_first_center_id_diff=[10]
build_search_topk=[5]
cache_capacity=[50000000]
cache_segment=[0]
dim=[128]
dynamic_prune_a=[603.9]
dynamic_prune_b=[-264.9]
dynamic_prune_c=[77.8]
dynamic_prune_switch=[1]
first_cluster_num=[25000]
hierachical_cluster_epoch=[5]
hs_mode=[0]
index_data_file=[./data/bigann/bigann_base.dim.bvecs]
index_dir=[./output/bigann_index1b_bvec2]
index_file_num=[32]
io_thread_num=[0]
is_async_read=[0]
is_disk=[1]
kmeans_centers_select_type=[3]
kmeans_epoch=[10]
kmeans_sample_rete=[0.2]
model_file=[./output/bigann_model1b_bvec2]
read_file_batch_size=[128]
read_index_file_thread_num=[4]
search_block_num=[30000]
search_first_center_num=[200]
search_neighbors=[3000000]
search_second_center_num=[2000]
search_top_cut=[70]
second_cluster_num=[1000]
thread_num=[32]
train_data_file=[./data/bigann/bigann_learn.dim.bvecs]
train_data_num=[100000000]
use_cache=[0]
use_uint8_data=[1]
Eigen version: 3.4.0
Vectorization is enabled.
SSE vectorization is enabled.
AVX vectorization is enabled.
Parallelization is enabled.
OpenMP support is enabled.
Debugging is enabled.
Unrolling limit is set to 110.
Max static align bytes is set to 64.
MKL support is not enabled.
SIMD instruction sets in use: AVX512, FMA, AVX2, AVX, SSE, SSE2, SSE3, SSSE3, SSE4.1, SSE4.2
load_index  begin
0
51885062
103000160
154986000
207921743
262018575
314985640
367460871
421515119
477142152
531471410
584568296
639889766
698097506
754837252
811594115
869526000
927030200
983918064
1044081648
1103884009
1160809466
1224151783
1289218781
1350727468
1414611901
1476616271
1539750557
1606578033
1686738753
1753822127
1833360392
1933620739
NOTICE	m_build_index_loss	38742.2
load_index   TimeCost : 110756us
readDimVecs data/bigann/bigann_query.dim.fvecs begin
d = 128  num = 10000
readDimVecs data/bigann/bigann_query.dim.fvecs  TimeCost : 2766us
querys num = 10000 dim=128
groundtruth numVecs=10000 dim=100
WARMUP BEGIN
WARMUP END
run_test_set  begin
run_test_set  search begin TimeCost : 34us
run_test_set  search end TimeCost : 110824586us
avg_time 11082.5 us
0 1477.78
1 4315.78
2 4516.38
3 5086.19
4 37094.3
5 37095
6 39.6639
7 153.909
8 12878.7
9 14112.6
10 24551
11 30903.2
12 31352.8
13 0
14 193739
15 754.229
run_test_set   TimeCost : 110825187us
1-recall@1 = 97.080002 tot=10000
+ ./bin/run_test_set conf/bigann1b_vec.conf data/bigann/bigann_query.dim.fvecs data/bigann/bigann_query_base_gt100.dim.ivecs 1 1 1 200 2000 0 0 0 1
Conf:
batch_size=[128]
build_index_num=[1000000000]
build_index_search_first_center_num=[200]
build_search_first_center_id_diff=[10]
build_search_topk=[5]
cache_capacity=[50000000]
cache_segment=[0]
dim=[128]
dynamic_prune_a=[603.9]
dynamic_prune_b=[-264.9]
dynamic_prune_c=[77.8]
dynamic_prune_switch=[1]
first_cluster_num=[25000]
hierachical_cluster_epoch=[5]
hs_mode=[0]
index_data_file=[./data/bigann/bigann_base.dim.bvecs]
index_dir=[./output/bigann_index1b_bvec2]
index_file_num=[32]
io_thread_num=[0]
is_async_read=[0]
is_disk=[1]
kmeans_centers_select_type=[3]
kmeans_epoch=[10]
kmeans_sample_rete=[0.2]
model_file=[./output/bigann_model1b_bvec2]
read_file_batch_size=[128]
read_index_file_thread_num=[4]
search_block_num=[30000]
search_first_center_num=[200]
search_neighbors=[3000000]
search_second_center_num=[2000]
search_top_cut=[70]
second_cluster_num=[1000]
thread_num=[32]
train_data_file=[./data/bigann/bigann_learn.dim.bvecs]
train_data_num=[100000000]
use_cache=[0]
use_uint8_data=[1]
Eigen version: 3.4.0
Vectorization is enabled.
SSE vectorization is enabled.
AVX vectorization is enabled.
Parallelization is enabled.
OpenMP support is enabled.
Debugging is enabled.
Unrolling limit is set to 110.
Max static align bytes is set to 64.
MKL support is not enabled.
SIMD instruction sets in use: AVX512, FMA, AVX2, AVX, SSE, SSE2, SSE3, SSSE3, SSE4.1, SSE4.2
load_index  begin
0
51885062
103000160
154986000
207921743
262018575
314985640
367460871
421515119
477142152
531471410
584568296
639889766
698097506
754837252
811594115
869526000
927030200
983918064
1044081648
1103884009
1160809466
1224151783
1289218781
1350727468
1414611901
1476616271
1539750557
1606578033
1686738753
1753822127
1833360392
1933620739
NOTICE	m_build_index_loss	38742.2
load_index   TimeCost : 111334us
readDimVecs data/bigann/bigann_query.dim.fvecs begin
d = 128  num = 10000
readDimVecs data/bigann/bigann_query.dim.fvecs  TimeCost : 2799us
querys num = 10000 dim=128
groundtruth numVecs=10000 dim=100
WARMUP BEGIN
WARMUP END
run_test_set  begin
run_test_set  search begin TimeCost : 55us
run_test_set  search end TimeCost : 119077442us
avg_time 11907.7 us
0 1498.44
1 4367.46
2 4601.66
3 5347.32
4 39307.1
5 39307.9
6 39.4827
7 160.965
8 12450.8
9 13856.4
10 25675.3
11 32754.7
12 33280.8
13 0
14 220295
15 771.158
run_test_set   TimeCost : 119078077us
1-recall@1 = 97.360001 tot=10000
+ ./bin/run_test_set conf/bigann1b_vec.conf data/bigann/bigann_query.dim.fvecs data/bigann/bigann_query_base_gt100.dim.ivecs 1 1 1 200 2500 0 0 0 1
Conf:
batch_size=[128]
build_index_num=[1000000000]
build_index_search_first_center_num=[200]
build_search_first_center_id_diff=[10]
build_search_topk=[5]
cache_capacity=[50000000]
cache_segment=[0]
dim=[128]
dynamic_prune_a=[603.9]
dynamic_prune_b=[-264.9]
dynamic_prune_c=[77.8]
dynamic_prune_switch=[1]
first_cluster_num=[25000]
hierachical_cluster_epoch=[5]
hs_mode=[0]
index_data_file=[./data/bigann/bigann_base.dim.bvecs]
index_dir=[./output/bigann_index1b_bvec2]
index_file_num=[32]
io_thread_num=[0]
is_async_read=[0]
is_disk=[1]
kmeans_centers_select_type=[3]
kmeans_epoch=[10]
kmeans_sample_rete=[0.2]
model_file=[./output/bigann_model1b_bvec2]
read_file_batch_size=[128]
read_index_file_thread_num=[4]
search_block_num=[30000]
search_first_center_num=[200]
search_neighbors=[3000000]
search_second_center_num=[2000]
search_top_cut=[70]
second_cluster_num=[1000]
thread_num=[32]
train_data_file=[./data/bigann/bigann_learn.dim.bvecs]
train_data_num=[100000000]
use_cache=[0]
use_uint8_data=[1]
Eigen version: 3.4.0
Vectorization is enabled.
SSE vectorization is enabled.
AVX vectorization is enabled.
Parallelization is enabled.
OpenMP support is enabled.
Debugging is enabled.
Unrolling limit is set to 110.
Max static align bytes is set to 64.
MKL support is not enabled.
SIMD instruction sets in use: AVX512, FMA, AVX2, AVX, SSE, SSE2, SSE3, SSSE3, SSE4.1, SSE4.2
load_index  begin
0
51885062
103000160
154986000
207921743
262018575
314985640
367460871
421515119
477142152
531471410
584568296
639889766
698097506
754837252
811594115
869526000
927030200
983918064
1044081648
1103884009
1160809466
1224151783
1289218781
1350727468
1414611901
1476616271
1539750557
1606578033
1686738753
1753822127
1833360392
1933620739
NOTICE	m_build_index_loss	38742.2
load_index   TimeCost : 111212us
readDimVecs data/bigann/bigann_query.dim.fvecs begin
d = 128  num = 10000
readDimVecs data/bigann/bigann_query.dim.fvecs  TimeCost : 2751us
querys num = 10000 dim=128
groundtruth numVecs=10000 dim=100
WARMUP BEGIN
WARMUP END
run_test_set  begin
run_test_set  search begin TimeCost : 50us
run_test_set  search end TimeCost : 130107578us
avg_time 13010.8 us
0 1539.97
1 4429.03
2 4730.39
3 5637.6
4 42145.5
5 42146.4
6 43.0687
7 167.183
8 13047.2
9 14599.1
10 27492.2
11 35217.3
12 35779.2
13 0
14 243680
15 774.5
run_test_set   TimeCost : 130108180us
1-recall@1 = 97.550003 tot=10000
+ ./bin/run_test_set conf/bigann1b_vec.conf data/bigann/bigann_query.dim.fvecs data/bigann/bigann_query_base_gt100.dim.ivecs 1 1 1 200 3000 0 0 0 1
Conf:
batch_size=[128]
build_index_num=[1000000000]
build_index_search_first_center_num=[200]
build_search_first_center_id_diff=[10]
build_search_topk=[5]
cache_capacity=[50000000]
cache_segment=[0]
dim=[128]
dynamic_prune_a=[603.9]
dynamic_prune_b=[-264.9]
dynamic_prune_c=[77.8]
dynamic_prune_switch=[1]
first_cluster_num=[25000]
hierachical_cluster_epoch=[5]
hs_mode=[0]
index_data_file=[./data/bigann/bigann_base.dim.bvecs]
index_dir=[./output/bigann_index1b_bvec2]
index_file_num=[32]
io_thread_num=[0]
is_async_read=[0]
is_disk=[1]
kmeans_centers_select_type=[3]
kmeans_epoch=[10]
kmeans_sample_rete=[0.2]
model_file=[./output/bigann_model1b_bvec2]
read_file_batch_size=[128]
read_index_file_thread_num=[4]
search_block_num=[30000]
search_first_center_num=[200]
search_neighbors=[3000000]
search_second_center_num=[2000]
search_top_cut=[70]
second_cluster_num=[1000]
thread_num=[32]
train_data_file=[./data/bigann/bigann_learn.dim.bvecs]
train_data_num=[100000000]
use_cache=[0]
use_uint8_data=[1]
Eigen version: 3.4.0
Vectorization is enabled.
SSE vectorization is enabled.
AVX vectorization is enabled.
Parallelization is enabled.
OpenMP support is enabled.
Debugging is enabled.
Unrolling limit is set to 110.
Max static align bytes is set to 64.
MKL support is not enabled.
SIMD instruction sets in use: AVX512, FMA, AVX2, AVX, SSE, SSE2, SSE3, SSSE3, SSE4.1, SSE4.2
load_index  begin
0
51885062
103000160
154986000
207921743
262018575
314985640
367460871
421515119
477142152
531471410
584568296
639889766
698097506
754837252
811594115
869526000
927030200
983918064
1044081648
1103884009
1160809466
1224151783
1289218781
1350727468
1414611901
1476616271
1539750557
1606578033
1686738753
1753822127
1833360392
1933620739
NOTICE	m_build_index_loss	38742.2
load_index   TimeCost : 110574us
readDimVecs data/bigann/bigann_query.dim.fvecs begin
d = 128  num = 10000
readDimVecs data/bigann/bigann_query.dim.fvecs  TimeCost : 2770us
querys num = 10000 dim=128
groundtruth numVecs=10000 dim=100
WARMUP BEGIN
WARMUP END
run_test_set  begin
run_test_set  search begin TimeCost : 31us
run_test_set  search end TimeCost : 153889505us
avg_time 15388.9 us
0 1552.19
1 4413.98
2 4743.2
3 5795.03
4 57086.9
5 57087.7
6 50.5274
7 191.552
8 23999
9 25801.6
10 40752.3
11 49800.1
12 50434.4
13 0
14 294990
15 926.436
run_test_set   TimeCost : 153890102us
1-recall@1 = 98.059998 tot=10000
+ ./bin/run_test_set conf/bigann1b_vec.conf data/bigann/bigann_query.dim.fvecs data/bigann/bigann_query_base_gt100.dim.ivecs 1 1 1 200 3500 0 0 0 1
Conf:
batch_size=[128]
build_index_num=[1000000000]
build_index_search_first_center_num=[200]
build_search_first_center_id_diff=[10]
build_search_topk=[5]
cache_capacity=[50000000]
cache_segment=[0]
dim=[128]
dynamic_prune_a=[603.9]
dynamic_prune_b=[-264.9]
dynamic_prune_c=[77.8]
dynamic_prune_switch=[1]
first_cluster_num=[25000]
hierachical_cluster_epoch=[5]
hs_mode=[0]
index_data_file=[./data/bigann/bigann_base.dim.bvecs]
index_dir=[./output/bigann_index1b_bvec2]
index_file_num=[32]
io_thread_num=[0]
is_async_read=[0]
is_disk=[1]
kmeans_centers_select_type=[3]
kmeans_epoch=[10]
kmeans_sample_rete=[0.2]
model_file=[./output/bigann_model1b_bvec2]
read_file_batch_size=[128]
read_index_file_thread_num=[4]
search_block_num=[30000]
search_first_center_num=[200]
search_neighbors=[3000000]
search_second_center_num=[2000]
search_top_cut=[70]
second_cluster_num=[1000]
thread_num=[32]
train_data_file=[./data/bigann/bigann_learn.dim.bvecs]
train_data_num=[100000000]
use_cache=[0]
use_uint8_data=[1]
Eigen version: 3.4.0
Vectorization is enabled.
SSE vectorization is enabled.
AVX vectorization is enabled.
Parallelization is enabled.
OpenMP support is enabled.
Debugging is enabled.
Unrolling limit is set to 110.
Max static align bytes is set to 64.
MKL support is not enabled.
SIMD instruction sets in use: AVX512, FMA, AVX2, AVX, SSE, SSE2, SSE3, SSSE3, SSE4.1, SSE4.2
load_index  begin
0
51885062
103000160
154986000
207921743
262018575
314985640
367460871
421515119
477142152
531471410
584568296
639889766
698097506
754837252
811594115
869526000
927030200
983918064
1044081648
1103884009
1160809466
1224151783
1289218781
1350727468
1414611901
1476616271
1539750557
1606578033
1686738753
1753822127
1833360392
1933620739
NOTICE	m_build_index_loss	38742.2
load_index   TimeCost : 111792us
readDimVecs data/bigann/bigann_query.dim.fvecs begin
d = 128  num = 10000
readDimVecs data/bigann/bigann_query.dim.fvecs  TimeCost : 2810us
querys num = 10000 dim=128
groundtruth numVecs=10000 dim=100
WARMUP BEGIN
WARMUP END
run_test_set  begin
run_test_set  search begin TimeCost : 19us
run_test_set  search end TimeCost : 177752518us
avg_time 17775.2 us
0 1564.75
1 4378.56
2 4728.23
3 5894.43
4 73311.3
5 73312.1
6 57.4105
7 222.128
8 36377.8
9 38435.4
10 55455
11 65623
12 66295.7
13 0
14 347148
15 1077.82
run_test_set   TimeCost : 177753187us
1-recall@1 = 98.529999 tot=10000
+ ./bin/run_test_set conf/bigann1b_vec.conf data/bigann/bigann_query.dim.fvecs data/bigann/bigann_query_base_gt100.dim.ivecs 1 1 1 200 4500 0 0 0 1
Conf:
batch_size=[128]
build_index_num=[1000000000]
build_index_search_first_center_num=[200]
build_search_first_center_id_diff=[10]
build_search_topk=[5]
cache_capacity=[50000000]
cache_segment=[0]
dim=[128]
dynamic_prune_a=[603.9]
dynamic_prune_b=[-264.9]
dynamic_prune_c=[77.8]
dynamic_prune_switch=[1]
first_cluster_num=[25000]
hierachical_cluster_epoch=[5]
hs_mode=[0]
index_data_file=[./data/bigann/bigann_base.dim.bvecs]
index_dir=[./output/bigann_index1b_bvec2]
index_file_num=[32]
io_thread_num=[0]
is_async_read=[0]
is_disk=[1]
kmeans_centers_select_type=[3]
kmeans_epoch=[10]
kmeans_sample_rete=[0.2]
model_file=[./output/bigann_model1b_bvec2]
read_file_batch_size=[128]
read_index_file_thread_num=[4]
search_block_num=[30000]
search_first_center_num=[200]
search_neighbors=[3000000]
search_second_center_num=[2000]
search_top_cut=[70]
second_cluster_num=[1000]
thread_num=[32]
train_data_file=[./data/bigann/bigann_learn.dim.bvecs]
train_data_num=[100000000]
use_cache=[0]
use_uint8_data=[1]
Eigen version: 3.4.0
Vectorization is enabled.
SSE vectorization is enabled.
AVX vectorization is enabled.
Parallelization is enabled.
OpenMP support is enabled.
Debugging is enabled.
Unrolling limit is set to 110.
Max static align bytes is set to 64.
MKL support is not enabled.
SIMD instruction sets in use: AVX512, FMA, AVX2, AVX, SSE, SSE2, SSE3, SSSE3, SSE4.1, SSE4.2
load_index  begin
0
51885062
103000160
154986000
207921743
262018575
314985640
367460871
421515119
477142152
531471410
584568296
639889766
698097506
754837252
811594115
869526000
927030200
983918064
1044081648
1103884009
1160809466
1224151783
1289218781
1350727468
1414611901
1476616271
1539750557
1606578033
1686738753
1753822127
1833360392
1933620739
NOTICE	m_build_index_loss	38742.2
load_index   TimeCost : 111403us
readDimVecs data/bigann/bigann_query.dim.fvecs begin
d = 128  num = 10000
readDimVecs data/bigann/bigann_query.dim.fvecs  TimeCost : 2782us
querys num = 10000 dim=128
groundtruth numVecs=10000 dim=100
WARMUP BEGIN
WARMUP END
run_test_set  begin
run_test_set  search begin TimeCost : 47us
run_test_set  search end TimeCost : 289173193us
avg_time 28917.3 us
0 1532.93
1 4224.05
2 4645.19
3 5958.29
4 171083
5 171106
6 71.1294
7 265.183
8 128036
9 130431
10 151038
11 162996
12 163657
13 0
14 452552
15 1381.77
run_test_set   TimeCost : 289173707us
1-recall@1 = 99.029999 tot=10000
+ ./bin/run_test_set conf/bigann1b_vec.conf data/bigann/bigann_query.dim.fvecs data/bigann/bigann_query_base_gt100.dim.ivecs 1 1 1 200 5000 0 0 0 1
Conf:
batch_size=[128]
build_index_num=[1000000000]
build_index_search_first_center_num=[200]
build_search_first_center_id_diff=[10]
build_search_topk=[5]
cache_capacity=[50000000]
cache_segment=[0]
dim=[128]
dynamic_prune_a=[603.9]
dynamic_prune_b=[-264.9]
dynamic_prune_c=[77.8]
dynamic_prune_switch=[1]
first_cluster_num=[25000]
hierachical_cluster_epoch=[5]
hs_mode=[0]
index_data_file=[./data/bigann/bigann_base.dim.bvecs]
index_dir=[./output/bigann_index1b_bvec2]
index_file_num=[32]
io_thread_num=[0]
is_async_read=[0]
is_disk=[1]
kmeans_centers_select_type=[3]
kmeans_epoch=[10]
kmeans_sample_rete=[0.2]
model_file=[./output/bigann_model1b_bvec2]
read_file_batch_size=[128]
read_index_file_thread_num=[4]
search_block_num=[30000]
search_first_center_num=[200]
search_neighbors=[3000000]
search_second_center_num=[2000]
search_top_cut=[70]
second_cluster_num=[1000]
thread_num=[32]
train_data_file=[./data/bigann/bigann_learn.dim.bvecs]
train_data_num=[100000000]
use_cache=[0]
use_uint8_data=[1]
Eigen version: 3.4.0
Vectorization is enabled.
SSE vectorization is enabled.
AVX vectorization is enabled.
Parallelization is enabled.
OpenMP support is enabled.
Debugging is enabled.
Unrolling limit is set to 110.
Max static align bytes is set to 64.
MKL support is not enabled.
SIMD instruction sets in use: AVX512, FMA, AVX2, AVX, SSE, SSE2, SSE3, SSSE3, SSE4.1, SSE4.2
load_index  begin
0
51885062
103000160
154986000
207921743
262018575
314985640
367460871
421515119
477142152
531471410
584568296
639889766
698097506
754837252
811594115
869526000
927030200
983918064
1044081648
1103884009
1160809466
1224151783
1289218781
1350727468
1414611901
1476616271
1539750557
1606578033
1686738753
1753822127
1833360392
1933620739
NOTICE	m_build_index_loss	38742.2
load_index   TimeCost : 110619us
readDimVecs data/bigann/bigann_query.dim.fvecs begin
d = 128  num = 10000
readDimVecs data/bigann/bigann_query.dim.fvecs  TimeCost : 2772us
querys num = 10000 dim=128
groundtruth numVecs=10000 dim=100
WARMUP BEGIN
WARMUP END
run_test_set  begin
run_test_set  search begin TimeCost : 558us
