+ ./bin/run_test_set conf/bigann1b_vec.conf data/bigann/bigann_query.dim.fvecs data/bigann/bigann_query_base_gt100.dim.ivecs 1 1 1 200 200 0 0 0 1
Conf:
batch_size=[128]
build_index_num=[1000000000]
build_index_search_first_center_num=[200]
build_search_first_center_id_diff=[10]
build_search_topk=[5]
cache_capacity=[50000000]
cache_segment=[0]
dim=[128]
dynamic_prune_a=[603.9]
dynamic_prune_b=[-264.9]
dynamic_prune_c=[77.8]
dynamic_prune_switch=[1]
first_cluster_num=[25000]
hierachical_cluster_epoch=[5]
hs_mode=[0]
index_data_file=[./data/bigann/bigann_base.dim.bvecs]
index_dir=[./output/bigann_index1b_bvec2]
index_file_num=[32]
io_thread_num=[0]
is_async_read=[0]
is_disk=[1]
kmeans_centers_select_type=[3]
kmeans_epoch=[10]
kmeans_sample_rete=[0.2]
model_file=[./output/bigann_model1b_bvec2]
read_file_batch_size=[128]
read_index_file_thread_num=[4]
search_block_num=[30000]
search_first_center_num=[200]
search_neighbors=[3000000]
search_second_center_num=[2000]
search_top_cut=[70]
second_cluster_num=[1000]
thread_num=[32]
train_data_file=[./data/bigann/bigann_learn.dim.bvecs]
train_data_num=[100000000]
use_cache=[0]
use_uint8_data=[1]
Eigen version: 3.4.0
Vectorization is enabled.
SSE vectorization is enabled.
AVX vectorization is enabled.
Parallelization is enabled.
OpenMP support is enabled.
Debugging is enabled.
Unrolling limit is set to 110.
Max static align bytes is set to 64.
MKL support is not enabled.
SIMD instruction sets in use: AVX512, FMA, AVX2, AVX, SSE, SSE2, SSE3, SSSE3, SSE4.1, SSE4.2
load_index  begin
0
51885062
103000160
154986000
207921743
262018575
314985640
367460871
421515119
477142152
531471410
584568296
639889766
698097506
754837252
811594115
869526000
927030200
983918064
1044081648
1103884009
1160809466
1224151783
1289218781
1350727468
1414611901
1476616271
1539750557
1606578033
1686738753
1753822127
1833360392
1933620739
NOTICE	m_build_index_loss	38742.2
load_index   TimeCost : 870250us
readDimVecs data/bigann/bigann_query.dim.fvecs begin
d = 128  num = 10000
readDimVecs data/bigann/bigann_query.dim.fvecs  TimeCost : 18949us
querys num = 10000 dim=128
groundtruth numVecs=10000 dim=100
WARMUP BEGIN
WARMUP END
run_test_set  begin
run_test_set  search begin TimeCost : 47us
run_test_set  search end TimeCost : 120129807us
avg_time 12013 us
0 1163.23
1 3468.37
2 3508.35
3 3591.41
4 379400
5 379400
6 12.0064
7 49.2192
8 370802
9 371106
10 373945
11 375495
12 374806
13 0
14 62637.8
15 247.658
run_test_set   TimeCost : 120130386us
1-recall@1 = 88.589996 tot=10000
+ ./bin/run_test_set conf/bigann1b_vec.conf data/bigann/bigann_query.dim.fvecs data/bigann/bigann_query_base_gt100.dim.ivecs 1 1 1 200 300 0 0 0 1
Conf:
batch_size=[128]
build_index_num=[1000000000]
build_index_search_first_center_num=[200]
build_search_first_center_id_diff=[10]
build_search_topk=[5]
cache_capacity=[50000000]
cache_segment=[0]
dim=[128]
dynamic_prune_a=[603.9]
dynamic_prune_b=[-264.9]
dynamic_prune_c=[77.8]
dynamic_prune_switch=[1]
first_cluster_num=[25000]
hierachical_cluster_epoch=[5]
hs_mode=[0]
index_data_file=[./data/bigann/bigann_base.dim.bvecs]
index_dir=[./output/bigann_index1b_bvec2]
index_file_num=[32]
io_thread_num=[0]
is_async_read=[0]
is_disk=[1]
kmeans_centers_select_type=[3]
kmeans_epoch=[10]
kmeans_sample_rete=[0.2]
model_file=[./output/bigann_model1b_bvec2]
read_file_batch_size=[128]
read_index_file_thread_num=[4]
search_block_num=[30000]
search_first_center_num=[200]
search_neighbors=[3000000]
search_second_center_num=[2000]
search_top_cut=[70]
second_cluster_num=[1000]
thread_num=[32]
train_data_file=[./data/bigann/bigann_learn.dim.bvecs]
train_data_num=[100000000]
use_cache=[0]
use_uint8_data=[1]
Eigen version: 3.4.0
Vectorization is enabled.
SSE vectorization is enabled.
AVX vectorization is enabled.
Parallelization is enabled.
OpenMP support is enabled.
Debugging is enabled.
Unrolling limit is set to 110.
Max static align bytes is set to 64.
MKL support is not enabled.
SIMD instruction sets in use: AVX512, FMA, AVX2, AVX, SSE, SSE2, SSE3, SSSE3, SSE4.1, SSE4.2
load_index  begin
0
51885062
103000160
154986000
207921743
262018575
314985640
367460871
421515119
477142152
531471410
584568296
639889766
698097506
754837252
811594115
869526000
927030200
983918064
1044081648
1103884009
1160809466
1224151783
1289218781
1350727468
1414611901
1476616271
1539750557
1606578033
1686738753
1753822127
1833360392
1933620739
NOTICE	m_build_index_loss	38742.2
load_index   TimeCost : 865751us
readDimVecs data/bigann/bigann_query.dim.fvecs begin
d = 128  num = 10000
readDimVecs data/bigann/bigann_query.dim.fvecs  TimeCost : 13572us
querys num = 10000 dim=128
groundtruth numVecs=10000 dim=100
WARMUP BEGIN
WARMUP END
run_test_set  begin
run_test_set  search begin TimeCost : 18us
run_test_set  search end TimeCost : 56493277us
avg_time 5649.33 us
0 1146.44
1 3461.74
2 3511.08
3 3623.2
4 124644
5 124644
6 16.8443
7 60.6515
8 114821
9 115193
10 118615
11 120643
12 120279
13 0
14 80436.5
15 336.341
run_test_set   TimeCost : 56493849us
1-recall@1 = 91.599998 tot=10000
+ ./bin/run_test_set conf/bigann1b_vec.conf data/bigann/bigann_query.dim.fvecs data/bigann/bigann_query_base_gt100.dim.ivecs 1 1 1 200 500 0 0 0 1
Conf:
batch_size=[128]
build_index_num=[1000000000]
build_index_search_first_center_num=[200]
build_search_first_center_id_diff=[10]
build_search_topk=[5]
cache_capacity=[50000000]
cache_segment=[0]
dim=[128]
dynamic_prune_a=[603.9]
dynamic_prune_b=[-264.9]
dynamic_prune_c=[77.8]
dynamic_prune_switch=[1]
first_cluster_num=[25000]
hierachical_cluster_epoch=[5]
hs_mode=[0]
index_data_file=[./data/bigann/bigann_base.dim.bvecs]
index_dir=[./output/bigann_index1b_bvec2]
index_file_num=[32]
io_thread_num=[0]
is_async_read=[0]
is_disk=[1]
kmeans_centers_select_type=[3]
kmeans_epoch=[10]
kmeans_sample_rete=[0.2]
model_file=[./output/bigann_model1b_bvec2]
read_file_batch_size=[128]
read_index_file_thread_num=[4]
search_block_num=[30000]
search_first_center_num=[200]
search_neighbors=[3000000]
search_second_center_num=[2000]
search_top_cut=[70]
second_cluster_num=[1000]
thread_num=[32]
train_data_file=[./data/bigann/bigann_learn.dim.bvecs]
train_data_num=[100000000]
use_cache=[0]
use_uint8_data=[1]
Eigen version: 3.4.0
Vectorization is enabled.
SSE vectorization is enabled.
AVX vectorization is enabled.
Parallelization is enabled.
OpenMP support is enabled.
Debugging is enabled.
Unrolling limit is set to 110.
Max static align bytes is set to 64.
MKL support is not enabled.
SIMD instruction sets in use: AVX512, FMA, AVX2, AVX, SSE, SSE2, SSE3, SSSE3, SSE4.1, SSE4.2
load_index  begin
0
51885062
103000160
154986000
207921743
262018575
314985640
367460871
421515119
477142152
531471410
584568296
639889766
698097506
754837252
811594115
869526000
927030200
983918064
1044081648
1103884009
1160809466
1224151783
1289218781
1350727468
1414611901
1476616271
1539750557
1606578033
1686738753
1753822127
1833360392
1933620739
NOTICE	m_build_index_loss	38742.2
load_index   TimeCost : 125108us
readDimVecs data/bigann/bigann_query.dim.fvecs begin
d = 128  num = 10000
readDimVecs data/bigann/bigann_query.dim.fvecs  TimeCost : 2850us
querys num = 10000 dim=128
groundtruth numVecs=10000 dim=100
WARMUP BEGIN
WARMUP END
run_test_set  begin
run_test_set  search begin TimeCost : 17us
run_test_set  search end TimeCost : 111340252us
avg_time 11134 us
0 1200.96
1 3547.95
2 3610.3
3 3780.55
4 199988
5 199989
6 21.1251
7 82.4878
8 187602
9 188129
10 192842
11 195656
12 195085
13 0
14 109399
15 478.324
run_test_set   TimeCost : 111340805us
1-recall@1 = 94.269997 tot=10000
+ ./bin/run_test_set conf/bigann1b_vec.conf data/bigann/bigann_query.dim.fvecs data/bigann/bigann_query_base_gt100.dim.ivecs 1 1 1 200 1000 0 0 0 1
Conf:
batch_size=[128]
build_index_num=[1000000000]
build_index_search_first_center_num=[200]
build_search_first_center_id_diff=[10]
build_search_topk=[5]
cache_capacity=[50000000]
cache_segment=[0]
dim=[128]
dynamic_prune_a=[603.9]
dynamic_prune_b=[-264.9]
dynamic_prune_c=[77.8]
dynamic_prune_switch=[1]
first_cluster_num=[25000]
hierachical_cluster_epoch=[5]
hs_mode=[0]
index_data_file=[./data/bigann/bigann_base.dim.bvecs]
index_dir=[./output/bigann_index1b_bvec2]
index_file_num=[32]
io_thread_num=[0]
is_async_read=[0]
is_disk=[1]
kmeans_centers_select_type=[3]
kmeans_epoch=[10]
kmeans_sample_rete=[0.2]
model_file=[./output/bigann_model1b_bvec2]
read_file_batch_size=[128]
read_index_file_thread_num=[4]
search_block_num=[30000]
search_first_center_num=[200]
search_neighbors=[3000000]
search_second_center_num=[2000]
search_top_cut=[70]
second_cluster_num=[1000]
thread_num=[32]
train_data_file=[./data/bigann/bigann_learn.dim.bvecs]
train_data_num=[100000000]
use_cache=[0]
use_uint8_data=[1]
Eigen version: 3.4.0
Vectorization is enabled.
SSE vectorization is enabled.
AVX vectorization is enabled.
Parallelization is enabled.
OpenMP support is enabled.
Debugging is enabled.
Unrolling limit is set to 110.
Max static align bytes is set to 64.
MKL support is not enabled.
SIMD instruction sets in use: AVX512, FMA, AVX2, AVX, SSE, SSE2, SSE3, SSSE3, SSE4.1, SSE4.2
load_index  begin
0
51885062
103000160
154986000
207921743
262018575
314985640
367460871
421515119
477142152
531471410
584568296
639889766
698097506
754837252
811594115
869526000
927030200
983918064
1044081648
1103884009
1160809466
1224151783
1289218781
1350727468
1414611901
1476616271
1539750557
1606578033
1686738753
1753822127
1833360392
1933620739
NOTICE	m_build_index_loss	38742.2
load_index   TimeCost : 116243us
readDimVecs data/bigann/bigann_query.dim.fvecs begin
d = 128  num = 10000
readDimVecs data/bigann/bigann_query.dim.fvecs  TimeCost : 2727us
querys num = 10000 dim=128
groundtruth numVecs=10000 dim=100
WARMUP BEGIN
WARMUP END
run_test_set  begin
run_test_set  search begin TimeCost : 24us
run_test_set  search end TimeCost : 395873442us
avg_time 39587.3 us
0 1231.89
1 3608.37
2 3702.35
3 4001.01
4 408127
5 408128
6 34.2728
7 124.816
8 391673
9 392393
10 399300
11 403317
12 402174
13 0
14 159971
15 684.398
run_test_set   TimeCost : 395873961us
1-recall@1 = 96.389999 tot=10000
+ ./bin/run_test_set conf/bigann1b_vec.conf data/bigann/bigann_query.dim.fvecs data/bigann/bigann_query_base_gt100.dim.ivecs 1 1 1 200 1500 0 0 0 1
Conf:
batch_size=[128]
build_index_num=[1000000000]
build_index_search_first_center_num=[200]
build_search_first_center_id_diff=[10]
build_search_topk=[5]
cache_capacity=[50000000]
cache_segment=[0]
dim=[128]
dynamic_prune_a=[603.9]
dynamic_prune_b=[-264.9]
dynamic_prune_c=[77.8]
dynamic_prune_switch=[1]
first_cluster_num=[25000]
hierachical_cluster_epoch=[5]
hs_mode=[0]
index_data_file=[./data/bigann/bigann_base.dim.bvecs]
index_dir=[./output/bigann_index1b_bvec2]
index_file_num=[32]
io_thread_num=[0]
is_async_read=[0]
is_disk=[1]
kmeans_centers_select_type=[3]
kmeans_epoch=[10]
kmeans_sample_rete=[0.2]
model_file=[./output/bigann_model1b_bvec2]
read_file_batch_size=[128]
read_index_file_thread_num=[4]
search_block_num=[30000]
search_first_center_num=[200]
search_neighbors=[3000000]
search_second_center_num=[2000]
search_top_cut=[70]
second_cluster_num=[1000]
thread_num=[32]
train_data_file=[./data/bigann/bigann_learn.dim.bvecs]
train_data_num=[100000000]
use_cache=[0]
use_uint8_data=[1]
Eigen version: 3.4.0
Vectorization is enabled.
SSE vectorization is enabled.
AVX vectorization is enabled.
Parallelization is enabled.
OpenMP support is enabled.
Debugging is enabled.
Unrolling limit is set to 110.
Max static align bytes is set to 64.
MKL support is not enabled.
SIMD instruction sets in use: AVX512, FMA, AVX2, AVX, SSE, SSE2, SSE3, SSSE3, SSE4.1, SSE4.2
load_index  begin
0
51885062
103000160
154986000
207921743
262018575
314985640
367460871
421515119
477142152
531471410
584568296
639889766
698097506
754837252
811594115
869526000
927030200
983918064
1044081648
1103884009
1160809466
1224151783
1289218781
1350727468
1414611901
1476616271
1539750557
1606578033
1686738753
1753822127
1833360392
1933620739
NOTICE	m_build_index_loss	38742.2
load_index   TimeCost : 182721us
readDimVecs data/bigann/bigann_query.dim.fvecs begin
d = 128  num = 10000
readDimVecs data/bigann/bigann_query.dim.fvecs  TimeCost : 2802us
querys num = 10000 dim=128
groundtruth numVecs=10000 dim=100
WARMUP BEGIN
WARMUP END
run_test_set  begin
run_test_set  search begin TimeCost : 54us
run_test_set  search end TimeCost : 293293607us
avg_time 29329.4 us
0 1247.22
1 3696.6
2 3826.31
3 4250.13
4 205647
5 205648
6 34.4285
7 135.49
8 186148
9 187074
10 195498
11 200456
12 199446
13 0
14 193739
15 754.229
run_test_set   TimeCost : 293294397us
1-recall@1 = 97.080002 tot=10000
+ ./bin/run_test_set conf/bigann1b_vec.conf data/bigann/bigann_query.dim.fvecs data/bigann/bigann_query_base_gt100.dim.ivecs 1 1 1 200 2000 0 0 0 1
Conf:
batch_size=[128]
build_index_num=[1000000000]
build_index_search_first_center_num=[200]
build_search_first_center_id_diff=[10]
build_search_topk=[5]
cache_capacity=[50000000]
cache_segment=[0]
dim=[128]
dynamic_prune_a=[603.9]
dynamic_prune_b=[-264.9]
dynamic_prune_c=[77.8]
dynamic_prune_switch=[1]
first_cluster_num=[25000]
hierachical_cluster_epoch=[5]
hs_mode=[0]
index_data_file=[./data/bigann/bigann_base.dim.bvecs]
index_dir=[./output/bigann_index1b_bvec2]
index_file_num=[32]
io_thread_num=[0]
is_async_read=[0]
is_disk=[1]
kmeans_centers_select_type=[3]
kmeans_epoch=[10]
kmeans_sample_rete=[0.2]
model_file=[./output/bigann_model1b_bvec2]
read_file_batch_size=[128]
read_index_file_thread_num=[4]
search_block_num=[30000]
search_first_center_num=[200]
search_neighbors=[3000000]
search_second_center_num=[2000]
search_top_cut=[70]
second_cluster_num=[1000]
thread_num=[32]
train_data_file=[./data/bigann/bigann_learn.dim.bvecs]
train_data_num=[100000000]
use_cache=[0]
use_uint8_data=[1]
Eigen version: 3.4.0
Vectorization is enabled.
SSE vectorization is enabled.
AVX vectorization is enabled.
Parallelization is enabled.
OpenMP support is enabled.
Debugging is enabled.
Unrolling limit is set to 110.
Max static align bytes is set to 64.
MKL support is not enabled.
SIMD instruction sets in use: AVX512, FMA, AVX2, AVX, SSE, SSE2, SSE3, SSSE3, SSE4.1, SSE4.2
load_index  begin
0
51885062
103000160
154986000
207921743
262018575
314985640
367460871
421515119
477142152
531471410
584568296
639889766
698097506
754837252
811594115
869526000
927030200
983918064
1044081648
1103884009
1160809466
1224151783
1289218781
1350727468
1414611901
1476616271
1539750557
1606578033
1686738753
1753822127
1833360392
1933620739
NOTICE	m_build_index_loss	38742.2
load_index   TimeCost : 117598us
readDimVecs data/bigann/bigann_query.dim.fvecs begin
d = 128  num = 10000
readDimVecs data/bigann/bigann_query.dim.fvecs  TimeCost : 2724us
querys num = 10000 dim=128
groundtruth numVecs=10000 dim=100
WARMUP BEGIN
WARMUP END
run_test_set  begin
run_test_set  search begin TimeCost : 47us
run_test_set  search end TimeCost : 884243666us
avg_time 88424.4 us
0 1301.28
1 3781.5
2 3937.58
3 4494.79
4 350376
5 350377
6 42.9243
7 151.838
8 328370
9 329473
10 339271
11 344787
12 343650
13 0
14 220304
15 771.209
run_test_set   TimeCost : 884244547us
1-recall@1 = 97.360001 tot=10000
+ ./bin/run_test_set conf/bigann1b_vec.conf data/bigann/bigann_query.dim.fvecs data/bigann/bigann_query_base_gt100.dim.ivecs 1 1 1 200 2500 0 0 0 1
Conf:
batch_size=[128]
build_index_num=[1000000000]
build_index_search_first_center_num=[200]
build_search_first_center_id_diff=[10]
build_search_topk=[5]
cache_capacity=[50000000]
cache_segment=[0]
dim=[128]
dynamic_prune_a=[603.9]
dynamic_prune_b=[-264.9]
dynamic_prune_c=[77.8]
dynamic_prune_switch=[1]
first_cluster_num=[25000]
hierachical_cluster_epoch=[5]
hs_mode=[0]
index_data_file=[./data/bigann/bigann_base.dim.bvecs]
index_dir=[./output/bigann_index1b_bvec2]
index_file_num=[32]
io_thread_num=[0]
is_async_read=[0]
is_disk=[1]
kmeans_centers_select_type=[3]
kmeans_epoch=[10]
kmeans_sample_rete=[0.2]
model_file=[./output/bigann_model1b_bvec2]
read_file_batch_size=[128]
read_index_file_thread_num=[4]
search_block_num=[30000]
search_first_center_num=[200]
search_neighbors=[3000000]
search_second_center_num=[2000]
search_top_cut=[70]
second_cluster_num=[1000]
thread_num=[32]
train_data_file=[./data/bigann/bigann_learn.dim.bvecs]
train_data_num=[100000000]
use_cache=[0]
use_uint8_data=[1]
Eigen version: 3.4.0
Vectorization is enabled.
SSE vectorization is enabled.
AVX vectorization is enabled.
Parallelization is enabled.
OpenMP support is enabled.
Debugging is enabled.
Unrolling limit is set to 110.
Max static align bytes is set to 64.
MKL support is not enabled.
SIMD instruction sets in use: AVX512, FMA, AVX2, AVX, SSE, SSE2, SSE3, SSSE3, SSE4.1, SSE4.2
load_index  begin
0
51885062
103000160
154986000
207921743
262018575
314985640
367460871
421515119
477142152
531471410
584568296
639889766
698097506
754837252
811594115
869526000
927030200
983918064
1044081648
1103884009
1160809466
1224151783
1289218781
1350727468
1414611901
1476616271
1539750557
1606578033
1686738753
1753822127
1833360392
1933620739
NOTICE	m_build_index_loss	38742.2
load_index   TimeCost : 873668us
readDimVecs data/bigann/bigann_query.dim.fvecs begin
d = 128  num = 10000
readDimVecs data/bigann/bigann_query.dim.fvecs  TimeCost : 14849us
querys num = 10000 dim=128
groundtruth numVecs=10000 dim=100
WARMUP BEGIN
WARMUP END
run_test_set  begin
run_test_set  search begin TimeCost : 17us
run_test_set  search end TimeCost : 286007912us
avg_time 28600.8 us
0 1280.03
1 3754.69
2 3953.69
3 4631.41
4 240596
5 240596
6 40.9531
7 150.208
8 217331
9 218514
10 228922
11 234894
12 233907
13 0
14 243679
15 774.541
run_test_set   TimeCost : 286008510us
1-recall@1 = 97.550003 tot=10000
+ ./bin/run_test_set conf/bigann1b_vec.conf data/bigann/bigann_query.dim.fvecs data/bigann/bigann_query_base_gt100.dim.ivecs 1 1 1 200 3000 0 0 0 1
Conf:
batch_size=[128]
build_index_num=[1000000000]
build_index_search_first_center_num=[200]
build_search_first_center_id_diff=[10]
build_search_topk=[5]
cache_capacity=[50000000]
cache_segment=[0]
dim=[128]
dynamic_prune_a=[603.9]
dynamic_prune_b=[-264.9]
dynamic_prune_c=[77.8]
dynamic_prune_switch=[1]
first_cluster_num=[25000]
hierachical_cluster_epoch=[5]
hs_mode=[0]
index_data_file=[./data/bigann/bigann_base.dim.bvecs]
index_dir=[./output/bigann_index1b_bvec2]
index_file_num=[32]
io_thread_num=[0]
is_async_read=[0]
is_disk=[1]
kmeans_centers_select_type=[3]
kmeans_epoch=[10]
kmeans_sample_rete=[0.2]
model_file=[./output/bigann_model1b_bvec2]
read_file_batch_size=[128]
read_index_file_thread_num=[4]
search_block_num=[30000]
search_first_center_num=[200]
search_neighbors=[3000000]
search_second_center_num=[2000]
search_top_cut=[70]
second_cluster_num=[1000]
thread_num=[32]
train_data_file=[./data/bigann/bigann_learn.dim.bvecs]
train_data_num=[100000000]
use_cache=[0]
use_uint8_data=[1]
Eigen version: 3.4.0
Vectorization is enabled.
SSE vectorization is enabled.
AVX vectorization is enabled.
Parallelization is enabled.
OpenMP support is enabled.
Debugging is enabled.
Unrolling limit is set to 110.
Max static align bytes is set to 64.
MKL support is not enabled.
SIMD instruction sets in use: AVX512, FMA, AVX2, AVX, SSE, SSE2, SSE3, SSSE3, SSE4.1, SSE4.2
load_index  begin
0
51885062
103000160
154986000
207921743
262018575
314985640
367460871
421515119
477142152
531471410
584568296
639889766
698097506
754837252
811594115
869526000
927030200
983918064
1044081648
1103884009
1160809466
1224151783
1289218781
1350727468
1414611901
1476616271
1539750557
1606578033
1686738753
1753822127
1833360392
1933620739
NOTICE	m_build_index_loss	38742.2
load_index   TimeCost : 781467us
readDimVecs data/bigann/bigann_query.dim.fvecs begin
d = 128  num = 10000
readDimVecs data/bigann/bigann_query.dim.fvecs  TimeCost : 16602us
querys num = 10000 dim=128
groundtruth numVecs=10000 dim=100
WARMUP BEGIN
WARMUP END
run_test_set  begin
run_test_set  search begin TimeCost : 20us
run_test_set  search end TimeCost : 435074273us
avg_time 43507.4 us
0 1364.92
1 3801.16
2 4015.68
3 4813.88
4 1.12812e+06
5 1.12812e+06
6 46.2374
7 180.499
8 1.10097e+06
9 1.10235e+06
10 1.1149e+06
11 1.12193e+06
12 1.12026e+06
13 0
14 294990
15 926.436
run_test_set   TimeCost : 435075019us
1-recall@1 = 98.059998 tot=10000
+ ./bin/run_test_set conf/bigann1b_vec.conf data/bigann/bigann_query.dim.fvecs data/bigann/bigann_query_base_gt100.dim.ivecs 1 1 1 200 3500 0 0 0 1
Conf:
batch_size=[128]
build_index_num=[1000000000]
build_index_search_first_center_num=[200]
build_search_first_center_id_diff=[10]
build_search_topk=[5]
cache_capacity=[50000000]
cache_segment=[0]
dim=[128]
dynamic_prune_a=[603.9]
dynamic_prune_b=[-264.9]
dynamic_prune_c=[77.8]
dynamic_prune_switch=[1]
first_cluster_num=[25000]
hierachical_cluster_epoch=[5]
hs_mode=[0]
index_data_file=[./data/bigann/bigann_base.dim.bvecs]
index_dir=[./output/bigann_index1b_bvec2]
index_file_num=[32]
io_thread_num=[0]
is_async_read=[0]
is_disk=[1]
kmeans_centers_select_type=[3]
kmeans_epoch=[10]
kmeans_sample_rete=[0.2]
model_file=[./output/bigann_model1b_bvec2]
read_file_batch_size=[128]
read_index_file_thread_num=[4]
search_block_num=[30000]
search_first_center_num=[200]
search_neighbors=[3000000]
search_second_center_num=[2000]
search_top_cut=[70]
second_cluster_num=[1000]
thread_num=[32]
train_data_file=[./data/bigann/bigann_learn.dim.bvecs]
train_data_num=[100000000]
use_cache=[0]
use_uint8_data=[1]
Eigen version: 3.4.0
Vectorization is enabled.
SSE vectorization is enabled.
AVX vectorization is enabled.
Parallelization is enabled.
OpenMP support is enabled.
Debugging is enabled.
Unrolling limit is set to 110.
Max static align bytes is set to 64.
MKL support is not enabled.
SIMD instruction sets in use: AVX512, FMA, AVX2, AVX, SSE, SSE2, SSE3, SSSE3, SSE4.1, SSE4.2
load_index  begin
0
51885062
103000160
154986000
207921743
262018575
314985640
367460871
421515119
477142152
531471410
584568296
639889766
698097506
754837252
811594115
869526000
927030200
983918064
1044081648
1103884009
1160809466
1224151783
1289218781
1350727468
1414611901
1476616271
1539750557
1606578033
1686738753
1753822127
1833360392
1933620739
NOTICE	m_build_index_loss	38742.2
load_index   TimeCost : 837445us
readDimVecs data/bigann/bigann_query.dim.fvecs begin
d = 128  num = 10000
readDimVecs data/bigann/bigann_query.dim.fvecs  TimeCost : 14738us
querys num = 10000 dim=128
groundtruth numVecs=10000 dim=100
WARMUP BEGIN
WARMUP END
run_test_set  begin
run_test_set  search begin TimeCost : 50us
run_test_set  search end TimeCost : 953254179us
avg_time 95325.4 us
0 1416.2
1 3926.6
2 4181.92
3 5126.67
4 455765
5 455766
6 51.0825
7 204.836
8 424230
9 425878
10 440890
11 449142
12 448244
13 0
14 347148
15 1077.82
run_test_set   TimeCost : 953255093us
1-recall@1 = 98.529999 tot=10000
+ ./bin/run_test_set conf/bigann1b_vec.conf data/bigann/bigann_query.dim.fvecs data/bigann/bigann_query_base_gt100.dim.ivecs 1 1 1 200 4500 0 0 0 1
Conf:
batch_size=[128]
build_index_num=[1000000000]
build_index_search_first_center_num=[200]
build_search_first_center_id_diff=[10]
build_search_topk=[5]
cache_capacity=[50000000]
cache_segment=[0]
dim=[128]
dynamic_prune_a=[603.9]
dynamic_prune_b=[-264.9]
dynamic_prune_c=[77.8]
dynamic_prune_switch=[1]
first_cluster_num=[25000]
hierachical_cluster_epoch=[5]
hs_mode=[0]
index_data_file=[./data/bigann/bigann_base.dim.bvecs]
index_dir=[./output/bigann_index1b_bvec2]
index_file_num=[32]
io_thread_num=[0]
is_async_read=[0]
is_disk=[1]
kmeans_centers_select_type=[3]
kmeans_epoch=[10]
kmeans_sample_rete=[0.2]
model_file=[./output/bigann_model1b_bvec2]
read_file_batch_size=[128]
read_index_file_thread_num=[4]
search_block_num=[30000]
search_first_center_num=[200]
search_neighbors=[3000000]
search_second_center_num=[2000]
search_top_cut=[70]
second_cluster_num=[1000]
thread_num=[32]
train_data_file=[./data/bigann/bigann_learn.dim.bvecs]
train_data_num=[100000000]
use_cache=[0]
use_uint8_data=[1]
Eigen version: 3.4.0
Vectorization is enabled.
SSE vectorization is enabled.
AVX vectorization is enabled.
Parallelization is enabled.
OpenMP support is enabled.
Debugging is enabled.
Unrolling limit is set to 110.
Max static align bytes is set to 64.
MKL support is not enabled.
SIMD instruction sets in use: AVX512, FMA, AVX2, AVX, SSE, SSE2, SSE3, SSSE3, SSE4.1, SSE4.2
load_index  begin
0
51885062
103000160
154986000
207921743
262018575
314985640
367460871
421515119
477142152
531471410
584568296
639889766
698097506
754837252
811594115
869526000
927030200
983918064
1044081648
1103884009
1160809466
1224151783
1289218781
1350727468
1414611901
1476616271
1539750557
1606578033
1686738753
1753822127
1833360392
1933620739
NOTICE	m_build_index_loss	38742.2
load_index   TimeCost : 855300us
readDimVecs data/bigann/bigann_query.dim.fvecs begin
d = 128  num = 10000
readDimVecs data/bigann/bigann_query.dim.fvecs  TimeCost : 15439us
querys num = 10000 dim=128
groundtruth numVecs=10000 dim=100
WARMUP BEGIN
WARMUP END
run_test_set  begin
run_test_set  search begin TimeCost : 53us
run_test_set  search end TimeCost : 1438475857us
avg_time 143848 us
0 1693.86
1 4222.63
2 4562.69
3 5785.08
4 1.64506e+06
5 1.64507e+06
6 69.0484
7 277.357
8 1.60446e+06
9 1.60652e+06
10 1.62648e+06
11 1.63721e+06
12 1.63614e+06
13 0
14 452552
15 1381.77
run_test_set   TimeCost : 1438477094us
1-recall@1 = 99.029999 tot=10000
+ ./bin/run_test_set conf/bigann1b_vec.conf data/bigann/bigann_query.dim.fvecs data/bigann/bigann_query_base_gt100.dim.ivecs 1 1 1 200 5000 0 0 0 1
Conf:
batch_size=[128]
build_index_num=[1000000000]
build_index_search_first_center_num=[200]
build_search_first_center_id_diff=[10]
build_search_topk=[5]
cache_capacity=[50000000]
cache_segment=[0]
dim=[128]
dynamic_prune_a=[603.9]
dynamic_prune_b=[-264.9]
dynamic_prune_c=[77.8]
dynamic_prune_switch=[1]
first_cluster_num=[25000]
hierachical_cluster_epoch=[5]
hs_mode=[0]
index_data_file=[./data/bigann/bigann_base.dim.bvecs]
index_dir=[./output/bigann_index1b_bvec2]
index_file_num=[32]
io_thread_num=[0]
is_async_read=[0]
is_disk=[1]
kmeans_centers_select_type=[3]
kmeans_epoch=[10]
kmeans_sample_rete=[0.2]
model_file=[./output/bigann_model1b_bvec2]
read_file_batch_size=[128]
read_index_file_thread_num=[4]
search_block_num=[30000]
search_first_center_num=[200]
search_neighbors=[3000000]
search_second_center_num=[2000]
search_top_cut=[70]
second_cluster_num=[1000]
thread_num=[32]
train_data_file=[./data/bigann/bigann_learn.dim.bvecs]
train_data_num=[100000000]
use_cache=[0]
use_uint8_data=[1]
Eigen version: 3.4.0
Vectorization is enabled.
SSE vectorization is enabled.
AVX vectorization is enabled.
Parallelization is enabled.
OpenMP support is enabled.
Debugging is enabled.
Unrolling limit is set to 110.
Max static align bytes is set to 64.
MKL support is not enabled.
SIMD instruction sets in use: AVX512, FMA, AVX2, AVX, SSE, SSE2, SSE3, SSSE3, SSE4.1, SSE4.2
load_index  begin
0
51885062
103000160
154986000
207921743
262018575
314985640
367460871
421515119
477142152
531471410
584568296
639889766
698097506
754837252
811594115
869526000
927030200
983918064
1044081648
1103884009
1160809466
1224151783
1289218781
1350727468
1414611901
1476616271
1539750557
1606578033
1686738753
1753822127
1833360392
1933620739
NOTICE	m_build_index_loss	38742.2
load_index   TimeCost : 842833us
readDimVecs data/bigann/bigann_query.dim.fvecs begin
d = 128  num = 10000
readDimVecs data/bigann/bigann_query.dim.fvecs  TimeCost : 15874us
querys num = 10000 dim=128
groundtruth numVecs=10000 dim=100
WARMUP BEGIN
WARMUP END
run_test_set  begin
run_test_set  search begin TimeCost : 19us
run_test_set  search end TimeCost : 1642207070us
avg_time 164221 us
0 1777.54
1 4342.54
2 4710.83
3 6081.79
4 1.75765e+06
5 1.75765e+06
6 78.3778
7 310.749
8 1.71215e+06
9 1.71454e+06
10 1.73706e+06
11 1.74918e+06
12 1.74841e+06
13 0
14 506183
15 1533.5
run_test_set   TimeCost : 1642208696us
1-recall@1 = 99.099998 tot=10000
+ ./bin/run_test_set conf/bigann1b_vec.conf data/bigann/bigann_query.dim.fvecs data/bigann/bigann_query_base_gt100.dim.ivecs 1 1 1 200 5500 0 0 0 1
Conf:
batch_size=[128]
build_index_num=[1000000000]
build_index_search_first_center_num=[200]
build_search_first_center_id_diff=[10]
build_search_topk=[5]
cache_capacity=[50000000]
cache_segment=[0]
dim=[128]
dynamic_prune_a=[603.9]
dynamic_prune_b=[-264.9]
dynamic_prune_c=[77.8]
dynamic_prune_switch=[1]
first_cluster_num=[25000]
hierachical_cluster_epoch=[5]
hs_mode=[0]
index_data_file=[./data/bigann/bigann_base.dim.bvecs]
index_dir=[./output/bigann_index1b_bvec2]
index_file_num=[32]
io_thread_num=[0]
is_async_read=[0]
is_disk=[1]
kmeans_centers_select_type=[3]
kmeans_epoch=[10]
kmeans_sample_rete=[0.2]
model_file=[./output/bigann_model1b_bvec2]
read_file_batch_size=[128]
read_index_file_thread_num=[4]
search_block_num=[30000]
search_first_center_num=[200]
search_neighbors=[3000000]
search_second_center_num=[2000]
search_top_cut=[70]
second_cluster_num=[1000]
thread_num=[32]
train_data_file=[./data/bigann/bigann_learn.dim.bvecs]
train_data_num=[100000000]
use_cache=[0]
use_uint8_data=[1]
Eigen version: 3.4.0
Vectorization is enabled.
SSE vectorization is enabled.
AVX vectorization is enabled.
Parallelization is enabled.
OpenMP support is enabled.
Debugging is enabled.
Unrolling limit is set to 110.
Max static align bytes is set to 64.
MKL support is not enabled.
SIMD instruction sets in use: AVX512, FMA, AVX2, AVX, SSE, SSE2, SSE3, SSSE3, SSE4.1, SSE4.2
load_index  begin
0
51885062
103000160
154986000
207921743
262018575
314985640
367460871
421515119
477142152
531471410
584568296
639889766
698097506
754837252
811594115
869526000
927030200
983918064
1044081648
1103884009
1160809466
1224151783
1289218781
1350727468
1414611901
1476616271
1539750557
1606578033
1686738753
1753822127
1833360392
1933620739
NOTICE	m_build_index_loss	38742.2
load_index   TimeCost : 836004us
readDimVecs data/bigann/bigann_query.dim.fvecs begin
d = 128  num = 10000
readDimVecs data/bigann/bigann_query.dim.fvecs  TimeCost : 15819us
querys num = 10000 dim=128
groundtruth numVecs=10000 dim=100
WARMUP BEGIN
WARMUP END
run_test_set  begin
run_test_set  search begin TimeCost : 55us
run_test_set  search end TimeCost : 1696088168us
avg_time 169609 us
0 1607.84
1 4150.25
2 4529.22
3 5984.61
4 1.79327e+06
5 1.79327e+06
6 101.824
7 349.38
8 1.74505e+06
9 1.74766e+06
10 1.77148e+06
11 1.78474e+06
12 1.78429e+06
13 0
14 559886
15 1684.95
run_test_set   TimeCost : 1696089812us
1-recall@1 = 99.160004 tot=10000
+ ./bin/run_test_set conf/bigann1b_vec.conf data/bigann/bigann_query.dim.fvecs data/bigann/bigann_query_base_gt100.dim.ivecs 1 1 1 200 6000 0 0 0 1
Conf:
batch_size=[128]
build_index_num=[1000000000]
build_index_search_first_center_num=[200]
build_search_first_center_id_diff=[10]
build_search_topk=[5]
cache_capacity=[50000000]
cache_segment=[0]
dim=[128]
dynamic_prune_a=[603.9]
dynamic_prune_b=[-264.9]
dynamic_prune_c=[77.8]
dynamic_prune_switch=[1]
first_cluster_num=[25000]
hierachical_cluster_epoch=[5]
hs_mode=[0]
index_data_file=[./data/bigann/bigann_base.dim.bvecs]
index_dir=[./output/bigann_index1b_bvec2]
index_file_num=[32]
io_thread_num=[0]
is_async_read=[0]
is_disk=[1]
kmeans_centers_select_type=[3]
kmeans_epoch=[10]
kmeans_sample_rete=[0.2]
model_file=[./output/bigann_model1b_bvec2]
read_file_batch_size=[128]
read_index_file_thread_num=[4]
search_block_num=[30000]
search_first_center_num=[200]
search_neighbors=[3000000]
search_second_center_num=[2000]
search_top_cut=[70]
second_cluster_num=[1000]
thread_num=[32]
train_data_file=[./data/bigann/bigann_learn.dim.bvecs]
train_data_num=[100000000]
use_cache=[0]
use_uint8_data=[1]
Eigen version: 3.4.0
Vectorization is enabled.
SSE vectorization is enabled.
AVX vectorization is enabled.
Parallelization is enabled.
OpenMP support is enabled.
Debugging is enabled.
Unrolling limit is set to 110.
Max static align bytes is set to 64.
MKL support is not enabled.
SIMD instruction sets in use: AVX512, FMA, AVX2, AVX, SSE, SSE2, SSE3, SSSE3, SSE4.1, SSE4.2
load_index  begin
0
51885062
103000160
154986000
207921743
262018575
314985640
367460871
421515119
477142152
531471410
584568296
639889766
698097506
754837252
811594115
869526000
927030200
983918064
1044081648
1103884009
1160809466
1224151783
1289218781
1350727468
1414611901
1476616271
1539750557
1606578033
1686738753
1753822127
1833360392
1933620739
NOTICE	m_build_index_loss	38742.2
load_index   TimeCost : 846130us
readDimVecs data/bigann/bigann_query.dim.fvecs begin
d = 128  num = 10000
readDimVecs data/bigann/bigann_query.dim.fvecs  TimeCost : 15111us
querys num = 10000 dim=128
groundtruth numVecs=10000 dim=100
WARMUP BEGIN
