Conf:
batch_size=[128]
build_index_num=[-1]
build_index_search_first_center_num=[200]
build_search_first_center_id_diff=[10]
build_search_topk=[1]
cache_capacity=[0]
cache_segment=[0]
dim=[256]
dynamic_prune_a=[165.4]
dynamic_prune_b=[-30.9]
dynamic_prune_c=[2.4]
dynamic_prune_switch=[0]
first_cluster_num=[25000]
hierachical_cluster_epoch=[5]
hs_mode=[0]
index_data_file=[./data/ssnpp/FB_ssnpp_database.dim.bvecs]
index_dir=[./output/ssnpp_index]
index_file_num=[32]
io_thread_num=[0]
is_async_read=[0]
is_disk=[1]
kmeans_centers_select_type=[3]
kmeans_epoch=[20]
kmeans_sample_rete=[0.2]
model_file=[./output/ssnpp_model]
read_file_batch_size=[128]
read_index_file_thread_num=[1]
search_block_num=[20000]
search_first_center_num=[200]
search_neighbors=[1000000]
search_second_center_num=[1000]
search_top_cut=[700]
second_cluster_num=[1000]
thread_num=[32]
train_data_file=[./data/ssnpp/FB_ssnpp_database_learn.dim.bvecs]
train_data_num=[-1]
use_cache=[0]
use_uint8_data=[1]
Eigen version: 3.4.0
Vectorization is enabled.
SSE vectorization is enabled.
AVX vectorization is enabled.
Parallelization is enabled.
OpenMP support is enabled.
Debugging is enabled.
Unrolling limit is set to 110.
Max static align bytes is set to 64.
MKL support is not enabled.
SIMD instruction sets in use: AVX512, FMA, AVX2, AVX, SSE, SSE2, SSE3, SSSE3, SSE4.1, SSE4.2
build_index  begin
build index vecs_num = 1000000000
tcmalloc: large alloc 16000000000 bytes == 0x564be3538000 @  0x564bb1ff96af 0x564bb1f9eb8a 0x564bb1f87b0d 0x7fff4963c6d0
now_offset=0
now_offset=400000
now_offset=800000
now_offset=1200000
now_offset=1600000
now_offset=2000000
now_offset=2400000
now_offset=2800000
now_offset=3200000
now_offset=3600000
now_offset=4000000
now_offset=4400000
now_offset=4800000
now_offset=5200000
now_offset=5600000
now_offset=6000000
now_offset=6400000
now_offset=6800000
now_offset=7200000
now_offset=7600000
now_offset=8000000
now_offset=8400000
now_offset=8800000
now_offset=9200000
now_offset=9600000
now_offset=10000000
now_offset=10400000
now_offset=10800000
now_offset=11200000
now_offset=11600000
now_offset=12000000
now_offset=12400000
now_offset=12800000
now_offset=13200000
now_offset=13600000
now_offset=14000000
now_offset=14400000
now_offset=14800000
now_offset=15200000
now_offset=15600000
now_offset=16000000
now_offset=16400000
now_offset=16800000
now_offset=17200000
now_offset=17600000
now_offset=18000000
now_offset=18400000
now_offset=18800000
now_offset=19200000
now_offset=19600000
now_offset=20000000
now_offset=20400000
now_offset=20800000
now_offset=21200000
now_offset=21600000
now_offset=22000000
now_offset=22400000
now_offset=22800000
now_offset=23200000
now_offset=23600000
now_offset=24000000
now_offset=24400000
now_offset=24800000
now_offset=25200000
now_offset=25600000
now_offset=26000000
now_offset=26400000
now_offset=26800000
now_offset=27200000
now_offset=27600000
now_offset=28000000
now_offset=28400000
now_offset=28800000
now_offset=29200000
now_offset=29600000
now_offset=30000000
now_offset=30400000
now_offset=30800000
now_offset=31200000
now_offset=31600000
now_offset=32000000
now_offset=32400000
now_offset=32800000
now_offset=33200000
now_offset=33600000
now_offset=34000000
now_offset=34400000
now_offset=34800000
now_offset=35200000
now_offset=35600000
now_offset=36000000
now_offset=36400000
now_offset=36800000
now_offset=37200000
now_offset=37600000
now_offset=38000000
now_offset=38400000
now_offset=38800000
now_offset=39200000
now_offset=39600000
now_offset=40000000
now_offset=40400000
now_offset=40800000
now_offset=41200000
now_offset=41600000
now_offset=42000000
now_offset=42400000
now_offset=42800000
now_offset=43200000
now_offset=43600000
now_offset=44000000
now_offset=44400000
now_offset=44800000
now_offset=45200000
now_offset=45600000
now_offset=46000000
now_offset=46400000
now_offset=46800000
now_offset=47200000
now_offset=47600000
now_offset=48000000
now_offset=48400000
now_offset=48800000
now_offset=49200000
now_offset=49600000
now_offset=50000000
now_offset=50400000
now_offset=50800000
now_offset=51200000
now_offset=51600000
now_offset=52000000
now_offset=52400000
now_offset=52800000
now_offset=53200000
now_offset=53600000
now_offset=54000000
now_offset=54400000
now_offset=54800000
now_offset=55200000
now_offset=55600000
now_offset=56000000
now_offset=56400000
now_offset=56800000
now_offset=57200000
now_offset=57600000
now_offset=58000000
now_offset=58400000
now_offset=58800000
now_offset=59200000
now_offset=59600000
now_offset=60000000
now_offset=60400000
now_offset=60800000
now_offset=61200000
now_offset=61600000
now_offset=62000000
now_offset=62400000
now_offset=62800000
now_offset=63200000
now_offset=63600000
now_offset=64000000
now_offset=64400000
now_offset=64800000
now_offset=65200000
now_offset=65600000
now_offset=66000000
now_offset=66400000
now_offset=66800000
now_offset=67200000
now_offset=67600000
now_offset=68000000
now_offset=68400000
now_offset=68800000
now_offset=69200000
now_offset=69600000
now_offset=70000000
now_offset=70400000
now_offset=70800000
now_offset=71200000
now_offset=71600000
now_offset=72000000
now_offset=72400000
now_offset=72800000
now_offset=73200000
now_offset=73600000
now_offset=74000000
now_offset=74400000
now_offset=74800000
now_offset=75200000
now_offset=75600000
now_offset=76000000
now_offset=76400000
now_offset=76800000
now_offset=77200000
now_offset=77600000
now_offset=78000000
now_offset=78400000
now_offset=78800000
now_offset=79200000
now_offset=79600000
now_offset=80000000
now_offset=80400000
now_offset=80800000
now_offset=81200000
now_offset=81600000
now_offset=82000000
now_offset=82400000
now_offset=82800000
now_offset=83200000
now_offset=83600000
now_offset=84000000
now_offset=84400000
now_offset=84800000
now_offset=85200000
now_offset=85600000
now_offset=86000000
now_offset=86400000
now_offset=86800000
now_offset=87200000
now_offset=87600000
now_offset=88000000
now_offset=88400000
now_offset=88800000
now_offset=89200000
now_offset=89600000
now_offset=90000000
now_offset=90400000
now_offset=90800000
now_offset=91200000
now_offset=91600000
now_offset=92000000
now_offset=92400000
now_offset=92800000
now_offset=93200000
now_offset=93600000
now_offset=94000000
now_offset=94400000
now_offset=94800000
now_offset=95200000
now_offset=95600000
now_offset=96000000
now_offset=96400000
now_offset=96800000
now_offset=97200000
now_offset=97600000
now_offset=98000000
now_offset=98400000
now_offset=98800000
now_offset=99200000
now_offset=99600000
now_offset=100000000
now_offset=100400000
now_offset=100800000
now_offset=101200000
now_offset=101600000
now_offset=102000000
now_offset=102400000
now_offset=102800000
now_offset=103200000
now_offset=103600000
now_offset=104000000
now_offset=104400000
now_offset=104800000
now_offset=105200000
now_offset=105600000
now_offset=106000000
now_offset=106400000
now_offset=106800000
now_offset=107200000
now_offset=107600000
now_offset=108000000
now_offset=108400000
now_offset=108800000
now_offset=109200000
now_offset=109600000
now_offset=110000000
now_offset=110400000
now_offset=110800000
now_offset=111200000
now_offset=111600000
now_offset=112000000
now_offset=112400000
now_offset=112800000
now_offset=113200000
now_offset=113600000
now_offset=114000000
now_offset=114400000
now_offset=114800000
now_offset=115200000
now_offset=115600000
now_offset=116000000
now_offset=116400000
now_offset=116800000
now_offset=117200000
now_offset=117600000
now_offset=118000000
now_offset=118400000
now_offset=118800000
now_offset=119200000
now_offset=119600000
now_offset=120000000
now_offset=120400000
now_offset=120800000
now_offset=121200000
now_offset=121600000
now_offset=122000000
now_offset=122400000
now_offset=122800000
now_offset=123200000
now_offset=123600000
now_offset=124000000
now_offset=124400000
now_offset=124800000
now_offset=125200000
now_offset=125600000
now_offset=126000000
now_offset=126400000
now_offset=126800000
now_offset=127200000
now_offset=127600000
now_offset=128000000
now_offset=128400000
now_offset=128800000
now_offset=129200000
now_offset=129600000
now_offset=130000000
now_offset=130400000
now_offset=130800000
now_offset=131200000
now_offset=131600000
now_offset=132000000
now_offset=132400000
now_offset=132800000
now_offset=133200000
now_offset=133600000
now_offset=134000000
now_offset=134400000
now_offset=134800000
now_offset=135200000
now_offset=135600000
now_offset=136000000
now_offset=136400000
now_offset=136800000
now_offset=137200000
now_offset=137600000
now_offset=138000000
now_offset=138400000
now_offset=138800000
now_offset=139200000
now_offset=139600000
now_offset=140000000
now_offset=140400000
now_offset=140800000
now_offset=141200000
now_offset=141600000
now_offset=142000000
now_offset=142400000
now_offset=142800000
now_offset=143200000
now_offset=143600000
now_offset=144000000
now_offset=144400000
now_offset=144800000
now_offset=145200000
now_offset=145600000
now_offset=146000000
now_offset=146400000
now_offset=146800000
now_offset=147200000
now_offset=147600000
now_offset=148000000
now_offset=148400000
now_offset=148800000
now_offset=149200000
now_offset=149600000
now_offset=150000000
now_offset=150400000
now_offset=150800000
now_offset=151200000
now_offset=151600000
now_offset=152000000
now_offset=152400000
now_offset=152800000
now_offset=153200000
now_offset=153600000
now_offset=154000000
now_offset=154400000
now_offset=154800000
now_offset=155200000
now_offset=155600000
now_offset=156000000
now_offset=156400000
now_offset=156800000
now_offset=157200000
now_offset=157600000
now_offset=158000000
now_offset=158400000
now_offset=158800000
now_offset=159200000
now_offset=159600000
now_offset=160000000
now_offset=160400000
now_offset=160800000
now_offset=161200000
now_offset=161600000
now_offset=162000000
now_offset=162400000
now_offset=162800000
now_offset=163200000
now_offset=163600000
now_offset=164000000
now_offset=164400000
now_offset=164800000
now_offset=165200000
now_offset=165600000
now_offset=166000000
now_offset=166400000
now_offset=166800000
now_offset=167200000
now_offset=167600000
now_offset=168000000
now_offset=168400000
now_offset=168800000
now_offset=169200000
now_offset=169600000
now_offset=170000000
now_offset=170400000
now_offset=170800000
now_offset=171200000
now_offset=171600000
now_offset=172000000
now_offset=172400000
now_offset=172800000
now_offset=173200000
now_offset=173600000
now_offset=174000000
now_offset=174400000
now_offset=174800000
now_offset=175200000
now_offset=175600000
now_offset=176000000
now_offset=176400000
now_offset=176800000
now_offset=177200000
now_offset=177600000
now_offset=178000000
now_offset=178400000
now_offset=178800000
now_offset=179200000
now_offset=179600000
now_offset=180000000
now_offset=180400000
now_offset=180800000
now_offset=181200000
now_offset=181600000
now_offset=182000000
now_offset=182400000
now_offset=182800000
now_offset=183200000
now_offset=183600000
now_offset=184000000
now_offset=184400000
now_offset=184800000
now_offset=185200000
now_offset=185600000
now_offset=186000000
now_offset=186400000
now_offset=186800000
now_offset=187200000
now_offset=187600000
now_offset=188000000
now_offset=188400000
now_offset=188800000
now_offset=189200000
now_offset=189600000
now_offset=190000000
now_offset=190400000
now_offset=190800000
now_offset=191200000
now_offset=191600000
now_offset=192000000
now_offset=192400000
now_offset=192800000
now_offset=193200000
now_offset=193600000
now_offset=194000000
now_offset=194400000
now_offset=194800000
now_offset=195200000
now_offset=195600000
now_offset=196000000
now_offset=196400000
now_offset=196800000
now_offset=197200000
now_offset=197600000
now_offset=198000000
now_offset=198400000
now_offset=198800000
now_offset=199200000
now_offset=199600000
now_offset=200000000
now_offset=200400000
now_offset=200800000
now_offset=201200000
now_offset=201600000
now_offset=202000000
now_offset=202400000
now_offset=202800000
now_offset=203200000
now_offset=203600000
now_offset=204000000
now_offset=204400000
now_offset=204800000
now_offset=205200000
now_offset=205600000
now_offset=206000000
now_offset=206400000
now_offset=206800000
now_offset=207200000
now_offset=207600000
now_offset=208000000
now_offset=208400000
now_offset=208800000
now_offset=209200000
now_offset=209600000
now_offset=210000000
now_offset=210400000
now_offset=210800000
now_offset=211200000
now_offset=211600000
now_offset=212000000
now_offset=212400000
now_offset=212800000
now_offset=213200000
now_offset=213600000
now_offset=214000000
now_offset=214400000
now_offset=214800000
now_offset=215200000
now_offset=215600000
now_offset=216000000
now_offset=216400000
now_offset=216800000
now_offset=217200000
now_offset=217600000
now_offset=218000000
now_offset=218400000
now_offset=218800000
now_offset=219200000
now_offset=219600000
now_offset=220000000
now_offset=220400000
now_offset=220800000
now_offset=221200000
now_offset=221600000
now_offset=222000000
now_offset=222400000
now_offset=222800000
now_offset=223200000
now_offset=223600000
now_offset=224000000
now_offset=224400000
now_offset=224800000
now_offset=225200000
now_offset=225600000
now_offset=226000000
now_offset=226400000
now_offset=226800000
now_offset=227200000
now_offset=227600000
now_offset=228000000
now_offset=228400000
now_offset=228800000
now_offset=229200000
now_offset=229600000
now_offset=230000000
now_offset=230400000
now_offset=230800000
now_offset=231200000
now_offset=231600000
now_offset=232000000
now_offset=232400000
now_offset=232800000
now_offset=233200000
now_offset=233600000
now_offset=234000000
now_offset=234400000
now_offset=234800000
now_offset=235200000
now_offset=235600000
now_offset=236000000
now_offset=236400000
now_offset=236800000
now_offset=237200000
now_offset=237600000
now_offset=238000000
now_offset=238400000
now_offset=238800000
now_offset=239200000
now_offset=239600000
now_offset=240000000
now_offset=240400000
now_offset=240800000
now_offset=241200000
now_offset=241600000
now_offset=242000000
now_offset=242400000
now_offset=242800000
now_offset=243200000
now_offset=243600000
now_offset=244000000
now_offset=244400000
now_offset=244800000
now_offset=245200000
now_offset=245600000
now_offset=246000000
now_offset=246400000
now_offset=246800000
now_offset=247200000
now_offset=247600000
now_offset=248000000
now_offset=248400000
now_offset=248800000
now_offset=249200000
now_offset=249600000
now_offset=250000000
now_offset=250400000
now_offset=250800000
now_offset=251200000
now_offset=251600000
now_offset=252000000
now_offset=252400000
now_offset=252800000
now_offset=253200000
now_offset=253600000
now_offset=254000000
now_offset=254400000
now_offset=254800000
now_offset=255200000
now_offset=255600000
now_offset=256000000
now_offset=256400000
now_offset=256800000
now_offset=257200000
now_offset=257600000
now_offset=258000000
now_offset=258400000
now_offset=258800000
now_offset=259200000
now_offset=259600000
now_offset=260000000
now_offset=260400000
now_offset=260800000
now_offset=261200000
now_offset=261600000
now_offset=262000000
now_offset=262400000
now_offset=262800000
now_offset=263200000
now_offset=263600000
now_offset=264000000
now_offset=264400000
now_offset=264800000
now_offset=265200000
now_offset=265600000
now_offset=266000000
now_offset=266400000
now_offset=266800000
now_offset=267200000
now_offset=267600000
now_offset=268000000
now_offset=268400000
now_offset=268800000
now_offset=269200000
now_offset=269600000
now_offset=270000000
now_offset=270400000
now_offset=270800000
now_offset=271200000
now_offset=271600000
now_offset=272000000
now_offset=272400000
now_offset=272800000
now_offset=273200000
now_offset=273600000
now_offset=274000000
now_offset=274400000
now_offset=274800000
now_offset=275200000
now_offset=275600000
now_offset=276000000
now_offset=276400000
now_offset=276800000
now_offset=277200000
now_offset=277600000
now_offset=278000000
now_offset=278400000
now_offset=278800000
now_offset=279200000
now_offset=279600000
now_offset=280000000
now_offset=280400000
now_offset=280800000
now_offset=281200000
now_offset=281600000
now_offset=282000000
now_offset=282400000
now_offset=282800000
now_offset=283200000
now_offset=283600000
now_offset=284000000
now_offset=284400000
now_offset=284800000
now_offset=285200000
now_offset=285600000
now_offset=286000000
now_offset=286400000
now_offset=286800000
now_offset=287200000
now_offset=287600000
now_offset=288000000
now_offset=288400000
now_offset=288800000
now_offset=289200000
now_offset=289600000
now_offset=290000000
now_offset=290400000
now_offset=290800000
now_offset=291200000
now_offset=291600000
now_offset=292000000
now_offset=292400000
now_offset=292800000
now_offset=293200000
now_offset=293600000
now_offset=294000000
now_offset=294400000
now_offset=294800000
now_offset=295200000
now_offset=295600000
now_offset=296000000
now_offset=296400000
now_offset=296800000
now_offset=297200000
now_offset=297600000
now_offset=298000000
now_offset=298400000
now_offset=298800000
now_offset=299200000
now_offset=299600000
now_offset=300000000
now_offset=300400000
now_offset=300800000
now_offset=301200000
now_offset=301600000
now_offset=302000000
now_offset=302400000
now_offset=302800000
now_offset=303200000
now_offset=303600000
now_offset=304000000
now_offset=304400000
now_offset=304800000
now_offset=305200000
now_offset=305600000
now_offset=306000000
now_offset=306400000
now_offset=306800000
now_offset=307200000
now_offset=307600000
now_offset=308000000
now_offset=308400000
now_offset=308800000
now_offset=309200000
now_offset=309600000
now_offset=310000000
now_offset=310400000
now_offset=310800000
now_offset=311200000
now_offset=311600000
now_offset=312000000
now_offset=312400000
now_offset=312800000
now_offset=313200000
now_offset=313600000
now_offset=314000000
now_offset=314400000
now_offset=314800000
now_offset=315200000
now_offset=315600000
now_offset=316000000
now_offset=316400000
now_offset=316800000
now_offset=317200000
now_offset=317600000
now_offset=318000000
now_offset=318400000
now_offset=318800000
now_offset=319200000
now_offset=319600000
now_offset=320000000
now_offset=320400000
now_offset=320800000
now_offset=321200000
now_offset=321600000
now_offset=322000000
now_offset=322400000
now_offset=322800000
now_offset=323200000
now_offset=323600000
now_offset=324000000
now_offset=324400000
now_offset=324800000
now_offset=325200000
now_offset=325600000
now_offset=326000000
now_offset=326400000
now_offset=326800000
now_offset=327200000
now_offset=327600000
now_offset=328000000
now_offset=328400000
now_offset=328800000
now_offset=329200000
now_offset=329600000
now_offset=330000000
now_offset=330400000
now_offset=330800000
now_offset=331200000
now_offset=331600000
now_offset=332000000
now_offset=332400000
now_offset=332800000
now_offset=333200000
now_offset=333600000
now_offset=334000000
now_offset=334400000
now_offset=334800000
now_offset=335200000
now_offset=335600000
now_offset=336000000
now_offset=336400000
now_offset=336800000
now_offset=337200000
now_offset=337600000
now_offset=338000000
now_offset=338400000
now_offset=338800000
now_offset=339200000
now_offset=339600000
now_offset=340000000
now_offset=340400000
now_offset=340800000
now_offset=341200000
now_offset=341600000
now_offset=342000000
now_offset=342400000
now_offset=342800000
now_offset=343200000
now_offset=343600000
now_offset=344000000
now_offset=344400000
now_offset=344800000
now_offset=345200000
now_offset=345600000
now_offset=346000000
now_offset=346400000
now_offset=346800000
now_offset=347200000
now_offset=347600000
now_offset=348000000
now_offset=348400000
now_offset=348800000
now_offset=349200000
now_offset=349600000
now_offset=350000000
now_offset=350400000
now_offset=350800000
now_offset=351200000
now_offset=351600000
now_offset=352000000
now_offset=352400000
now_offset=352800000
now_offset=353200000
now_offset=353600000
now_offset=354000000
now_offset=354400000
now_offset=354800000
now_offset=355200000
now_offset=355600000
now_offset=356000000
now_offset=356400000
now_offset=356800000
now_offset=357200000
now_offset=357600000
now_offset=358000000
now_offset=358400000
now_offset=358800000
now_offset=359200000
now_offset=359600000
now_offset=360000000
now_offset=360400000
now_offset=360800000
now_offset=361200000
now_offset=361600000
now_offset=362000000
now_offset=362400000
now_offset=362800000
now_offset=363200000
now_offset=363600000
now_offset=364000000
now_offset=364400000
now_offset=364800000
now_offset=365200000
now_offset=365600000
now_offset=366000000
now_offset=366400000
now_offset=366800000
now_offset=367200000
now_offset=367600000
now_offset=368000000
now_offset=368400000
now_offset=368800000
now_offset=369200000
now_offset=369600000
now_offset=370000000
now_offset=370400000
now_offset=370800000
now_offset=371200000
now_offset=371600000
now_offset=372000000
now_offset=372400000
now_offset=372800000
now_offset=373200000
now_offset=373600000
now_offset=374000000
now_offset=374400000
now_offset=374800000
now_offset=375200000
now_offset=375600000
now_offset=376000000
now_offset=376400000
now_offset=376800000
now_offset=377200000
now_offset=377600000
now_offset=378000000
now_offset=378400000
now_offset=378800000
now_offset=379200000
now_offset=379600000
now_offset=380000000
now_offset=380400000
now_offset=380800000
now_offset=381200000
now_offset=381600000
now_offset=382000000
now_offset=382400000
now_offset=382800000
now_offset=383200000
now_offset=383600000
now_offset=384000000
now_offset=384400000
now_offset=384800000
now_offset=385200000
now_offset=385600000
now_offset=386000000
now_offset=386400000
now_offset=386800000
now_offset=387200000
now_offset=387600000
now_offset=388000000
now_offset=388400000
now_offset=388800000
now_offset=389200000
now_offset=389600000
now_offset=390000000
now_offset=390400000
now_offset=390800000
now_offset=391200000
now_offset=391600000
now_offset=392000000
now_offset=392400000
now_offset=392800000
now_offset=393200000
now_offset=393600000
now_offset=394000000
now_offset=394400000
now_offset=394800000
now_offset=395200000
now_offset=395600000
now_offset=396000000
now_offset=396400000
now_offset=396800000
now_offset=397200000
now_offset=397600000
now_offset=398000000
now_offset=398400000
now_offset=398800000
now_offset=399200000
now_offset=399600000
now_offset=400000000
now_offset=400400000
now_offset=400800000
now_offset=401200000
now_offset=401600000
now_offset=402000000
now_offset=402400000
now_offset=402800000
now_offset=403200000
now_offset=403600000
now_offset=404000000
now_offset=404400000
now_offset=404800000
now_offset=405200000
now_offset=405600000
now_offset=406000000
now_offset=406400000
now_offset=406800000
now_offset=407200000
now_offset=407600000
now_offset=408000000
now_offset=408400000
now_offset=408800000
now_offset=409200000
now_offset=409600000
now_offset=410000000
now_offset=410400000
now_offset=410800000
now_offset=411200000
now_offset=411600000
now_offset=412000000
now_offset=412400000
now_offset=412800000
now_offset=413200000
now_offset=413600000
now_offset=414000000
now_offset=414400000
now_offset=414800000
now_offset=415200000
now_offset=415600000
now_offset=416000000
now_offset=416400000
now_offset=416800000
now_offset=417200000
now_offset=417600000
now_offset=418000000
now_offset=418400000
now_offset=418800000
now_offset=419200000
now_offset=419600000
now_offset=420000000
now_offset=420400000
now_offset=420800000
now_offset=421200000
now_offset=421600000
now_offset=422000000
now_offset=422400000
now_offset=422800000
now_offset=423200000
now_offset=423600000
now_offset=424000000
now_offset=424400000
now_offset=424800000
now_offset=425200000
now_offset=425600000
now_offset=426000000
now_offset=426400000
now_offset=426800000
now_offset=427200000
now_offset=427600000
now_offset=428000000
now_offset=428400000
now_offset=428800000
now_offset=429200000
now_offset=429600000
now_offset=430000000
now_offset=430400000
now_offset=430800000
now_offset=431200000
now_offset=431600000
now_offset=432000000
now_offset=432400000
now_offset=432800000
now_offset=433200000
now_offset=433600000
now_offset=434000000
now_offset=434400000
now_offset=434800000
now_offset=435200000
now_offset=435600000
now_offset=436000000
now_offset=436400000
now_offset=436800000
now_offset=437200000
now_offset=437600000
now_offset=438000000
now_offset=438400000
now_offset=438800000
now_offset=439200000
now_offset=439600000
now_offset=440000000
now_offset=440400000
now_offset=440800000
now_offset=441200000
now_offset=441600000
now_offset=442000000
now_offset=442400000
now_offset=442800000
now_offset=443200000
now_offset=443600000
now_offset=444000000
now_offset=444400000
now_offset=444800000
now_offset=445200000
now_offset=445600000
now_offset=446000000
now_offset=446400000
now_offset=446800000
now_offset=447200000
now_offset=447600000
now_offset=448000000
now_offset=448400000
now_offset=448800000
now_offset=449200000
now_offset=449600000
now_offset=450000000
now_offset=450400000
now_offset=450800000
now_offset=451200000
now_offset=451600000
now_offset=452000000
now_offset=452400000
now_offset=452800000
now_offset=453200000
now_offset=453600000
now_offset=454000000
now_offset=454400000
now_offset=454800000
now_offset=455200000
now_offset=455600000
now_offset=456000000
now_offset=456400000
now_offset=456800000
now_offset=457200000
now_offset=457600000
now_offset=458000000
now_offset=458400000
now_offset=458800000
now_offset=459200000
now_offset=459600000
now_offset=460000000
now_offset=460400000
now_offset=460800000
now_offset=461200000
now_offset=461600000
now_offset=462000000
now_offset=462400000
now_offset=462800000
now_offset=463200000
now_offset=463600000
now_offset=464000000
now_offset=464400000
now_offset=464800000
now_offset=465200000
now_offset=465600000
now_offset=466000000
now_offset=466400000
now_offset=466800000
now_offset=467200000
now_offset=467600000
now_offset=468000000
now_offset=468400000
now_offset=468800000
now_offset=469200000
now_offset=469600000
now_offset=470000000
now_offset=470400000
now_offset=470800000
now_offset=471200000
now_offset=471600000
now_offset=472000000
now_offset=472400000
now_offset=472800000
now_offset=473200000
now_offset=473600000
now_offset=474000000
now_offset=474400000
now_offset=474800000
now_offset=475200000
now_offset=475600000
now_offset=476000000
now_offset=476400000
now_offset=476800000
now_offset=477200000
now_offset=477600000
now_offset=478000000
now_offset=478400000
now_offset=478800000
now_offset=479200000
now_offset=479600000
now_offset=480000000
now_offset=480400000
now_offset=480800000
now_offset=481200000
now_offset=481600000
now_offset=482000000
now_offset=482400000
now_offset=482800000
now_offset=483200000
now_offset=483600000
now_offset=484000000
now_offset=484400000
now_offset=484800000
now_offset=485200000
now_offset=485600000
now_offset=486000000
now_offset=486400000
now_offset=486800000
now_offset=487200000
now_offset=487600000
now_offset=488000000
now_offset=488400000
now_offset=488800000
now_offset=489200000
now_offset=489600000
now_offset=490000000
now_offset=490400000
now_offset=490800000
now_offset=491200000
now_offset=491600000
now_offset=492000000
now_offset=492400000
now_offset=492800000
now_offset=493200000
now_offset=493600000
now_offset=494000000
now_offset=494400000
now_offset=494800000
now_offset=495200000
now_offset=495600000
now_offset=496000000
now_offset=496400000
now_offset=496800000
now_offset=497200000
now_offset=497600000
now_offset=498000000
now_offset=498400000
now_offset=498800000
now_offset=499200000
now_offset=499600000
now_offset=500000000
now_offset=500400000
now_offset=500800000
now_offset=501200000
now_offset=501600000
now_offset=502000000
now_offset=502400000
now_offset=502800000
now_offset=503200000
now_offset=503600000
now_offset=504000000
now_offset=504400000
now_offset=504800000
now_offset=505200000
now_offset=505600000
now_offset=506000000
now_offset=506400000
now_offset=506800000
now_offset=507200000
now_offset=507600000
now_offset=508000000
now_offset=508400000
now_offset=508800000
now_offset=509200000
now_offset=509600000
now_offset=510000000
now_offset=510400000
now_offset=510800000
now_offset=511200000
now_offset=511600000
now_offset=512000000
now_offset=512400000
now_offset=512800000
now_offset=513200000
now_offset=513600000
now_offset=514000000
now_offset=514400000
now_offset=514800000
now_offset=515200000
now_offset=515600000
now_offset=516000000
now_offset=516400000
now_offset=516800000
now_offset=517200000
now_offset=517600000
now_offset=518000000
now_offset=518400000
now_offset=518800000
now_offset=519200000
now_offset=519600000
now_offset=520000000
now_offset=520400000
now_offset=520800000
now_offset=521200000
now_offset=521600000
now_offset=522000000
now_offset=522400000
now_offset=522800000
now_offset=523200000
now_offset=523600000
now_offset=524000000
now_offset=524400000
now_offset=524800000
now_offset=525200000
now_offset=525600000
now_offset=526000000
now_offset=526400000
now_offset=526800000
now_offset=527200000
now_offset=527600000
now_offset=528000000
now_offset=528400000
now_offset=528800000
now_offset=529200000
now_offset=529600000
now_offset=530000000
now_offset=530400000
now_offset=530800000
now_offset=531200000
now_offset=531600000
now_offset=532000000
now_offset=532400000
now_offset=532800000
now_offset=533200000
now_offset=533600000
now_offset=534000000
now_offset=534400000
now_offset=534800000
now_offset=535200000
now_offset=535600000
now_offset=536000000
now_offset=536400000
now_offset=536800000
now_offset=537200000
now_offset=537600000
now_offset=538000000
now_offset=538400000
now_offset=538800000
now_offset=539200000
now_offset=539600000
now_offset=540000000
now_offset=540400000
now_offset=540800000
now_offset=541200000
now_offset=541600000
now_offset=542000000
now_offset=542400000
now_offset=542800000
now_offset=543200000
now_offset=543600000
now_offset=544000000
now_offset=544400000
now_offset=544800000
now_offset=545200000
now_offset=545600000
now_offset=546000000
now_offset=546400000
now_offset=546800000
now_offset=547200000
now_offset=547600000
now_offset=548000000
now_offset=548400000
now_offset=548800000
now_offset=549200000
now_offset=549600000
now_offset=550000000
now_offset=550400000
now_offset=550800000
now_offset=551200000
now_offset=551600000
now_offset=552000000
now_offset=552400000
now_offset=552800000
now_offset=553200000
now_offset=553600000
now_offset=554000000
now_offset=554400000
now_offset=554800000
now_offset=555200000
now_offset=555600000
now_offset=556000000
now_offset=556400000
now_offset=556800000
now_offset=557200000
now_offset=557600000
now_offset=558000000
now_offset=558400000
now_offset=558800000
now_offset=559200000
now_offset=559600000
now_offset=560000000
now_offset=560400000
now_offset=560800000
now_offset=561200000
now_offset=561600000
now_offset=562000000
now_offset=562400000
now_offset=562800000
now_offset=563200000
now_offset=563600000
now_offset=564000000
now_offset=564400000
now_offset=564800000
now_offset=565200000
now_offset=565600000
now_offset=566000000
now_offset=566400000
now_offset=566800000
now_offset=567200000
now_offset=567600000
now_offset=568000000
now_offset=568400000
now_offset=568800000
now_offset=569200000
now_offset=569600000
now_offset=570000000
now_offset=570400000
now_offset=570800000
now_offset=571200000
now_offset=571600000
now_offset=572000000
now_offset=572400000
now_offset=572800000
now_offset=573200000
now_offset=573600000
now_offset=574000000
now_offset=574400000
now_offset=574800000
now_offset=575200000
now_offset=575600000
now_offset=576000000
now_offset=576400000
now_offset=576800000
now_offset=577200000
now_offset=577600000
now_offset=578000000
now_offset=578400000
now_offset=578800000
now_offset=579200000
now_offset=579600000
now_offset=580000000
now_offset=580400000
now_offset=580800000
now_offset=581200000
now_offset=581600000
now_offset=582000000
now_offset=582400000
now_offset=582800000
now_offset=583200000
now_offset=583600000
now_offset=584000000
now_offset=584400000
now_offset=584800000
now_offset=585200000
now_offset=585600000
now_offset=586000000
now_offset=586400000
now_offset=586800000
now_offset=587200000
now_offset=587600000
now_offset=588000000
now_offset=588400000
now_offset=588800000
now_offset=589200000
now_offset=589600000
now_offset=590000000
now_offset=590400000
now_offset=590800000
now_offset=591200000
now_offset=591600000
now_offset=592000000
now_offset=592400000
now_offset=592800000
now_offset=593200000
now_offset=593600000
now_offset=594000000
now_offset=594400000
now_offset=594800000
now_offset=595200000
now_offset=595600000
now_offset=596000000
now_offset=596400000
now_offset=596800000
now_offset=597200000
now_offset=597600000
now_offset=598000000
now_offset=598400000
now_offset=598800000
now_offset=599200000
now_offset=599600000
now_offset=600000000
now_offset=600400000
now_offset=600800000
now_offset=601200000
now_offset=601600000
now_offset=602000000
now_offset=602400000
now_offset=602800000
now_offset=603200000
now_offset=603600000
now_offset=604000000
now_offset=604400000
now_offset=604800000
now_offset=605200000
now_offset=605600000
now_offset=606000000
now_offset=606400000
now_offset=606800000
now_offset=607200000
now_offset=607600000
now_offset=608000000
now_offset=608400000
now_offset=608800000
now_offset=609200000
now_offset=609600000
now_offset=610000000
now_offset=610400000
now_offset=610800000
now_offset=611200000
now_offset=611600000
now_offset=612000000
now_offset=612400000
now_offset=612800000
now_offset=613200000
now_offset=613600000
now_offset=614000000
now_offset=614400000
now_offset=614800000
now_offset=615200000
now_offset=615600000
now_offset=616000000
now_offset=616400000
now_offset=616800000
now_offset=617200000
now_offset=617600000
now_offset=618000000
now_offset=618400000
now_offset=618800000
now_offset=619200000
now_offset=619600000
now_offset=620000000
now_offset=620400000
now_offset=620800000
now_offset=621200000
now_offset=621600000
now_offset=622000000
now_offset=622400000
now_offset=622800000
now_offset=623200000
now_offset=623600000
now_offset=624000000
now_offset=624400000
now_offset=624800000
now_offset=625200000
now_offset=625600000
now_offset=626000000
now_offset=626400000
now_offset=626800000
now_offset=627200000
now_offset=627600000
now_offset=628000000
now_offset=628400000
now_offset=628800000
now_offset=629200000
now_offset=629600000
now_offset=630000000
now_offset=630400000
now_offset=630800000
now_offset=631200000
now_offset=631600000
now_offset=632000000
now_offset=632400000
now_offset=632800000
now_offset=633200000
now_offset=633600000
now_offset=634000000
now_offset=634400000
now_offset=634800000
now_offset=635200000
now_offset=635600000
now_offset=636000000
now_offset=636400000
now_offset=636800000
now_offset=637200000
now_offset=637600000
now_offset=638000000
now_offset=638400000
now_offset=638800000
now_offset=639200000
now_offset=639600000
now_offset=640000000
now_offset=640400000
now_offset=640800000
now_offset=641200000
now_offset=641600000
now_offset=642000000
now_offset=642400000
now_offset=642800000
now_offset=643200000
now_offset=643600000
now_offset=644000000
now_offset=644400000
now_offset=644800000
now_offset=645200000
now_offset=645600000
now_offset=646000000
now_offset=646400000
now_offset=646800000
now_offset=647200000
now_offset=647600000
now_offset=648000000
now_offset=648400000
now_offset=648800000
now_offset=649200000
now_offset=649600000
now_offset=650000000
now_offset=650400000
now_offset=650800000
now_offset=651200000
now_offset=651600000
now_offset=652000000
now_offset=652400000
now_offset=652800000
now_offset=653200000
now_offset=653600000
now_offset=654000000
now_offset=654400000
now_offset=654800000
now_offset=655200000
now_offset=655600000
now_offset=656000000
now_offset=656400000
now_offset=656800000
now_offset=657200000
now_offset=657600000
now_offset=658000000
now_offset=658400000
now_offset=658800000
now_offset=659200000
now_offset=659600000
now_offset=660000000
now_offset=660400000
now_offset=660800000
now_offset=661200000
now_offset=661600000
now_offset=662000000
now_offset=662400000
now_offset=662800000
now_offset=663200000
now_offset=663600000
now_offset=664000000
now_offset=664400000
now_offset=664800000
now_offset=665200000
now_offset=665600000
now_offset=666000000
now_offset=666400000
now_offset=666800000
now_offset=667200000
now_offset=667600000
now_offset=668000000
now_offset=668400000
now_offset=668800000
now_offset=669200000
now_offset=669600000
now_offset=670000000
now_offset=670400000
now_offset=670800000
now_offset=671200000
now_offset=671600000
now_offset=672000000
now_offset=672400000
now_offset=672800000
now_offset=673200000
now_offset=673600000
now_offset=674000000
now_offset=674400000
now_offset=674800000
now_offset=675200000
now_offset=675600000
now_offset=676000000
now_offset=676400000
now_offset=676800000
now_offset=677200000
now_offset=677600000
now_offset=678000000
now_offset=678400000
now_offset=678800000
now_offset=679200000
now_offset=679600000
now_offset=680000000
now_offset=680400000
now_offset=680800000
now_offset=681200000
now_offset=681600000
now_offset=682000000
now_offset=682400000
now_offset=682800000
now_offset=683200000
now_offset=683600000
now_offset=684000000
now_offset=684400000
now_offset=684800000
now_offset=685200000
now_offset=685600000
now_offset=686000000
now_offset=686400000
now_offset=686800000
now_offset=687200000
now_offset=687600000
now_offset=688000000
now_offset=688400000
now_offset=688800000
now_offset=689200000
now_offset=689600000
now_offset=690000000
now_offset=690400000
now_offset=690800000
now_offset=691200000
now_offset=691600000
now_offset=692000000
now_offset=692400000
now_offset=692800000
now_offset=693200000
now_offset=693600000
now_offset=694000000
now_offset=694400000
now_offset=694800000
now_offset=695200000
now_offset=695600000
now_offset=696000000
now_offset=696400000
now_offset=696800000
now_offset=697200000
now_offset=697600000
now_offset=698000000
now_offset=698400000
now_offset=698800000
now_offset=699200000
now_offset=699600000
now_offset=700000000
now_offset=700400000
now_offset=700800000
now_offset=701200000
now_offset=701600000
now_offset=702000000
now_offset=702400000
now_offset=702800000
now_offset=703200000
now_offset=703600000
now_offset=704000000
now_offset=704400000
now_offset=704800000
now_offset=705200000
now_offset=705600000
now_offset=706000000
now_offset=706400000
now_offset=706800000
now_offset=707200000
now_offset=707600000
now_offset=708000000
now_offset=708400000
now_offset=708800000
now_offset=709200000
now_offset=709600000
now_offset=710000000
now_offset=710400000
now_offset=710800000
now_offset=711200000
now_offset=711600000
now_offset=712000000
now_offset=712400000
now_offset=712800000
now_offset=713200000
now_offset=713600000
now_offset=714000000
now_offset=714400000
now_offset=714800000
now_offset=715200000
now_offset=715600000
now_offset=716000000
now_offset=716400000
now_offset=716800000
now_offset=717200000
now_offset=717600000
now_offset=718000000
now_offset=718400000
now_offset=718800000
now_offset=719200000
now_offset=719600000
now_offset=720000000
now_offset=720400000
now_offset=720800000
now_offset=721200000
now_offset=721600000
now_offset=722000000
now_offset=722400000
now_offset=722800000
now_offset=723200000
now_offset=723600000
now_offset=724000000
now_offset=724400000
now_offset=724800000
now_offset=725200000
now_offset=725600000
now_offset=726000000
now_offset=726400000
now_offset=726800000
now_offset=727200000
now_offset=727600000
now_offset=728000000
now_offset=728400000
now_offset=728800000
now_offset=729200000
now_offset=729600000
now_offset=730000000
now_offset=730400000
now_offset=730800000
now_offset=731200000
now_offset=731600000
now_offset=732000000
now_offset=732400000
now_offset=732800000
now_offset=733200000
now_offset=733600000
now_offset=734000000
now_offset=734400000
now_offset=734800000
now_offset=735200000
now_offset=735600000
now_offset=736000000
now_offset=736400000
now_offset=736800000
now_offset=737200000
now_offset=737600000
now_offset=738000000
now_offset=738400000
now_offset=738800000
now_offset=739200000
now_offset=739600000
now_offset=740000000
now_offset=740400000
now_offset=740800000
now_offset=741200000
now_offset=741600000
now_offset=742000000
now_offset=742400000
now_offset=742800000
now_offset=743200000
now_offset=743600000
now_offset=744000000
now_offset=744400000
now_offset=744800000
now_offset=745200000
now_offset=745600000
now_offset=746000000
now_offset=746400000
now_offset=746800000
now_offset=747200000
now_offset=747600000
now_offset=748000000
now_offset=748400000
now_offset=748800000
now_offset=749200000
now_offset=749600000
now_offset=750000000
now_offset=750400000
now_offset=750800000
now_offset=751200000
now_offset=751600000
now_offset=752000000
now_offset=752400000
now_offset=752800000
now_offset=753200000
now_offset=753600000
now_offset=754000000
now_offset=754400000
now_offset=754800000
now_offset=755200000
now_offset=755600000
now_offset=756000000
now_offset=756400000
now_offset=756800000
now_offset=757200000
now_offset=757600000
now_offset=758000000
now_offset=758400000
now_offset=758800000
now_offset=759200000
now_offset=759600000
now_offset=760000000
now_offset=760400000
now_offset=760800000
now_offset=761200000
now_offset=761600000
now_offset=762000000
now_offset=762400000
now_offset=762800000
now_offset=763200000
now_offset=763600000
now_offset=764000000
now_offset=764400000
now_offset=764800000
now_offset=765200000
now_offset=765600000
now_offset=766000000
now_offset=766400000
now_offset=766800000
now_offset=767200000
now_offset=767600000
now_offset=768000000
now_offset=768400000
now_offset=768800000
now_offset=769200000
now_offset=769600000
now_offset=770000000
now_offset=770400000
now_offset=770800000
now_offset=771200000
now_offset=771600000
now_offset=772000000
now_offset=772400000
now_offset=772800000
now_offset=773200000
now_offset=773600000
now_offset=774000000
now_offset=774400000
now_offset=774800000
now_offset=775200000
now_offset=775600000
now_offset=776000000
now_offset=776400000
now_offset=776800000
now_offset=777200000
now_offset=777600000
now_offset=778000000
now_offset=778400000
now_offset=778800000
now_offset=779200000
now_offset=779600000
now_offset=780000000
now_offset=780400000
now_offset=780800000
now_offset=781200000
now_offset=781600000
now_offset=782000000
now_offset=782400000
now_offset=782800000
now_offset=783200000
now_offset=783600000
now_offset=784000000
now_offset=784400000
now_offset=784800000
now_offset=785200000
now_offset=785600000
now_offset=786000000
now_offset=786400000
now_offset=786800000
now_offset=787200000
now_offset=787600000
now_offset=788000000
now_offset=788400000
now_offset=788800000
now_offset=789200000
now_offset=789600000
now_offset=790000000
now_offset=790400000
now_offset=790800000
now_offset=791200000
now_offset=791600000
now_offset=792000000
now_offset=792400000
now_offset=792800000
now_offset=793200000
now_offset=793600000
now_offset=794000000
now_offset=794400000
now_offset=794800000
now_offset=795200000
now_offset=795600000
now_offset=796000000
now_offset=796400000
now_offset=796800000
now_offset=797200000
now_offset=797600000
now_offset=798000000
now_offset=798400000
now_offset=798800000
now_offset=799200000
now_offset=799600000
now_offset=800000000
now_offset=800400000
now_offset=800800000
now_offset=801200000
now_offset=801600000
now_offset=802000000
now_offset=802400000
now_offset=802800000
now_offset=803200000
now_offset=803600000
now_offset=804000000
now_offset=804400000
now_offset=804800000
now_offset=805200000
now_offset=805600000
now_offset=806000000
now_offset=806400000
now_offset=806800000
now_offset=807200000
now_offset=807600000
now_offset=808000000
now_offset=808400000
now_offset=808800000
now_offset=809200000
now_offset=809600000
now_offset=810000000
now_offset=810400000
now_offset=810800000
now_offset=811200000
now_offset=811600000
now_offset=812000000
now_offset=812400000
now_offset=812800000
now_offset=813200000
now_offset=813600000
now_offset=814000000
now_offset=814400000
now_offset=814800000
now_offset=815200000
now_offset=815600000
now_offset=816000000
now_offset=816400000
now_offset=816800000
now_offset=817200000
now_offset=817600000
now_offset=818000000
now_offset=818400000
now_offset=818800000
now_offset=819200000
now_offset=819600000
now_offset=820000000
now_offset=820400000
now_offset=820800000
now_offset=821200000
now_offset=821600000
now_offset=822000000
now_offset=822400000
now_offset=822800000
now_offset=823200000
now_offset=823600000
now_offset=824000000
now_offset=824400000
now_offset=824800000
now_offset=825200000
now_offset=825600000
now_offset=826000000
now_offset=826400000
now_offset=826800000
now_offset=827200000
now_offset=827600000
now_offset=828000000
now_offset=828400000
now_offset=828800000
now_offset=829200000
now_offset=829600000
now_offset=830000000
now_offset=830400000
now_offset=830800000
now_offset=831200000
now_offset=831600000
now_offset=832000000
now_offset=832400000
now_offset=832800000
now_offset=833200000
now_offset=833600000
now_offset=834000000
now_offset=834400000
now_offset=834800000
now_offset=835200000
now_offset=835600000
now_offset=836000000
now_offset=836400000
now_offset=836800000
now_offset=837200000
now_offset=837600000
now_offset=838000000
now_offset=838400000
now_offset=838800000
now_offset=839200000
now_offset=839600000
now_offset=840000000
now_offset=840400000
now_offset=840800000
now_offset=841200000
now_offset=841600000
now_offset=842000000
now_offset=842400000
now_offset=842800000
now_offset=843200000
now_offset=843600000
now_offset=844000000
now_offset=844400000
now_offset=844800000
now_offset=845200000
now_offset=845600000
now_offset=846000000
now_offset=846400000
now_offset=846800000
now_offset=847200000
now_offset=847600000
now_offset=848000000
now_offset=848400000
now_offset=848800000
now_offset=849200000
now_offset=849600000
now_offset=850000000
now_offset=850400000
now_offset=850800000
now_offset=851200000
now_offset=851600000
now_offset=852000000
now_offset=852400000
now_offset=852800000
now_offset=853200000
now_offset=853600000
now_offset=854000000
now_offset=854400000
now_offset=854800000
now_offset=855200000
now_offset=855600000
now_offset=856000000
now_offset=856400000
now_offset=856800000
now_offset=857200000
now_offset=857600000
now_offset=858000000
now_offset=858400000
now_offset=858800000
now_offset=859200000
now_offset=859600000
now_offset=860000000
now_offset=860400000
now_offset=860800000
now_offset=861200000
now_offset=861600000
now_offset=862000000
now_offset=862400000
now_offset=862800000
now_offset=863200000
now_offset=863600000
now_offset=864000000
now_offset=864400000
now_offset=864800000
now_offset=865200000
now_offset=865600000
now_offset=866000000
now_offset=866400000
now_offset=866800000
now_offset=867200000
now_offset=867600000
now_offset=868000000
now_offset=868400000
now_offset=868800000
now_offset=869200000
now_offset=869600000
now_offset=870000000
now_offset=870400000
now_offset=870800000
now_offset=871200000
now_offset=871600000
now_offset=872000000
now_offset=872400000
now_offset=872800000
now_offset=873200000
now_offset=873600000
now_offset=874000000
now_offset=874400000
now_offset=874800000
now_offset=875200000
now_offset=875600000
now_offset=876000000
now_offset=876400000
now_offset=876800000
now_offset=877200000
now_offset=877600000
now_offset=878000000
now_offset=878400000
now_offset=878800000
now_offset=879200000
now_offset=879600000
now_offset=880000000
now_offset=880400000
now_offset=880800000
now_offset=881200000
now_offset=881600000
now_offset=882000000
now_offset=882400000
now_offset=882800000
now_offset=883200000
now_offset=883600000
now_offset=884000000
now_offset=884400000
now_offset=884800000
now_offset=885200000
now_offset=885600000
now_offset=886000000
now_offset=886400000
now_offset=886800000
now_offset=887200000
now_offset=887600000
now_offset=888000000
now_offset=888400000
now_offset=888800000
now_offset=889200000
now_offset=889600000
now_offset=890000000
now_offset=890400000
now_offset=890800000
now_offset=891200000
now_offset=891600000
now_offset=892000000
now_offset=892400000
now_offset=892800000
now_offset=893200000
now_offset=893600000
now_offset=894000000
now_offset=894400000
now_offset=894800000
now_offset=895200000
now_offset=895600000
now_offset=896000000
now_offset=896400000
now_offset=896800000
now_offset=897200000
now_offset=897600000
now_offset=898000000
now_offset=898400000
now_offset=898800000
now_offset=899200000
now_offset=899600000
now_offset=900000000
now_offset=900400000
now_offset=900800000
now_offset=901200000
now_offset=901600000
now_offset=902000000
now_offset=902400000
now_offset=902800000
now_offset=903200000
now_offset=903600000
now_offset=904000000
now_offset=904400000
now_offset=904800000
now_offset=905200000
now_offset=905600000
now_offset=906000000
now_offset=906400000
now_offset=906800000
now_offset=907200000
now_offset=907600000
now_offset=908000000
now_offset=908400000
now_offset=908800000
now_offset=909200000
now_offset=909600000
now_offset=910000000
now_offset=910400000
now_offset=910800000
now_offset=911200000
now_offset=911600000
now_offset=912000000
now_offset=912400000
now_offset=912800000
now_offset=913200000
now_offset=913600000
now_offset=914000000
now_offset=914400000
now_offset=914800000
now_offset=915200000
now_offset=915600000
now_offset=916000000
now_offset=916400000
now_offset=916800000
now_offset=917200000
now_offset=917600000
now_offset=918000000
now_offset=918400000
now_offset=918800000
now_offset=919200000
now_offset=919600000
now_offset=920000000
now_offset=920400000
now_offset=920800000
now_offset=921200000
now_offset=921600000
now_offset=922000000
now_offset=922400000
now_offset=922800000
now_offset=923200000
now_offset=923600000
now_offset=924000000
now_offset=924400000
now_offset=924800000
now_offset=925200000
now_offset=925600000
now_offset=926000000
now_offset=926400000
now_offset=926800000
now_offset=927200000
now_offset=927600000
now_offset=928000000
now_offset=928400000
now_offset=928800000
now_offset=929200000
now_offset=929600000
now_offset=930000000
now_offset=930400000
now_offset=930800000
now_offset=931200000
now_offset=931600000
now_offset=932000000
now_offset=932400000
now_offset=932800000
now_offset=933200000
now_offset=933600000
now_offset=934000000
now_offset=934400000
now_offset=934800000
now_offset=935200000
now_offset=935600000
now_offset=936000000
now_offset=936400000
now_offset=936800000
now_offset=937200000
now_offset=937600000
now_offset=938000000
now_offset=938400000
now_offset=938800000
now_offset=939200000
now_offset=939600000
now_offset=940000000
now_offset=940400000
now_offset=940800000
now_offset=941200000
now_offset=941600000
now_offset=942000000
now_offset=942400000
now_offset=942800000
now_offset=943200000
now_offset=943600000
now_offset=944000000
now_offset=944400000
now_offset=944800000
now_offset=945200000
now_offset=945600000
now_offset=946000000
now_offset=946400000
now_offset=946800000
now_offset=947200000
now_offset=947600000
now_offset=948000000
now_offset=948400000
now_offset=948800000
now_offset=949200000
now_offset=949600000
now_offset=950000000
now_offset=950400000
now_offset=950800000
now_offset=951200000
now_offset=951600000
now_offset=952000000
now_offset=952400000
now_offset=952800000
now_offset=953200000
now_offset=953600000
now_offset=954000000
now_offset=954400000
now_offset=954800000
now_offset=955200000
now_offset=955600000
now_offset=956000000
now_offset=956400000
now_offset=956800000
now_offset=957200000
now_offset=957600000
now_offset=958000000
now_offset=958400000
now_offset=958800000
now_offset=959200000
now_offset=959600000
now_offset=960000000
now_offset=960400000
now_offset=960800000
now_offset=961200000
now_offset=961600000
now_offset=962000000
now_offset=962400000
now_offset=962800000
now_offset=963200000
now_offset=963600000
now_offset=964000000
now_offset=964400000
now_offset=964800000
now_offset=965200000
now_offset=965600000
now_offset=966000000
now_offset=966400000
now_offset=966800000
now_offset=967200000
now_offset=967600000
now_offset=968000000
now_offset=968400000
now_offset=968800000
now_offset=969200000
now_offset=969600000
now_offset=970000000
now_offset=970400000
now_offset=970800000
now_offset=971200000
now_offset=971600000
now_offset=972000000
now_offset=972400000
now_offset=972800000
now_offset=973200000
now_offset=973600000
now_offset=974000000
now_offset=974400000
now_offset=974800000
now_offset=975200000
now_offset=975600000
now_offset=976000000
now_offset=976400000
now_offset=976800000
now_offset=977200000
now_offset=977600000
now_offset=978000000
now_offset=978400000
now_offset=978800000
now_offset=979200000
now_offset=979600000
now_offset=980000000
now_offset=980400000
now_offset=980800000
now_offset=981200000
now_offset=981600000
now_offset=982000000
now_offset=982400000
now_offset=982800000
now_offset=983200000
now_offset=983600000
now_offset=984000000
now_offset=984400000
now_offset=984800000
now_offset=985200000
now_offset=985600000
now_offset=986000000
now_offset=986400000
now_offset=986800000
now_offset=987200000
now_offset=987600000
now_offset=988000000
now_offset=988400000
now_offset=988800000
now_offset=989200000
now_offset=989600000
now_offset=990000000
now_offset=990400000
now_offset=990800000
now_offset=991200000
now_offset=991600000
now_offset=992000000
now_offset=992400000
now_offset=992800000
now_offset=993200000
now_offset=993600000
now_offset=994000000
now_offset=994400000
now_offset=994800000
now_offset=995200000
now_offset=995600000
now_offset=996000000
now_offset=996400000
now_offset=996800000
now_offset=997200000
now_offset=997600000
now_offset=998000000
now_offset=998400000
now_offset=998800000
now_offset=999200000
now_offset=999600000
build index loss = 108452 features_assign_num = 1000000000
0 498038 5381793 18297888 35283850 54481319 72256878 91878626 112898799 135327104 158137103 183486823 209043283 237146022 265520873 296952386 328513487 360638695 396120275 431634857 469133569 507221490 545541164 585174982 624604878 667148609 710590465 757445520 802943138 850583816 898536005 949673667 1000000000 
rerank_disk_order  begin
tcmalloc: large alloc 1269776384 bytes == 0x564fc9838000 @  0x564bb1ff96af 0x564bb1fa6c33
tcmalloc: large alloc 3358187520 bytes == 0x565074e20000 @  0x564bb1ff96af 0x564bb1fa6c33
tcmalloc: large alloc 3358187520 bytes == 0x56513d0be000 @  0x564bb1ff96af 0x564bb1fa6c33
tcmalloc: large alloc 6716375040 bytes == 0x565205b5c000 @  0x564bb1ff96af 0x564bb1fa6c33
tcmalloc: large alloc 6716375040 bytes == 0x565396898000 @  0x564bb1ff96af 0x564bb1fa6c33
tcmalloc: large alloc 13289365504 bytes == 0x565526dd4000 @  0x564bb1ff96af 0x564bb1fa6c33
tcmalloc: large alloc 13289365504 bytes == 0x56583ff8e000 @  0x564bb1ff96af 0x564bb1fa6c33
tcmalloc: large alloc 24935145472 bytes == 0x565b58948000 @  0x564bb1ff96af 0x564bb1fa6c33
tcmalloc: large alloc 24935145472 bytes == 0x56612854a000 @  0x564bb1ff96af 0x564bb1fa6c33
rebuild loss = 108428
rebuild tot_vec_num = 1000000000
rebuild avg_member_num = 40
rebuild index_max_member_num = 20942
rebuild empty_cells_nums = 24433915
rebuild empty_cells_nums / cell_num = 0.977357
rebuild index_member_loss = 1.95615
rerank_disk_order   TimeCost : 1869557736us
build_index   TimeCost : 73341721970us
save_index  begin
save_index   TimeCost : 264544us
